>>>>>>>>>>>>>>>> [['bool', 'ns3::Ptr<ns3::NetDevice>', 'ns3::Ptr<ns3::Packet const>', 'unsigned short', 'ns3::Address const&', 'ns3::Address const&', 'ns3::NetDevice::PacketType', 'ns3::empty', 'ns3::empty', 'ns3::empty'], ['bool', 'ns3::Ptr<ns3::NetDevice>', 'ns3::Ptr<ns3::Packet const>', 'unsigned short', 'ns3::Address const&', 'ns3::empty', 'ns3::empty', 'ns3::empty', 'ns3::empty', 'ns3::empty'], ['void', 'ns3::Ptr<ns3::Socket>', 'ns3::empty', 'ns3::empty', 'ns3::empty', 'ns3::empty', 'ns3::empty', 'ns3::empty', 'ns3::empty', 'ns3::empty'], ['void', 'ns3::Ptr<ns3::Socket>', 'unsigned int', 'ns3::empty', 'ns3::empty', 'ns3::empty', 'ns3::empty', 'ns3::empty', 'ns3::empty', 'ns3::empty'], ['void', 'ns3::Ptr<ns3::Socket>', 'ns3::Address const&', 'ns3::empty', 'ns3::empty', 'ns3::empty', 'ns3::empty', 'ns3::empty', 'ns3::empty', 'ns3::empty'], ['bool', 'ns3::Ptr<ns3::Socket>', 'ns3::Address const&', 'ns3::empty', 'ns3::empty', 'ns3::empty', 'ns3::empty', 'ns3::empty', 'ns3::empty', 'ns3::empty'], ['void', 'ns3::Ptr<ns3::NetDevice>', 'ns3::Ptr<ns3::Packet const>', 'unsigned short', 'ns3::Address const&', 'ns3::Address const&', 'ns3::NetDevice::PacketType', 'ns3::empty', 'ns3::empty', 'ns3::empty']]
***** registering callback handler: 'ns3::Callback< bool, ns3::Ptr< ns3::NetDevice >, ns3::Ptr< ns3::Packet const >, unsigned short, ns3::Address const &, ns3::Address const &, ns3::NetDevice::PacketType, ns3::empty, ns3::empty, ns3::empty >'
***** registering callback handler: 'ns3::Callback< bool, ns3::Ptr< ns3::NetDevice >, ns3::Ptr< ns3::Packet const >, unsigned short, ns3::Address const &, ns3::empty, ns3::empty, ns3::empty, ns3::empty, ns3::empty >'
***** registering callback handler: 'ns3::Callback< void, ns3::Ptr< ns3::Socket >, ns3::empty, ns3::empty, ns3::empty, ns3::empty, ns3::empty, ns3::empty, ns3::empty, ns3::empty >'
***** registering callback handler: 'ns3::Callback< void, ns3::Ptr< ns3::Socket >, unsigned int, ns3::empty, ns3::empty, ns3::empty, ns3::empty, ns3::empty, ns3::empty, ns3::empty >'
***** registering callback handler: 'ns3::Callback< void, ns3::Ptr< ns3::Socket >, ns3::Address const &, ns3::empty, ns3::empty, ns3::empty, ns3::empty, ns3::empty, ns3::empty, ns3::empty >'
***** registering callback handler: 'ns3::Callback< bool, ns3::Ptr< ns3::Socket >, ns3::Address const &, ns3::empty, ns3::empty, ns3::empty, ns3::empty, ns3::empty, ns3::empty, ns3::empty >'
***** registering callback handler: 'ns3::Callback< void, ns3::Ptr< ns3::NetDevice >, ns3::Ptr< ns3::Packet const >, unsigned short, ns3::Address const &, ns3::Address const &, ns3::NetDevice::PacketType, ns3::empty, ns3::empty, ns3::empty >'
/home/omri/Programs/ns-3/workspace/ns-allinone-3.14.1/ns-3.14.1/src/network/bindings/modulegen__gcc_LP64.py:625: Warning: exception TypeConfigurationError('direction not given',) in wrapper <pybindgen.cppmethod.CppConstructor object at 0x7fec838b17d0>
  cls.add_constructor([param('uint8_t', 'type'), param('uint8_t const *', 'buffer'), param('uint8_t', 'len')])
/home/omri/Programs/ns-3/workspace/ns-allinone-3.14.1/ns-3.14.1/src/network/bindings/modulegen__gcc_LP64.py:636: Warning: exception TypeConfigurationError('direction not given',) in wrapper public: retval? ???::CopyAllFrom (params?);
  [param('uint8_t const *', 'buffer'), param('uint8_t', 'len')])
/home/omri/Programs/ns-3/workspace/ns-allinone-3.14.1/ns-3.14.1/src/network/bindings/modulegen__gcc_LP64.py:641: Warning: exception TypeConfigurationError('direction not given',) in wrapper public: retval? ???::CopyAllTo (params?) const;
  is_const=True)
/home/omri/Programs/ns-3/workspace/ns-allinone-3.14.1/ns-3.14.1/src/network/bindings/modulegen__gcc_LP64.py:645: Warning: exception TypeConfigurationError('direction not given',) in wrapper public: retval? ???::CopyFrom (params?);
  [param('uint8_t const *', 'buffer'), param('uint8_t', 'len')])
/home/omri/Programs/ns-3/workspace/ns-allinone-3.14.1/ns-3.14.1/src/network/bindings/modulegen__gcc_LP64.py:650: Warning: exception TypeConfigurationError('direction not given',) in wrapper public: retval? ???::CopyTo (params?) const;
  is_const=True)
/home/omri/Programs/ns-3/workspace/ns-allinone-3.14.1/ns-3.14.1/src/network/bindings/modulegen__gcc_LP64.py:712: Warning: exception TypeLookupError(['__gnu_cxx::__normal_iterator< ns3::Ptr< ns3::Application > const, std::vector< ns3::Ptr< ns3::Application > > >'],) in wrapper public: retval? ???::Begin (params?) const;
  is_const=True)
/home/omri/Programs/ns-3/workspace/ns-allinone-3.14.1/ns-3.14.1/src/network/bindings/modulegen__gcc_LP64.py:717: Warning: exception TypeLookupError(['__gnu_cxx::__normal_iterator< ns3::Ptr< ns3::Application > const, std::vector< ns3::Ptr< ns3::Application > > >'],) in wrapper public: retval? ???::End (params?) const;
  is_const=True)
/home/omri/Programs/ns-3/workspace/ns-allinone-3.14.1/ns-3.14.1/src/network/bindings/modulegen__gcc_LP64.py:870: Warning: exception TypeLookupError(['std::_List_const_iterator< ns3::AttributeConstructionList::Item >'],) in wrapper public: retval? ???::Begin (params?) const;
  is_const=True)
/home/omri/Programs/ns-3/workspace/ns-allinone-3.14.1/ns-3.14.1/src/network/bindings/modulegen__gcc_LP64.py:875: Warning: exception TypeLookupError(['std::_List_const_iterator< ns3::AttributeConstructionList::Item >'],) in wrapper public: retval? ???::End (params?) const;
  is_const=True)
/home/omri/Programs/ns-3/workspace/ns-allinone-3.14.1/ns-3.14.1/src/network/bindings/modulegen__gcc_LP64.py:926: Warning: exception TypeLookupError(['std::ostream *'],) in wrapper public: retval? ???::CopyData (params?) const;
  is_const=True)
/home/omri/Programs/ns-3/workspace/ns-allinone-3.14.1/ns-3.14.1/src/network/bindings/modulegen__gcc_LP64.py:931: Warning: exception TypeConfigurationError('direction not given',) in wrapper public: retval? ???::CopyData (params?) const;
  is_const=True)
/home/omri/Programs/ns-3/workspace/ns-allinone-3.14.1/ns-3.14.1/src/network/bindings/modulegen__gcc_LP64.py:945: Warning: exception TypeConfigurationError('direction not given',) in wrapper public: retval? ???::Deserialize (params?);
  [param('uint8_t const *', 'buffer'), param('uint32_t', 'size')])
/home/omri/Programs/ns-3/workspace/ns-allinone-3.14.1/ns-3.14.1/src/network/bindings/modulegen__gcc_LP64.py:975: Warning: exception TypeLookupError(['uint8_t *'],) in wrapper public: retval? ???::PeekData (params?) const;
  is_const=True)
/home/omri/Programs/ns-3/workspace/ns-allinone-3.14.1/ns-3.14.1/src/network/bindings/modulegen__gcc_LP64.py:988: Warning: exception TypeConfigurationError('direction not given',) in wrapper public: retval? ???::Serialize (params?) const;
  is_const=True)
/home/omri/Programs/ns-3/workspace/ns-allinone-3.14.1/ns-3.14.1/src/network/bindings/modulegen__gcc_LP64.py:1043: Warning: exception TypeConfigurationError('direction not given',) in wrapper public: retval? ???::Read (params?);
  [param('uint8_t *', 'buffer'), param('uint32_t', 'size')])
/home/omri/Programs/ns-3/workspace/ns-allinone-3.14.1/ns-3.14.1/src/network/bindings/modulegen__gcc_LP64.py:1087: Warning: exception TypeConfigurationError('direction not given',) in wrapper public: retval? ???::Write (params?);
  [param('uint8_t const *', 'buffer'), param('uint32_t', 'size')])
/home/omri/Programs/ns-3/workspace/ns-allinone-3.14.1/ns-3.14.1/src/network/bindings/modulegen__gcc_LP64.py:1279: Warning: exception TypeLookupError(['__gnu_cxx::__normal_iterator< ns3::Ptr< ns3::Channel > const, std::vector< ns3::Ptr< ns3::Channel > > >'],) in wrapper public: retval? ???::Begin (params?);
  is_static=True)
/home/omri/Programs/ns-3/workspace/ns-allinone-3.14.1/ns-3.14.1/src/network/bindings/modulegen__gcc_LP64.py:1284: Warning: exception TypeLookupError(['__gnu_cxx::__normal_iterator< ns3::Ptr< ns3::Channel > const, std::vector< ns3::Ptr< ns3::Channel > > >'],) in wrapper public: retval? ???::End (params?);
  is_static=True)
/home/omri/Programs/ns-3/workspace/ns-allinone-3.14.1/ns-3.14.1/src/network/bindings/modulegen__gcc_LP64.py:1333: Warning: exception TypeLookupError(['ns3::Ptr< ns3::EventImpl > &'],) in wrapper <pybindgen.cppmethod.CppConstructor object at 0x7fec8374ff10>
  cls.add_constructor([param('ns3::Ptr< ns3::EventImpl > const &', 'impl'), param('uint64_t', 'ts'), param('uint32_t', 'context'), param('uint32_t', 'uid')])
/home/omri/Programs/ns-3/workspace/ns-allinone-3.14.1/ns-3.14.1/src/network/bindings/modulegen__gcc_LP64.py:1367: Warning: exception TypeConfigurationError('Either caller_owns_return or self.reference_existing_object must be given',) in wrapper public: retval? ???::PeekEventImpl (params?) const;
  is_const=True)
/home/omri/Programs/ns-3/workspace/ns-allinone-3.14.1/ns-3.14.1/src/network/bindings/modulegen__gcc_LP64.py:1483: Warning: exception TypeConfigurationError('direction not given',) in wrapper public: retval? ???::Deserialize (params?);
  is_static=True)
/home/omri/Programs/ns-3/workspace/ns-allinone-3.14.1/ns-3.14.1/src/network/bindings/modulegen__gcc_LP64.py:1548: Warning: exception TypeLookupError(['std::ostream &'],) in wrapper public: retval? ???::Print (params?) const;
  is_const=True)
/home/omri/Programs/ns-3/workspace/ns-allinone-3.14.1/ns-3.14.1/src/network/bindings/modulegen__gcc_LP64.py:1553: Warning: exception TypeConfigurationError('direction not given',) in wrapper public: retval? ???::Serialize (params?) const;
  is_const=True)
/home/omri/Programs/ns-3/workspace/ns-allinone-3.14.1/ns-3.14.1/src/network/bindings/modulegen__gcc_LP64.py:1620: Warning: exception TypeLookupError(['std::ostream &'],) in wrapper public: retval? ???::Print (params?) const;
  is_const=True)
/home/omri/Programs/ns-3/workspace/ns-allinone-3.14.1/ns-3.14.1/src/network/bindings/modulegen__gcc_LP64.py:1637: Warning: exception TypeConfigurationError('direction not given',) in wrapper <pybindgen.cppmethod.CppConstructor object at 0x7fec836756d0>
  cls.add_constructor([param('uint8_t *', 'address')])
/home/omri/Programs/ns-3/workspace/ns-allinone-3.14.1/ns-3.14.1/src/network/bindings/modulegen__gcc_LP64.py:1655: Warning: exception TypeConfigurationError('direction not given',) in wrapper public: retval? ???::Deserialize (params?);
  is_static=True)
/home/omri/Programs/ns-3/workspace/ns-allinone-3.14.1/ns-3.14.1/src/network/bindings/modulegen__gcc_LP64.py:1680: Warning: exception TypeConfigurationError('direction not given',) in wrapper public: retval? ???::GetBytes (params?) const;
  is_const=True)
/home/omri/Programs/ns-3/workspace/ns-allinone-3.14.1/ns-3.14.1/src/network/bindings/modulegen__gcc_LP64.py:1784: Warning: exception TypeLookupError(['std::ostream &'],) in wrapper public: retval? ???::Print (params?) const;
  is_const=True)
/home/omri/Programs/ns-3/workspace/ns-allinone-3.14.1/ns-3.14.1/src/network/bindings/modulegen__gcc_LP64.py:1789: Warning: exception TypeConfigurationError('direction not given',) in wrapper public: retval? ???::Serialize (params?) const;
  is_const=True)
/home/omri/Programs/ns-3/workspace/ns-allinone-3.14.1/ns-3.14.1/src/network/bindings/modulegen__gcc_LP64.py:1797: Warning: exception TypeConfigurationError('direction not given',) in wrapper public: retval? ???::Set (params?);
  [param('uint8_t *', 'address')])
/home/omri/Programs/ns-3/workspace/ns-allinone-3.14.1/ns-3.14.1/src/network/bindings/modulegen__gcc_LP64.py:1807: Warning: exception TypeConfigurationError('direction not given',) in wrapper <pybindgen.cppmethod.CppConstructor object at 0x7fec83640a10>
  cls.add_constructor([param('uint8_t *', 'prefix')])
/home/omri/Programs/ns-3/workspace/ns-allinone-3.14.1/ns-3.14.1/src/network/bindings/modulegen__gcc_LP64.py:1820: Warning: exception TypeConfigurationError('direction not given',) in wrapper public: retval? ???::GetBytes (params?) const;
  is_const=True)
/home/omri/Programs/ns-3/workspace/ns-allinone-3.14.1/ns-3.14.1/src/network/bindings/modulegen__gcc_LP64.py:1855: Warning: exception TypeLookupError(['std::ostream &'],) in wrapper public: retval? ???::Print (params?) const;
  is_const=True)
/home/omri/Programs/ns-3/workspace/ns-allinone-3.14.1/ns-3.14.1/src/network/bindings/modulegen__gcc_LP64.py:1882: Warning: exception TypeConfigurationError('direction not given',) in wrapper public: retval? ???::CopyFrom (params?);
  [param('uint8_t const *', 'buffer')])
/home/omri/Programs/ns-3/workspace/ns-allinone-3.14.1/ns-3.14.1/src/network/bindings/modulegen__gcc_LP64.py:1887: Warning: exception TypeConfigurationError('direction not given',) in wrapper public: retval? ???::CopyTo (params?) const;
  is_const=True)
/home/omri/Programs/ns-3/workspace/ns-allinone-3.14.1/ns-3.14.1/src/network/bindings/modulegen__gcc_LP64.py:1953: Warning: exception TypeConfigurationError('direction not given',) in wrapper public: retval? ???::CopyFrom (params?);
  [param('uint8_t const *', 'buffer')])
/home/omri/Programs/ns-3/workspace/ns-allinone-3.14.1/ns-3.14.1/src/network/bindings/modulegen__gcc_LP64.py:1958: Warning: exception TypeConfigurationError('direction not given',) in wrapper public: retval? ???::CopyTo (params?) const;
  is_const=True)
/home/omri/Programs/ns-3/workspace/ns-allinone-3.14.1/ns-3.14.1/src/network/bindings/modulegen__gcc_LP64.py:1993: Warning: exception TypeLookupError(['__gnu_cxx::__normal_iterator< ns3::Ptr< ns3::NetDevice > const, std::vector< ns3::Ptr< ns3::NetDevice > > >'],) in wrapper public: retval? ???::Begin (params?) const;
  is_const=True)
/home/omri/Programs/ns-3/workspace/ns-allinone-3.14.1/ns-3.14.1/src/network/bindings/modulegen__gcc_LP64.py:1998: Warning: exception TypeLookupError(['__gnu_cxx::__normal_iterator< ns3::Ptr< ns3::NetDevice > const, std::vector< ns3::Ptr< ns3::NetDevice > > >'],) in wrapper public: retval? ???::End (params?) const;
  is_const=True)
/home/omri/Programs/ns-3/workspace/ns-allinone-3.14.1/ns-3.14.1/src/network/bindings/modulegen__gcc_LP64.py:2044: Warning: exception TypeLookupError(['__gnu_cxx::__normal_iterator< ns3::Ptr< ns3::Node > const, std::vector< ns3::Ptr< ns3::Node > > >'],) in wrapper public: retval? ???::Begin (params?) const;
  is_const=True)
/home/omri/Programs/ns-3/workspace/ns-allinone-3.14.1/ns-3.14.1/src/network/bindings/modulegen__gcc_LP64.py:2057: Warning: exception TypeLookupError(['__gnu_cxx::__normal_iterator< ns3::Ptr< ns3::Node > const, std::vector< ns3::Ptr< ns3::Node > > >'],) in wrapper public: retval? ???::End (params?) const;
  is_const=True)
/home/omri/Programs/ns-3/workspace/ns-allinone-3.14.1/ns-3.14.1/src/network/bindings/modulegen__gcc_LP64.py:2089: Warning: exception TypeLookupError(['__gnu_cxx::__normal_iterator< ns3::Ptr< ns3::Node > const, std::vector< ns3::Ptr< ns3::Node > > >'],) in wrapper public: retval? ???::Begin (params?);
  is_static=True)
/home/omri/Programs/ns-3/workspace/ns-allinone-3.14.1/ns-3.14.1/src/network/bindings/modulegen__gcc_LP64.py:2094: Warning: exception TypeLookupError(['__gnu_cxx::__normal_iterator< ns3::Ptr< ns3::Node > const, std::vector< ns3::Ptr< ns3::Node > > >'],) in wrapper public: retval? ???::End (params?);
  is_static=True)
/home/omri/Programs/ns-3/workspace/ns-allinone-3.14.1/ns-3.14.1/src/network/bindings/modulegen__gcc_LP64.py:2177: Warning: exception TypeConfigurationError('Missing transfer_ownership option',) in wrapper public: retval? ???::Delete (params?);
  is_static=True)
/home/omri/Programs/ns-3/workspace/ns-allinone-3.14.1/ns-3.14.1/src/network/bindings/modulegen__gcc_LP64.py:2250: Warning: exception TypeConfigurationError('direction not given',) in wrapper public: retval? ???::Deserialize (params?);
  [param('uint8_t const *', 'buffer'), param('uint32_t', 'size')])
/home/omri/Programs/ns-3/workspace/ns-allinone-3.14.1/ns-3.14.1/src/network/bindings/modulegen__gcc_LP64.py:2291: Warning: exception TypeConfigurationError('direction not given',) in wrapper public: retval? ???::Serialize (params?) const;
  is_const=True)
bindings/python/ns3modulegen-modular.py:27: UserWarning: exception TypeLookupError(['uint8_t [ 20 ]'],) in wrapper None
  warnings.warn("exception %r in wrapper %s" % (exception, wrapper))
bindings/python/ns3modulegen-modular.py:27: UserWarning: exception TypeConfigurationError('Either caller_owns_return or self.reference_existing_object must be given',) in wrapper None
  warnings.warn("exception %r in wrapper %s" % (exception, wrapper))
/home/omri/Programs/ns-3/workspace/ns-allinone-3.14.1/ns-3.14.1/src/network/bindings/modulegen__gcc_LP64.py:2493: Warning: exception TypeLookupError(['std::_List_iterator< ns3::Ptr< ns3::PbbAddressTlv > >'],) in wrapper public: retval? ???::Begin (params?);
  [])
/home/omri/Programs/ns-3/workspace/ns-allinone-3.14.1/ns-3.14.1/src/network/bindings/modulegen__gcc_LP64.py:2498: Warning: exception TypeLookupError(['std::_List_const_iterator< ns3::Ptr< ns3::PbbAddressTlv > >'],) in wrapper public: retval? ???::Begin (params?) const;
  is_const=True)
/home/omri/Programs/ns-3/workspace/ns-allinone-3.14.1/ns-3.14.1/src/network/bindings/modulegen__gcc_LP64.py:2515: Warning: exception TypeLookupError(['std::_List_iterator< ns3::Ptr< ns3::PbbAddressTlv > >'],) in wrapper public: retval? ???::End (params?);
  [])
/home/omri/Programs/ns-3/workspace/ns-allinone-3.14.1/ns-3.14.1/src/network/bindings/modulegen__gcc_LP64.py:2520: Warning: exception TypeLookupError(['std::_List_const_iterator< ns3::Ptr< ns3::PbbAddressTlv > >'],) in wrapper public: retval? ???::End (params?) const;
  is_const=True)
/home/omri/Programs/ns-3/workspace/ns-allinone-3.14.1/ns-3.14.1/src/network/bindings/modulegen__gcc_LP64.py:2524: Warning: exception TypeLookupError(['std::_List_iterator< ns3::Ptr< ns3::PbbAddressTlv > >'],) in wrapper public: retval? ???::Erase (params?);
  [param('std::_List_iterator< ns3::Ptr< ns3::PbbAddressTlv > >', 'position')])
/home/omri/Programs/ns-3/workspace/ns-allinone-3.14.1/ns-3.14.1/src/network/bindings/modulegen__gcc_LP64.py:2528: Warning: exception TypeLookupError(['std::_List_iterator< ns3::Ptr< ns3::PbbAddressTlv > >'],) in wrapper public: retval? ???::Erase (params?);
  [param('std::_List_iterator< ns3::Ptr< ns3::PbbAddressTlv > >', 'first'), param('std::_List_iterator< ns3::Ptr< ns3::PbbAddressTlv > >', 'last')])
/home/omri/Programs/ns-3/workspace/ns-allinone-3.14.1/ns-3.14.1/src/network/bindings/modulegen__gcc_LP64.py:2542: Warning: exception TypeLookupError(['std::_List_iterator< ns3::Ptr< ns3::PbbAddressTlv > >'],) in wrapper public: retval? ???::Insert (params?);
  [param('std::_List_iterator< ns3::Ptr< ns3::PbbAddressTlv > >', 'position'), param('ns3::Ptr< ns3::PbbAddressTlv > const', 'tlv')])
/home/omri/Programs/ns-3/workspace/ns-allinone-3.14.1/ns-3.14.1/src/network/bindings/modulegen__gcc_LP64.py:2555: Warning: exception TypeLookupError(['std::ostream &'],) in wrapper public: retval? ???::Print (params?) const;
  is_const=True)
/home/omri/Programs/ns-3/workspace/ns-allinone-3.14.1/ns-3.14.1/src/network/bindings/modulegen__gcc_LP64.py:2560: Warning: exception TypeLookupError(['std::ostream &'],) in wrapper public: retval? ???::Print (params?) const;
  is_const=True)
/home/omri/Programs/ns-3/workspace/ns-allinone-3.14.1/ns-3.14.1/src/network/bindings/modulegen__gcc_LP64.py:2596: Warning: exception TypeLookupError(['std::_List_iterator< ns3::Ptr< ns3::PbbTlv > >'],) in wrapper public: retval? ???::Begin (params?);
  [])
/home/omri/Programs/ns-3/workspace/ns-allinone-3.14.1/ns-3.14.1/src/network/bindings/modulegen__gcc_LP64.py:2601: Warning: exception TypeLookupError(['std::_List_const_iterator< ns3::Ptr< ns3::PbbTlv > >'],) in wrapper public: retval? ???::Begin (params?) const;
  is_const=True)
/home/omri/Programs/ns-3/workspace/ns-allinone-3.14.1/ns-3.14.1/src/network/bindings/modulegen__gcc_LP64.py:2618: Warning: exception TypeLookupError(['std::_List_iterator< ns3::Ptr< ns3::PbbTlv > >'],) in wrapper public: retval? ???::End (params?);
  [])
/home/omri/Programs/ns-3/workspace/ns-allinone-3.14.1/ns-3.14.1/src/network/bindings/modulegen__gcc_LP64.py:2623: Warning: exception TypeLookupError(['std::_List_const_iterator< ns3::Ptr< ns3::PbbTlv > >'],) in wrapper public: retval? ???::End (params?) const;
  is_const=True)
/home/omri/Programs/ns-3/workspace/ns-allinone-3.14.1/ns-3.14.1/src/network/bindings/modulegen__gcc_LP64.py:2627: Warning: exception TypeLookupError(['std::_List_iterator< ns3::Ptr< ns3::PbbTlv > >'],) in wrapper public: retval? ???::Erase (params?);
  [param('std::_List_iterator< ns3::Ptr< ns3::PbbTlv > >', 'position')])
/home/omri/Programs/ns-3/workspace/ns-allinone-3.14.1/ns-3.14.1/src/network/bindings/modulegen__gcc_LP64.py:2631: Warning: exception TypeLookupError(['std::_List_iterator< ns3::Ptr< ns3::PbbTlv > >'],) in wrapper public: retval? ???::Erase (params?);
  [param('std::_List_iterator< ns3::Ptr< ns3::PbbTlv > >', 'first'), param('std::_List_iterator< ns3::Ptr< ns3::PbbTlv > >', 'last')])
/home/omri/Programs/ns-3/workspace/ns-allinone-3.14.1/ns-3.14.1/src/network/bindings/modulegen__gcc_LP64.py:2645: Warning: exception TypeLookupError(['std::_List_iterator< ns3::Ptr< ns3::PbbTlv > >'],) in wrapper public: retval? ???::Insert (params?);
  [param('std::_List_iterator< ns3::Ptr< ns3::PbbTlv > >', 'position'), param('ns3::Ptr< ns3::PbbTlv > const', 'tlv')])
/home/omri/Programs/ns-3/workspace/ns-allinone-3.14.1/ns-3.14.1/src/network/bindings/modulegen__gcc_LP64.py:2658: Warning: exception TypeLookupError(['std::ostream &'],) in wrapper public: retval? ???::Print (params?) const;
  is_const=True)
/home/omri/Programs/ns-3/workspace/ns-allinone-3.14.1/ns-3.14.1/src/network/bindings/modulegen__gcc_LP64.py:2663: Warning: exception TypeLookupError(['std::ostream &'],) in wrapper public: retval? ???::Print (params?) const;
  is_const=True)
/home/omri/Programs/ns-3/workspace/ns-allinone-3.14.1/ns-3.14.1/src/network/bindings/modulegen__gcc_LP64.py:2699: Warning: exception TypeLookupError(['uint32_t &'],) in wrapper public: retval? ???::Diff (params?);
  is_static=True)
/home/omri/Programs/ns-3/workspace/ns-allinone-3.14.1/ns-3.14.1/src/network/bindings/modulegen__gcc_LP64.py:2753: Warning: exception TypeConfigurationError('direction not given',) in wrapper public: retval? ???::Read (params?);
  [param('uint8_t * const', 'data'), param('uint32_t', 'maxBytes'), param('uint32_t &', 'tsSec'), param('uint32_t &', 'tsUsec'), param('uint32_t &', 'inclLen'), param('uint32_t &', 'origLen'), param('uint32_t &', 'readLen')])
/home/omri/Programs/ns-3/workspace/ns-allinone-3.14.1/ns-3.14.1/src/network/bindings/modulegen__gcc_LP64.py:2757: Warning: exception TypeConfigurationError('direction not given',) in wrapper public: retval? ???::Write (params?);
  [param('uint32_t', 'tsSec'), param('uint32_t', 'tsUsec'), param('uint8_t const * const', 'data'), param('uint32_t', 'totalLen')])
/home/omri/Programs/ns-3/workspace/ns-allinone-3.14.1/ns-3.14.1/src/network/bindings/modulegen__gcc_LP64.py:2917: Warning: exception TypeLookupError(['short unsigned int'],) in wrapper <pybindgen.cppmethod.CppConstructor object at 0x7fec833a3e50>
  cls.add_constructor([param('short unsigned int', 'value')])
/home/omri/Programs/ns-3/workspace/ns-allinone-3.14.1/ns-3.14.1/src/network/bindings/modulegen__gcc_LP64.py:2975: Warning: exception TypeLookupError(['ns3::Ptr< ns3::SimulatorImpl >', 'ns3::SimulatorImpl *'],) in wrapper public: retval? ???::GetImplementation (params?);
  is_static=True)
/home/omri/Programs/ns-3/workspace/ns-allinone-3.14.1/ns-3.14.1/src/network/bindings/modulegen__gcc_LP64.py:3010: Warning: exception TypeLookupError(['ns3::Ptr< ns3::SimulatorImpl >', 'ns3::SimulatorImpl *'],) in wrapper public: retval? ???::SetImplementation (params?);
  is_static=True)
/home/omri/Programs/ns-3/workspace/ns-allinone-3.14.1/ns-3.14.1/src/network/bindings/modulegen__gcc_LP64.py:3082: Warning: exception TypeLookupError(['std::ostream &'],) in wrapper public: virtual retval? ???::Print (params?) const = 0;
  is_pure_virtual=True, is_const=True, is_virtual=True)
/home/omri/Programs/ns-3/workspace/ns-allinone-3.14.1/ns-3.14.1/src/network/bindings/modulegen__gcc_LP64.py:3094: Warning: exception TypeConfigurationError('direction not given',) in wrapper <pybindgen.cppmethod.CppConstructor object at 0x7fec83388d50>
  cls.add_constructor([param('uint8_t *', 'start'), param('uint8_t *', 'end')])
/home/omri/Programs/ns-3/workspace/ns-allinone-3.14.1/ns-3.14.1/src/network/bindings/modulegen__gcc_LP64.py:3102: Warning: exception TypeConfigurationError('direction not given',) in wrapper public: retval? ???::Read (params?);
  [param('uint8_t *', 'buffer'), param('uint32_t', 'size')])
/home/omri/Programs/ns-3/workspace/ns-allinone-3.14.1/ns-3.14.1/src/network/bindings/modulegen__gcc_LP64.py:3130: Warning: exception TypeConfigurationError('direction not given',) in wrapper public: retval? ???::Write (params?);
  [param('uint8_t const *', 'buffer'), param('uint32_t', 'size')])
/home/omri/Programs/ns-3/workspace/ns-allinone-3.14.1/ns-3.14.1/src/network/bindings/modulegen__gcc_LP64.py:3204: Warning: exception TypeLookupError(['ns3::Callback< ns3::ObjectBase *, ns3::empty, ns3::empty, ns3::empty, ns3::empty, ns3::empty, ns3::empty, ns3::empty, ns3::empty, ns3::empty >'],) in wrapper public: retval? ???::GetConstructor (params?) const;
  is_const=True)
bindings/python/ns3modulegen-modular.py:27: UserWarning: exception TypeLookupError(['short unsigned int'],) in wrapper None
  warnings.warn("exception %r in wrapper %s" % (exception, wrapper))
/home/omri/Programs/ns-3/workspace/ns-allinone-3.14.1/ns-3.14.1/src/network/bindings/modulegen__gcc_LP64.py:3522: Warning: exception TypeLookupError(['std::ostream &'],) in wrapper public: virtual retval? ???::Print (params?) const = 0;
  is_pure_virtual=True, is_const=True, is_virtual=True)
/home/omri/Programs/ns-3/workspace/ns-allinone-3.14.1/ns-3.14.1/src/network/bindings/modulegen__gcc_LP64.py:3627: Warning: exception TypeLookupError(['std::ostream &'],) in wrapper public: virtual retval? ???::Print (params?) const;
  is_const=True, is_virtual=True)
/home/omri/Programs/ns-3/workspace/ns-allinone-3.14.1/ns-3.14.1/src/network/bindings/modulegen__gcc_LP64.py:3683: Warning: exception TypeLookupError(['std::ostream &'],) in wrapper public: virtual retval? ???::Print (params?) const = 0;
  is_pure_virtual=True, is_const=True, is_virtual=True)
/home/omri/Programs/ns-3/workspace/ns-allinone-3.14.1/ns-3.14.1/src/network/bindings/modulegen__gcc_LP64.py:3731: Warning: exception TypeLookupError(['std::ostream &'],) in wrapper public: virtual retval? ???::Print (params?) const;
  is_const=True, is_virtual=True)
/home/omri/Programs/ns-3/workspace/ns-allinone-3.14.1/ns-3.14.1/src/network/bindings/modulegen__gcc_LP64.py:3840: Warning: exception TypeLookupError(['std::_List_const_iterator< ns3::Ptr< ns3::Packet > >'],) in wrapper public: retval? ???::Begin (params?) const;
  is_const=True)
/home/omri/Programs/ns-3/workspace/ns-allinone-3.14.1/ns-3.14.1/src/network/bindings/modulegen__gcc_LP64.py:3850: Warning: exception TypeLookupError(['std::_List_const_iterator< ns3::Ptr< ns3::Packet > >'],) in wrapper public: retval? ???::End (params?) const;
  is_const=True)
/home/omri/Programs/ns-3/workspace/ns-allinone-3.14.1/ns-3.14.1/src/network/bindings/modulegen__gcc_LP64.py:3890: Warning: exception TypeLookupError(['std::pair< double, double >'],) in wrapper <pybindgen.cppmethod.CppConstructor object at 0x7fec83185e50>
  cls.add_constructor([param('std::pair< double, double >', 'params')])
/home/omri/Programs/ns-3/workspace/ns-allinone-3.14.1/ns-3.14.1/src/network/bindings/modulegen__gcc_LP64.py:3892: Warning: exception TypeLookupError(['std::pair< double, double >'],) in wrapper <pybindgen.cppmethod.CppConstructor object at 0x7fec83185e90>
  cls.add_constructor([param('std::pair< double, double >', 'params'), param('double', 'b')])
/home/omri/Programs/ns-3/workspace/ns-allinone-3.14.1/ns-3.14.1/src/network/bindings/modulegen__gcc_LP64.py:3940: Warning: exception TypeConfigurationError('direction not given',) in wrapper public: retval? ???::Write (params?);
  [param('ns3::Time', 't'), param('uint8_t const *', 'buffer'), param('uint32_t', 'length')])
/home/omri/Programs/ns-3/workspace/ns-allinone-3.14.1/ns-3.14.1/src/network/bindings/modulegen__gcc_LP64.py:4123: Warning: exception TypeLookupError(['std::ostream &'],) in wrapper public: virtual retval? ???::Print (params?) const;
  is_const=True, is_virtual=True)
/home/omri/Programs/ns-3/workspace/ns-allinone-3.14.1/ns-3.14.1/src/network/bindings/modulegen__gcc_LP64.py:4481: Warning: exception TypeConfigurationError('direction not given',) in wrapper public: retval? ???::Recv (params?);
  [param('uint8_t *', 'buf'), param('uint32_t', 'size'), param('uint32_t', 'flags')])
/home/omri/Programs/ns-3/workspace/ns-allinone-3.14.1/ns-3.14.1/src/network/bindings/modulegen__gcc_LP64.py:4494: Warning: exception TypeConfigurationError('direction not given',) in wrapper public: retval? ???::RecvFrom (params?);
  [param('uint8_t *', 'buf'), param('uint32_t', 'size'), param('uint32_t', 'flags'), param('ns3::Address &', 'fromAddress')])
/home/omri/Programs/ns-3/workspace/ns-allinone-3.14.1/ns-3.14.1/src/network/bindings/modulegen__gcc_LP64.py:4507: Warning: exception TypeConfigurationError('direction not given',) in wrapper public: retval? ???::Send (params?);
  [param('uint8_t const *', 'buf'), param('uint32_t', 'size'), param('uint32_t', 'flags')])
/home/omri/Programs/ns-3/workspace/ns-allinone-3.14.1/ns-3.14.1/src/network/bindings/modulegen__gcc_LP64.py:4516: Warning: exception TypeConfigurationError('direction not given',) in wrapper public: retval? ???::SendTo (params?);
  [param('uint8_t const *', 'buf'), param('uint32_t', 'size'), param('uint32_t', 'flags'), param('ns3::Address const &', 'address')])
/home/omri/Programs/ns-3/workspace/ns-allinone-3.14.1/ns-3.14.1/src/network/bindings/modulegen__gcc_LP64.py:4646: Warning: exception TypeLookupError(['std::ostream &'],) in wrapper public: virtual retval? ???::Print (params?) const;
  is_const=True, is_virtual=True)
/home/omri/Programs/ns-3/workspace/ns-allinone-3.14.1/ns-3.14.1/src/network/bindings/modulegen__gcc_LP64.py:4709: Warning: exception TypeLookupError(['std::ostream &'],) in wrapper public: virtual retval? ???::Print (params?) const;
  is_const=True, is_virtual=True)
/home/omri/Programs/ns-3/workspace/ns-allinone-3.14.1/ns-3.14.1/src/network/bindings/modulegen__gcc_LP64.py:4763: Warning: exception TypeLookupError(['std::ostream &'],) in wrapper public: virtual retval? ???::Print (params?) const;
  is_const=True, is_virtual=True)
/home/omri/Programs/ns-3/workspace/ns-allinone-3.14.1/ns-3.14.1/src/network/bindings/modulegen__gcc_LP64.py:4979: Warning: exception TypeLookupError(['std::ostream &'],) in wrapper public: virtual retval? ???::Print (params?) const = 0;
  is_pure_virtual=True, is_const=True, is_virtual=True)
/home/omri/Programs/ns-3/workspace/ns-allinone-3.14.1/ns-3.14.1/src/network/bindings/modulegen__gcc_LP64.py:5443: Warning: exception TypeLookupError(['std::ostream &'],) in wrapper public: virtual retval? ???::Print (params?) const;
  is_const=True, is_virtual=True)
/home/omri/Programs/ns-3/workspace/ns-allinone-3.14.1/ns-3.14.1/src/network/bindings/modulegen__gcc_LP64.py:5518: Warning: exception TypeLookupError(['std::ostream &'],) in wrapper public: virtual retval? ???::Print (params?) const;
  is_const=True, is_virtual=True)
/home/omri/Programs/ns-3/workspace/ns-allinone-3.14.1/ns-3.14.1/src/network/bindings/modulegen__gcc_LP64.py:5794: Warning: exception TypeLookupError(['ns3::Callback< void, ns3::empty, ns3::empty, ns3::empty, ns3::empty, ns3::empty, ns3::empty, ns3::empty, ns3::empty, ns3::empty >'],) in wrapper public: virtual retval? ???::AddLinkChangeCallback (params?) = 0;
  is_pure_virtual=True, is_virtual=True)
/home/omri/Programs/ns-3/workspace/ns-allinone-3.14.1/ns-3.14.1/src/network/bindings/modulegen__gcc_LP64.py:6019: Warning: exception TypeLookupError(['ns3::Callback< void, ns3::Ptr< ns3::NetDevice >, ns3::empty, ns3::empty, ns3::empty, ns3::empty, ns3::empty, ns3::empty, ns3::empty, ns3::empty >'],) in wrapper public: retval? ???::RegisterDeviceAdditionListener (params?);
  [param('ns3::Callback< void, ns3::Ptr< ns3::NetDevice >, ns3::empty, ns3::empty, ns3::empty, ns3::empty, ns3::empty, ns3::empty, ns3::empty, ns3::empty >', 'listener')])
/home/omri/Programs/ns-3/workspace/ns-allinone-3.14.1/ns-3.14.1/src/network/bindings/modulegen__gcc_LP64.py:6027: Warning: exception TypeLookupError(['ns3::Callback< void, ns3::Ptr< ns3::NetDevice >, ns3::empty, ns3::empty, ns3::empty, ns3::empty, ns3::empty, ns3::empty, ns3::empty, ns3::empty >'],) in wrapper public: retval? ???::UnregisterDeviceAdditionListener (params?);
  [param('ns3::Callback< void, ns3::Ptr< ns3::NetDevice >, ns3::empty, ns3::empty, ns3::empty, ns3::empty, ns3::empty, ns3::empty, ns3::empty, ns3::empty >', 'listener')])
/home/omri/Programs/ns-3/workspace/ns-allinone-3.14.1/ns-3.14.1/src/network/bindings/modulegen__gcc_LP64.py:6090: Warning: exception TypeLookupError(['std::ostream *'],) in wrapper <pybindgen.cppmethod.CppConstructor object at 0x7fec82c16b90>
  cls.add_constructor([param('std::ostream *', 'os')])
/home/omri/Programs/ns-3/workspace/ns-allinone-3.14.1/ns-3.14.1/src/network/bindings/modulegen__gcc_LP64.py:6094: Warning: exception TypeLookupError(['std::ostream *'],) in wrapper public: retval? ???::GetStream (params?);
  [])
/home/omri/Programs/ns-3/workspace/ns-allinone-3.14.1/ns-3.14.1/src/network/bindings/modulegen__gcc_LP64.py:6106: Warning: exception TypeConfigurationError('direction not given',) in wrapper <pybindgen.cppmethod.CppConstructor object at 0x7fec82b9f810>
  cls.add_constructor([param('uint8_t const *', 'buffer'), param('uint32_t', 'size'), param('bool', 'magic')])
/home/omri/Programs/ns-3/workspace/ns-allinone-3.14.1/ns-3.14.1/src/network/bindings/modulegen__gcc_LP64.py:6108: Warning: exception TypeConfigurationError('direction not given',) in wrapper <pybindgen.cppmethod.CppConstructor object at 0x7fec82b9f850>
  cls.add_constructor([param('uint8_t const *', 'buffer'), param('uint32_t', 'size')])
/home/omri/Programs/ns-3/workspace/ns-allinone-3.14.1/ns-3.14.1/src/network/bindings/modulegen__gcc_LP64.py:6149: Warning: exception TypeConfigurationError('direction not given',) in wrapper public: retval? ???::CopyData (params?) const;
  is_const=True)
/home/omri/Programs/ns-3/workspace/ns-allinone-3.14.1/ns-3.14.1/src/network/bindings/modulegen__gcc_LP64.py:6154: Warning: exception TypeLookupError(['std::ostream *'],) in wrapper public: retval? ???::CopyData (params?) const;
  is_const=True)
/home/omri/Programs/ns-3/workspace/ns-allinone-3.14.1/ns-3.14.1/src/network/bindings/modulegen__gcc_LP64.py:6209: Warning: exception TypeLookupError(['uint8_t *'],) in wrapper public: retval? ???::PeekData (params?) const;
  deprecated=True, is_const=True)
/home/omri/Programs/ns-3/workspace/ns-allinone-3.14.1/ns-3.14.1/src/network/bindings/modulegen__gcc_LP64.py:6228: Warning: exception TypeLookupError(['std::ostream &'],) in wrapper public: retval? ???::Print (params?) const;
  is_const=True)
/home/omri/Programs/ns-3/workspace/ns-allinone-3.14.1/ns-3.14.1/src/network/bindings/modulegen__gcc_LP64.py:6233: Warning: exception TypeLookupError(['std::ostream &'],) in wrapper public: retval? ???::PrintByteTags (params?) const;
  is_const=True)
/home/omri/Programs/ns-3/workspace/ns-allinone-3.14.1/ns-3.14.1/src/network/bindings/modulegen__gcc_LP64.py:6238: Warning: exception TypeLookupError(['std::ostream &'],) in wrapper public: retval? ???::PrintPacketTags (params?) const;
  is_const=True)
/home/omri/Programs/ns-3/workspace/ns-allinone-3.14.1/ns-3.14.1/src/network/bindings/modulegen__gcc_LP64.py:6271: Warning: exception TypeConfigurationError('direction not given',) in wrapper public: retval? ???::Serialize (params?) const;
  is_const=True)
/home/omri/Programs/ns-3/workspace/ns-allinone-3.14.1/ns-3.14.1/src/network/bindings/modulegen__gcc_LP64.py:6431: Warning: exception TypeLookupError(['std::_List_iterator< ns3::Address >'],) in wrapper public: retval? ???::AddressBegin (params?);
  [])
/home/omri/Programs/ns-3/workspace/ns-allinone-3.14.1/ns-3.14.1/src/network/bindings/modulegen__gcc_LP64.py:6436: Warning: exception TypeLookupError(['std::_List_const_iterator< ns3::Address >'],) in wrapper public: retval? ???::AddressBegin (params?) const;
  is_const=True)
/home/omri/Programs/ns-3/workspace/ns-allinone-3.14.1/ns-3.14.1/src/network/bindings/modulegen__gcc_LP64.py:6449: Warning: exception TypeLookupError(['std::_List_iterator< ns3::Address >'],) in wrapper public: retval? ???::AddressEnd (params?);
  [])
/home/omri/Programs/ns-3/workspace/ns-allinone-3.14.1/ns-3.14.1/src/network/bindings/modulegen__gcc_LP64.py:6454: Warning: exception TypeLookupError(['std::_List_const_iterator< ns3::Address >'],) in wrapper public: retval? ???::AddressEnd (params?) const;
  is_const=True)
/home/omri/Programs/ns-3/workspace/ns-allinone-3.14.1/ns-3.14.1/src/network/bindings/modulegen__gcc_LP64.py:6458: Warning: exception TypeLookupError(['std::_List_iterator< ns3::Address >'],) in wrapper public: retval? ???::AddressErase (params?);
  [param('std::_List_iterator< ns3::Address >', 'position')])
/home/omri/Programs/ns-3/workspace/ns-allinone-3.14.1/ns-3.14.1/src/network/bindings/modulegen__gcc_LP64.py:6462: Warning: exception TypeLookupError(['std::_List_iterator< ns3::Address >'],) in wrapper public: retval? ???::AddressErase (params?);
  [param('std::_List_iterator< ns3::Address >', 'first'), param('std::_List_iterator< ns3::Address >', 'last')])
/home/omri/Programs/ns-3/workspace/ns-allinone-3.14.1/ns-3.14.1/src/network/bindings/modulegen__gcc_LP64.py:6471: Warning: exception TypeLookupError(['std::_List_iterator< ns3::Address >'],) in wrapper public: retval? ???::AddressInsert (params?);
  [param('std::_List_iterator< ns3::Address >', 'position'), param('ns3::Address const', 'value')])
/home/omri/Programs/ns-3/workspace/ns-allinone-3.14.1/ns-3.14.1/src/network/bindings/modulegen__gcc_LP64.py:6510: Warning: exception TypeLookupError(['std::_List_iterator< unsigned char >'],) in wrapper public: retval? ???::PrefixBegin (params?);
  [])
/home/omri/Programs/ns-3/workspace/ns-allinone-3.14.1/ns-3.14.1/src/network/bindings/modulegen__gcc_LP64.py:6515: Warning: exception TypeLookupError(['std::_List_const_iterator< unsigned char >'],) in wrapper public: retval? ???::PrefixBegin (params?) const;
  is_const=True)
/home/omri/Programs/ns-3/workspace/ns-allinone-3.14.1/ns-3.14.1/src/network/bindings/modulegen__gcc_LP64.py:6528: Warning: exception TypeLookupError(['std::_List_iterator< unsigned char >'],) in wrapper public: retval? ???::PrefixEnd (params?);
  [])
/home/omri/Programs/ns-3/workspace/ns-allinone-3.14.1/ns-3.14.1/src/network/bindings/modulegen__gcc_LP64.py:6533: Warning: exception TypeLookupError(['std::_List_const_iterator< unsigned char >'],) in wrapper public: retval? ???::PrefixEnd (params?) const;
  is_const=True)
/home/omri/Programs/ns-3/workspace/ns-allinone-3.14.1/ns-3.14.1/src/network/bindings/modulegen__gcc_LP64.py:6537: Warning: exception TypeLookupError(['std::_List_iterator< unsigned char >'],) in wrapper public: retval? ???::PrefixErase (params?);
  [param('std::_List_iterator< unsigned char >', 'position')])
/home/omri/Programs/ns-3/workspace/ns-allinone-3.14.1/ns-3.14.1/src/network/bindings/modulegen__gcc_LP64.py:6541: Warning: exception TypeLookupError(['std::_List_iterator< unsigned char >'],) in wrapper public: retval? ???::PrefixErase (params?);
  [param('std::_List_iterator< unsigned char >', 'first'), param('std::_List_iterator< unsigned char >', 'last')])
/home/omri/Programs/ns-3/workspace/ns-allinone-3.14.1/ns-3.14.1/src/network/bindings/modulegen__gcc_LP64.py:6550: Warning: exception TypeLookupError(['std::_List_iterator< unsigned char >'],) in wrapper public: retval? ???::PrefixInsert (params?);
  [param('std::_List_iterator< unsigned char >', 'position'), param('uint8_t const', 'value')])
/home/omri/Programs/ns-3/workspace/ns-allinone-3.14.1/ns-3.14.1/src/network/bindings/modulegen__gcc_LP64.py:6576: Warning: exception TypeLookupError(['std::ostream &'],) in wrapper public: retval? ???::Print (params?) const;
  is_const=True)
/home/omri/Programs/ns-3/workspace/ns-allinone-3.14.1/ns-3.14.1/src/network/bindings/modulegen__gcc_LP64.py:6581: Warning: exception TypeLookupError(['std::ostream &'],) in wrapper public: retval? ???::Print (params?) const;
  is_const=True)
/home/omri/Programs/ns-3/workspace/ns-allinone-3.14.1/ns-3.14.1/src/network/bindings/modulegen__gcc_LP64.py:6595: Warning: exception TypeLookupError(['ns3::Ptr< ns3::PbbAddressTlv >'],) in wrapper public: retval? ???::TlvBack (params?) const;
  is_const=True)
/home/omri/Programs/ns-3/workspace/ns-allinone-3.14.1/ns-3.14.1/src/network/bindings/modulegen__gcc_LP64.py:6599: Warning: exception TypeLookupError(['std::_List_iterator< ns3::Ptr< ns3::PbbAddressTlv > >'],) in wrapper public: retval? ???::TlvBegin (params?);
  [])
/home/omri/Programs/ns-3/workspace/ns-allinone-3.14.1/ns-3.14.1/src/network/bindings/modulegen__gcc_LP64.py:6604: Warning: exception TypeLookupError(['std::_List_const_iterator< ns3::Ptr< ns3::PbbAddressTlv > >'],) in wrapper public: retval? ???::TlvBegin (params?) const;
  is_const=True)
/home/omri/Programs/ns-3/workspace/ns-allinone-3.14.1/ns-3.14.1/src/network/bindings/modulegen__gcc_LP64.py:6617: Warning: exception TypeLookupError(['std::_List_iterator< ns3::Ptr< ns3::PbbAddressTlv > >'],) in wrapper public: retval? ???::TlvEnd (params?);
  [])
/home/omri/Programs/ns-3/workspace/ns-allinone-3.14.1/ns-3.14.1/src/network/bindings/modulegen__gcc_LP64.py:6622: Warning: exception TypeLookupError(['std::_List_const_iterator< ns3::Ptr< ns3::PbbAddressTlv > >'],) in wrapper public: retval? ???::TlvEnd (params?) const;
  is_const=True)
/home/omri/Programs/ns-3/workspace/ns-allinone-3.14.1/ns-3.14.1/src/network/bindings/modulegen__gcc_LP64.py:6626: Warning: exception TypeLookupError(['std::_List_iterator< ns3::Ptr< ns3::PbbAddressTlv > >'],) in wrapper public: retval? ???::TlvErase (params?);
  [param('std::_List_iterator< ns3::Ptr< ns3::PbbAddressTlv > >', 'position')])
/home/omri/Programs/ns-3/workspace/ns-allinone-3.14.1/ns-3.14.1/src/network/bindings/modulegen__gcc_LP64.py:6630: Warning: exception TypeLookupError(['std::_List_iterator< ns3::Ptr< ns3::PbbAddressTlv > >'],) in wrapper public: retval? ???::TlvErase (params?);
  [param('std::_List_iterator< ns3::Ptr< ns3::PbbAddressTlv > >', 'first'), param('std::_List_iterator< ns3::Ptr< ns3::PbbAddressTlv > >', 'last')])
/home/omri/Programs/ns-3/workspace/ns-allinone-3.14.1/ns-3.14.1/src/network/bindings/modulegen__gcc_LP64.py:6639: Warning: exception TypeLookupError(['ns3::Ptr< ns3::PbbAddressTlv >'],) in wrapper public: retval? ???::TlvFront (params?) const;
  is_const=True)
/home/omri/Programs/ns-3/workspace/ns-allinone-3.14.1/ns-3.14.1/src/network/bindings/modulegen__gcc_LP64.py:6643: Warning: exception TypeLookupError(['std::_List_iterator< ns3::Ptr< ns3::PbbAddressTlv > >'],) in wrapper public: retval? ???::TlvInsert (params?);
  [param('std::_List_iterator< ns3::Ptr< ns3::PbbAddressTlv > >', 'position'), param('ns3::Ptr< ns3::PbbTlv > const', 'value')])
/home/omri/Programs/ns-3/workspace/ns-allinone-3.14.1/ns-3.14.1/src/network/bindings/modulegen__gcc_LP64.py:6669: Warning: exception TypeConfigurationError('direction not given',) in wrapper protected: virtual retval? ???::DeserializeAddress (params?) const = 0;
  is_pure_virtual=True, is_const=True, visibility='protected', is_virtual=True)
/home/omri/Programs/ns-3/workspace/ns-allinone-3.14.1/ns-3.14.1/src/network/bindings/modulegen__gcc_LP64.py:6679: Warning: exception TypeLookupError(['std::ostream &'],) in wrapper protected: virtual retval? ???::PrintAddress (params?) const = 0;
  is_pure_virtual=True, is_const=True, visibility='protected', is_virtual=True)
/home/omri/Programs/ns-3/workspace/ns-allinone-3.14.1/ns-3.14.1/src/network/bindings/modulegen__gcc_LP64.py:6684: Warning: exception TypeConfigurationError('direction not given',) in wrapper protected: virtual retval? ???::SerializeAddress (params?) const = 0;
  is_pure_virtual=True, is_const=True, visibility='protected', is_virtual=True)
/home/omri/Programs/ns-3/workspace/ns-allinone-3.14.1/ns-3.14.1/src/network/bindings/modulegen__gcc_LP64.py:6696: Warning: exception TypeConfigurationError('direction not given',) in wrapper protected: virtual retval? ???::DeserializeAddress (params?) const;
  is_const=True, visibility='protected', is_virtual=True)
/home/omri/Programs/ns-3/workspace/ns-allinone-3.14.1/ns-3.14.1/src/network/bindings/modulegen__gcc_LP64.py:6706: Warning: exception TypeLookupError(['std::ostream &'],) in wrapper protected: virtual retval? ???::PrintAddress (params?) const;
  is_const=True, visibility='protected', is_virtual=True)
/home/omri/Programs/ns-3/workspace/ns-allinone-3.14.1/ns-3.14.1/src/network/bindings/modulegen__gcc_LP64.py:6711: Warning: exception TypeConfigurationError('direction not given',) in wrapper protected: virtual retval? ???::SerializeAddress (params?) const;
  is_const=True, visibility='protected', is_virtual=True)
/home/omri/Programs/ns-3/workspace/ns-allinone-3.14.1/ns-3.14.1/src/network/bindings/modulegen__gcc_LP64.py:6723: Warning: exception TypeConfigurationError('direction not given',) in wrapper protected: virtual retval? ???::DeserializeAddress (params?) const;
  is_const=True, visibility='protected', is_virtual=True)
/home/omri/Programs/ns-3/workspace/ns-allinone-3.14.1/ns-3.14.1/src/network/bindings/modulegen__gcc_LP64.py:6733: Warning: exception TypeLookupError(['std::ostream &'],) in wrapper protected: virtual retval? ???::PrintAddress (params?) const;
  is_const=True, visibility='protected', is_virtual=True)
/home/omri/Programs/ns-3/workspace/ns-allinone-3.14.1/ns-3.14.1/src/network/bindings/modulegen__gcc_LP64.py:6738: Warning: exception TypeConfigurationError('direction not given',) in wrapper protected: virtual retval? ???::SerializeAddress (params?) const;
  is_const=True, visibility='protected', is_virtual=True)
/home/omri/Programs/ns-3/workspace/ns-allinone-3.14.1/ns-3.14.1/src/network/bindings/modulegen__gcc_LP64.py:6756: Warning: exception TypeLookupError(['ns3::Ptr< ns3::PbbAddressBlock >'],) in wrapper public: retval? ???::AddressBlockBack (params?) const;
  is_const=True)
/home/omri/Programs/ns-3/workspace/ns-allinone-3.14.1/ns-3.14.1/src/network/bindings/modulegen__gcc_LP64.py:6760: Warning: exception TypeLookupError(['std::_List_iterator< ns3::Ptr< ns3::PbbAddressBlock > >'],) in wrapper public: retval? ???::AddressBlockBegin (params?);
  [])
/home/omri/Programs/ns-3/workspace/ns-allinone-3.14.1/ns-3.14.1/src/network/bindings/modulegen__gcc_LP64.py:6765: Warning: exception TypeLookupError(['std::_List_const_iterator< ns3::Ptr< ns3::PbbAddressBlock > >'],) in wrapper public: retval? ???::AddressBlockBegin (params?) const;
  is_const=True)
/home/omri/Programs/ns-3/workspace/ns-allinone-3.14.1/ns-3.14.1/src/network/bindings/modulegen__gcc_LP64.py:6778: Warning: exception TypeLookupError(['std::_List_iterator< ns3::Ptr< ns3::PbbAddressBlock > >'],) in wrapper public: retval? ???::AddressBlockEnd (params?);
  [])
/home/omri/Programs/ns-3/workspace/ns-allinone-3.14.1/ns-3.14.1/src/network/bindings/modulegen__gcc_LP64.py:6783: Warning: exception TypeLookupError(['std::_List_const_iterator< ns3::Ptr< ns3::PbbAddressBlock > >'],) in wrapper public: retval? ???::AddressBlockEnd (params?) const;
  is_const=True)
/home/omri/Programs/ns-3/workspace/ns-allinone-3.14.1/ns-3.14.1/src/network/bindings/modulegen__gcc_LP64.py:6787: Warning: exception TypeLookupError(['std::_List_iterator< ns3::Ptr< ns3::PbbAddressBlock > >'],) in wrapper public: retval? ???::AddressBlockErase (params?);
  [param('std::_List_iterator< ns3::Ptr< ns3::PbbAddressBlock > >', 'position')])
/home/omri/Programs/ns-3/workspace/ns-allinone-3.14.1/ns-3.14.1/src/network/bindings/modulegen__gcc_LP64.py:6791: Warning: exception TypeLookupError(['std::_List_iterator< ns3::Ptr< ns3::PbbAddressBlock > >'],) in wrapper public: retval? ???::AddressBlockErase (params?);
  [param('std::_List_iterator< ns3::Ptr< ns3::PbbAddressBlock > >', 'first'), param('std::_List_iterator< ns3::Ptr< ns3::PbbAddressBlock > >', 'last')])
/home/omri/Programs/ns-3/workspace/ns-allinone-3.14.1/ns-3.14.1/src/network/bindings/modulegen__gcc_LP64.py:6800: Warning: exception TypeLookupError(['ns3::Ptr< ns3::PbbAddressBlock >'],) in wrapper public: retval? ???::AddressBlockFront (params?) const;
  is_const=True)
/home/omri/Programs/ns-3/workspace/ns-allinone-3.14.1/ns-3.14.1/src/network/bindings/modulegen__gcc_LP64.py:6885: Warning: exception TypeLookupError(['std::ostream &'],) in wrapper public: retval? ???::Print (params?) const;
  is_const=True)
/home/omri/Programs/ns-3/workspace/ns-allinone-3.14.1/ns-3.14.1/src/network/bindings/modulegen__gcc_LP64.py:6890: Warning: exception TypeLookupError(['std::ostream &'],) in wrapper public: retval? ???::Print (params?) const;
  is_const=True)
/home/omri/Programs/ns-3/workspace/ns-allinone-3.14.1/ns-3.14.1/src/network/bindings/modulegen__gcc_LP64.py:6924: Warning: exception TypeLookupError(['ns3::Ptr< ns3::PbbTlv >'],) in wrapper public: retval? ???::TlvBack (params?) const;
  is_const=True)
/home/omri/Programs/ns-3/workspace/ns-allinone-3.14.1/ns-3.14.1/src/network/bindings/modulegen__gcc_LP64.py:6928: Warning: exception TypeLookupError(['std::_List_iterator< ns3::Ptr< ns3::PbbTlv > >'],) in wrapper public: retval? ???::TlvBegin (params?);
  [])
/home/omri/Programs/ns-3/workspace/ns-allinone-3.14.1/ns-3.14.1/src/network/bindings/modulegen__gcc_LP64.py:6933: Warning: exception TypeLookupError(['std::_List_const_iterator< ns3::Ptr< ns3::PbbTlv > >'],) in wrapper public: retval? ???::TlvBegin (params?) const;
  is_const=True)
/home/omri/Programs/ns-3/workspace/ns-allinone-3.14.1/ns-3.14.1/src/network/bindings/modulegen__gcc_LP64.py:6946: Warning: exception TypeLookupError(['std::_List_iterator< ns3::Ptr< ns3::PbbTlv > >'],) in wrapper public: retval? ???::TlvEnd (params?);
  [])
/home/omri/Programs/ns-3/workspace/ns-allinone-3.14.1/ns-3.14.1/src/network/bindings/modulegen__gcc_LP64.py:6951: Warning: exception TypeLookupError(['std::_List_const_iterator< ns3::Ptr< ns3::PbbTlv > >'],) in wrapper public: retval? ???::TlvEnd (params?) const;
  is_const=True)
/home/omri/Programs/ns-3/workspace/ns-allinone-3.14.1/ns-3.14.1/src/network/bindings/modulegen__gcc_LP64.py:6955: Warning: exception TypeLookupError(['std::_List_iterator< ns3::Ptr< ns3::PbbTlv > >'],) in wrapper public: retval? ???::TlvErase (params?);
  [param('std::_List_iterator< ns3::Ptr< ns3::PbbTlv > >', 'position')])
/home/omri/Programs/ns-3/workspace/ns-allinone-3.14.1/ns-3.14.1/src/network/bindings/modulegen__gcc_LP64.py:6959: Warning: exception TypeLookupError(['std::_List_iterator< ns3::Ptr< ns3::PbbTlv > >'],) in wrapper public: retval? ???::TlvErase (params?);
  [param('std::_List_iterator< ns3::Ptr< ns3::PbbTlv > >', 'first'), param('std::_List_iterator< ns3::Ptr< ns3::PbbTlv > >', 'last')])
/home/omri/Programs/ns-3/workspace/ns-allinone-3.14.1/ns-3.14.1/src/network/bindings/modulegen__gcc_LP64.py:6968: Warning: exception TypeLookupError(['ns3::Ptr< ns3::PbbTlv >'],) in wrapper public: retval? ???::TlvFront (params?) const;
  is_const=True)
/home/omri/Programs/ns-3/workspace/ns-allinone-3.14.1/ns-3.14.1/src/network/bindings/modulegen__gcc_LP64.py:7009: Warning: exception TypeLookupError(['std::ostream &'],) in wrapper protected: virtual retval? ???::PrintOriginatorAddress (params?) const = 0;
  is_pure_virtual=True, is_const=True, visibility='protected', is_virtual=True)
/home/omri/Programs/ns-3/workspace/ns-allinone-3.14.1/ns-3.14.1/src/network/bindings/modulegen__gcc_LP64.py:7041: Warning: exception TypeLookupError(['std::ostream &'],) in wrapper protected: virtual retval? ???::PrintOriginatorAddress (params?) const;
  is_const=True, visibility='protected', is_virtual=True)
/home/omri/Programs/ns-3/workspace/ns-allinone-3.14.1/ns-3.14.1/src/network/bindings/modulegen__gcc_LP64.py:7073: Warning: exception TypeLookupError(['std::ostream &'],) in wrapper protected: virtual retval? ???::PrintOriginatorAddress (params?) const;
  is_const=True, visibility='protected', is_virtual=True)
/home/omri/Programs/ns-3/workspace/ns-allinone-3.14.1/ns-3.14.1/src/network/bindings/modulegen__gcc_LP64.py:7096: Warning: exception TypeLookupError(['std::_List_iterator< ns3::Ptr< ns3::PbbTlv > >'],) in wrapper public: retval? ???::Erase (params?);
  [param('std::_List_iterator< ns3::Ptr< ns3::PbbTlv > >', 'position')])
/home/omri/Programs/ns-3/workspace/ns-allinone-3.14.1/ns-3.14.1/src/network/bindings/modulegen__gcc_LP64.py:7100: Warning: exception TypeLookupError(['std::_List_iterator< ns3::Ptr< ns3::PbbTlv > >'],) in wrapper public: retval? ???::Erase (params?);
  [param('std::_List_iterator< ns3::Ptr< ns3::PbbTlv > >', 'first'), param('std::_List_iterator< ns3::Ptr< ns3::PbbTlv > >', 'last')])
/home/omri/Programs/ns-3/workspace/ns-allinone-3.14.1/ns-3.14.1/src/network/bindings/modulegen__gcc_LP64.py:7104: Warning: exception TypeLookupError(['std::_List_iterator< ns3::Ptr< ns3::PbbMessage > >'],) in wrapper public: retval? ???::Erase (params?);
  [param('std::_List_iterator< ns3::Ptr< ns3::PbbMessage > >', 'position')])
/home/omri/Programs/ns-3/workspace/ns-allinone-3.14.1/ns-3.14.1/src/network/bindings/modulegen__gcc_LP64.py:7108: Warning: exception TypeLookupError(['std::_List_iterator< ns3::Ptr< ns3::PbbMessage > >'],) in wrapper public: retval? ???::Erase (params?);
  [param('std::_List_iterator< ns3::Ptr< ns3::PbbMessage > >', 'first'), param('std::_List_iterator< ns3::Ptr< ns3::PbbMessage > >', 'last')])
/home/omri/Programs/ns-3/workspace/ns-allinone-3.14.1/ns-3.14.1/src/network/bindings/modulegen__gcc_LP64.py:7147: Warning: exception TypeLookupError(['ns3::Ptr< ns3::PbbMessage >'],) in wrapper public: retval? ???::MessageBack (params?) const;
  is_const=True)
/home/omri/Programs/ns-3/workspace/ns-allinone-3.14.1/ns-3.14.1/src/network/bindings/modulegen__gcc_LP64.py:7151: Warning: exception TypeLookupError(['std::_List_iterator< ns3::Ptr< ns3::PbbMessage > >'],) in wrapper public: retval? ???::MessageBegin (params?);
  [])
/home/omri/Programs/ns-3/workspace/ns-allinone-3.14.1/ns-3.14.1/src/network/bindings/modulegen__gcc_LP64.py:7156: Warning: exception TypeLookupError(['std::_List_const_iterator< ns3::Ptr< ns3::PbbMessage > >'],) in wrapper public: retval? ???::MessageBegin (params?) const;
  is_const=True)
/home/omri/Programs/ns-3/workspace/ns-allinone-3.14.1/ns-3.14.1/src/network/bindings/modulegen__gcc_LP64.py:7169: Warning: exception TypeLookupError(['std::_List_iterator< ns3::Ptr< ns3::PbbMessage > >'],) in wrapper public: retval? ???::MessageEnd (params?);
  [])
/home/omri/Programs/ns-3/workspace/ns-allinone-3.14.1/ns-3.14.1/src/network/bindings/modulegen__gcc_LP64.py:7174: Warning: exception TypeLookupError(['std::_List_const_iterator< ns3::Ptr< ns3::PbbMessage > >'],) in wrapper public: retval? ???::MessageEnd (params?) const;
  is_const=True)
/home/omri/Programs/ns-3/workspace/ns-allinone-3.14.1/ns-3.14.1/src/network/bindings/modulegen__gcc_LP64.py:7183: Warning: exception TypeLookupError(['ns3::Ptr< ns3::PbbMessage >'],) in wrapper public: retval? ???::MessageFront (params?) const;
  is_const=True)
/home/omri/Programs/ns-3/workspace/ns-allinone-3.14.1/ns-3.14.1/src/network/bindings/modulegen__gcc_LP64.py:7209: Warning: exception TypeLookupError(['std::ostream &'],) in wrapper public: virtual retval? ???::Print (params?) const;
  is_const=True, is_virtual=True)
/home/omri/Programs/ns-3/workspace/ns-allinone-3.14.1/ns-3.14.1/src/network/bindings/modulegen__gcc_LP64.py:7227: Warning: exception TypeLookupError(['ns3::Ptr< ns3::PbbTlv >'],) in wrapper public: retval? ???::TlvBack (params?) const;
  is_const=True)
/home/omri/Programs/ns-3/workspace/ns-allinone-3.14.1/ns-3.14.1/src/network/bindings/modulegen__gcc_LP64.py:7231: Warning: exception TypeLookupError(['std::_List_iterator< ns3::Ptr< ns3::PbbTlv > >'],) in wrapper public: retval? ???::TlvBegin (params?);
  [])
/home/omri/Programs/ns-3/workspace/ns-allinone-3.14.1/ns-3.14.1/src/network/bindings/modulegen__gcc_LP64.py:7236: Warning: exception TypeLookupError(['std::_List_const_iterator< ns3::Ptr< ns3::PbbTlv > >'],) in wrapper public: retval? ???::TlvBegin (params?) const;
  is_const=True)
/home/omri/Programs/ns-3/workspace/ns-allinone-3.14.1/ns-3.14.1/src/network/bindings/modulegen__gcc_LP64.py:7249: Warning: exception TypeLookupError(['std::_List_iterator< ns3::Ptr< ns3::PbbTlv > >'],) in wrapper public: retval? ???::TlvEnd (params?);
  [])
/home/omri/Programs/ns-3/workspace/ns-allinone-3.14.1/ns-3.14.1/src/network/bindings/modulegen__gcc_LP64.py:7254: Warning: exception TypeLookupError(['std::_List_const_iterator< ns3::Ptr< ns3::PbbTlv > >'],) in wrapper public: retval? ???::TlvEnd (params?) const;
  is_const=True)
/home/omri/Programs/ns-3/workspace/ns-allinone-3.14.1/ns-3.14.1/src/network/bindings/modulegen__gcc_LP64.py:7263: Warning: exception TypeLookupError(['ns3::Ptr< ns3::PbbTlv >'],) in wrapper public: retval? ???::TlvFront (params?) const;
  is_const=True)
/home/omri/Programs/ns-3/workspace/ns-allinone-3.14.1/ns-3.14.1/src/network/bindings/modulegen__gcc_LP64.py:7332: Warning: exception TypeLookupError(['std::ostream &'],) in wrapper public: retval? ???::Print (params?) const;
  is_const=True)
/home/omri/Programs/ns-3/workspace/ns-allinone-3.14.1/ns-3.14.1/src/network/bindings/modulegen__gcc_LP64.py:7337: Warning: exception TypeLookupError(['std::ostream &'],) in wrapper public: retval? ???::Print (params?) const;
  is_const=True)
/home/omri/Programs/ns-3/workspace/ns-allinone-3.14.1/ns-3.14.1/src/network/bindings/modulegen__gcc_LP64.py:7358: Warning: exception TypeConfigurationError('direction not given',) in wrapper public: retval? ???::SetValue (params?);
  [param('uint8_t const *', 'buffer'), param('uint32_t', 'size')])
/home/omri/Programs/ns-3/workspace/ns-allinone-3.14.1/ns-3.14.1/src/network/bindings/modulegen__gcc_LP64.py:7570: Warning: exception TypeLookupError(['ns3::Callback< void, ns3::empty, ns3::empty, ns3::empty, ns3::empty, ns3::empty, ns3::empty, ns3::empty, ns3::empty, ns3::empty >'],) in wrapper public: virtual retval? ???::AddLinkChangeCallback (params?);
  is_virtual=True)
/home/omri/Programs/ns-3/workspace/ns-allinone-3.14.1/pybindgen-0.15.0.809/pybindgen/cppclass_typehandlers.py:1134: UserWarning: Returning shared pointers is dangerous!  The C++ API should be redesigned to avoid this situation.
  warnings.warn("Returning shared pointers is dangerous!"
bindings/python/ns3modulegen-modular.py:27: UserWarning: exception CodeGenerationError('ns3::AsciiTraceHelperForDevice cannot be constructed (class has pure virtual methods)',) in wrapper <pybindgen.CppClass 'ns3::AsciiTraceHelperForDevice'>
  warnings.warn("exception %r in wrapper %s" % (exception, wrapper))
bindings/python/ns3modulegen-modular.py:27: UserWarning: exception CodeGenerationError('ns3::PcapHelperForDevice cannot be constructed (class has pure virtual methods)',) in wrapper <pybindgen.CppClass 'ns3::PcapHelperForDevice'>
  warnings.warn("exception %r in wrapper %s" % (exception, wrapper))
bindings/python/ns3modulegen-modular.py:27: UserWarning: exception CodeGenerationError('ns3::Tag cannot be constructed (have pure virtual methods but no helper class)',) in wrapper <pybindgen.CppClass 'ns3::Tag'>
  warnings.warn("exception %r in wrapper %s" % (exception, wrapper))
bindings/python/ns3modulegen-modular.py:27: UserWarning: exception CodeGenerationError('ns3::Chunk cannot be constructed (have pure virtual methods but no helper class)',) in wrapper <pybindgen.CppClass 'ns3::Chunk'>
  warnings.warn("exception %r in wrapper %s" % (exception, wrapper))
bindings/python/ns3modulegen-modular.py:27: UserWarning: exception CodeGenerationError('ns3::Header cannot be constructed (have pure virtual methods but no helper class)',) in wrapper <pybindgen.CppClass 'ns3::Header'>
  warnings.warn("exception %r in wrapper %s" % (exception, wrapper))
bindings/python/ns3modulegen-modular.py:27: UserWarning: exception CodeGenerationError('ns3::Queue cannot be constructed (class has pure virtual methods)',) in wrapper <pybindgen.CppClass 'ns3::Queue'>
  warnings.warn("exception %r in wrapper %s" % (exception, wrapper))
bindings/python/ns3modulegen-modular.py:27: UserWarning: exception CodeGenerationError('ns3::SimpleRefCount< ns3::PbbPacket, ns3::Header, ns3::DefaultDeleter<ns3::PbbPacket> > cannot be constructed (have pure virtual methods but no helper class)',) in wrapper <pybindgen.CppClass 'ns3::SimpleRefCount< ns3::PbbPacket, ns3::Header, ns3::DefaultDeleter<ns3::PbbPacket> >'>
  warnings.warn("exception %r in wrapper %s" % (exception, wrapper))
bindings/python/ns3modulegen-modular.py:27: UserWarning: exception CodeGenerationError('ns3::Socket cannot be constructed (class has pure virtual methods)',) in wrapper <pybindgen.CppClass 'ns3::Socket'>
  warnings.warn("exception %r in wrapper %s" % (exception, wrapper))
bindings/python/ns3modulegen-modular.py:27: UserWarning: exception CodeGenerationError('ns3::SocketFactory cannot be constructed (class has pure virtual methods)',) in wrapper <pybindgen.CppClass 'ns3::SocketFactory'>
  warnings.warn("exception %r in wrapper %s" % (exception, wrapper))
bindings/python/ns3modulegen-modular.py:27: UserWarning: exception CodeGenerationError('ns3::Trailer cannot be constructed (have pure virtual methods but no helper class)',) in wrapper <pybindgen.CppClass 'ns3::Trailer'>
  warnings.warn("exception %r in wrapper %s" % (exception, wrapper))
bindings/python/ns3modulegen-modular.py:27: UserWarning: exception CodeGenerationError('ns3::Channel cannot be constructed (class has pure virtual methods)',) in wrapper <pybindgen.CppClass 'ns3::Channel'>
  warnings.warn("exception %r in wrapper %s" % (exception, wrapper))
bindings/python/ns3modulegen-modular.py:27: UserWarning: exception CodeGenerationError('ns3::DataRateChecker cannot be constructed (have pure virtual methods but no helper class)',) in wrapper <pybindgen.CppClass 'ns3::DataRateChecker'>
  warnings.warn("exception %r in wrapper %s" % (exception, wrapper))
bindings/python/ns3modulegen-modular.py:27: UserWarning: exception CodeGenerationError('ns3::ErrorModel cannot be constructed (class has pure virtual methods)',) in wrapper <pybindgen.CppClass 'ns3::ErrorModel'>
  warnings.warn("exception %r in wrapper %s" % (exception, wrapper))
bindings/python/ns3modulegen-modular.py:27: UserWarning: exception CodeGenerationError('ns3::Ipv4AddressChecker cannot be constructed (have pure virtual methods but no helper class)',) in wrapper <pybindgen.CppClass 'ns3::Ipv4AddressChecker'>
  warnings.warn("exception %r in wrapper %s" % (exception, wrapper))
bindings/python/ns3modulegen-modular.py:27: UserWarning: exception CodeGenerationError('ns3::Ipv4MaskChecker cannot be constructed (have pure virtual methods but no helper class)',) in wrapper <pybindgen.CppClass 'ns3::Ipv4MaskChecker'>
  warnings.warn("exception %r in wrapper %s" % (exception, wrapper))
bindings/python/ns3modulegen-modular.py:27: UserWarning: exception CodeGenerationError('ns3::Ipv6AddressChecker cannot be constructed (have pure virtual methods but no helper class)',) in wrapper <pybindgen.CppClass 'ns3::Ipv6AddressChecker'>
  warnings.warn("exception %r in wrapper %s" % (exception, wrapper))
bindings/python/ns3modulegen-modular.py:27: UserWarning: exception CodeGenerationError('ns3::Ipv6PrefixChecker cannot be constructed (have pure virtual methods but no helper class)',) in wrapper <pybindgen.CppClass 'ns3::Ipv6PrefixChecker'>
  warnings.warn("exception %r in wrapper %s" % (exception, wrapper))
bindings/python/ns3modulegen-modular.py:27: UserWarning: exception CodeGenerationError('ns3::Mac48AddressChecker cannot be constructed (have pure virtual methods but no helper class)',) in wrapper <pybindgen.CppClass 'ns3::Mac48AddressChecker'>
  warnings.warn("exception %r in wrapper %s" % (exception, wrapper))
bindings/python/ns3modulegen-modular.py:27: UserWarning: exception CodeGenerationError('ns3::NetDevice cannot be constructed (have pure virtual methods but no helper class)',) in wrapper <pybindgen.CppClass 'ns3::NetDevice'>
  warnings.warn("exception %r in wrapper %s" % (exception, wrapper))
bindings/python/ns3modulegen-modular.py:27: UserWarning: exception CodeGenerationError('ns3::PbbAddressBlock cannot be constructed (have pure virtual methods but no helper class)',) in wrapper <pybindgen.CppClass 'ns3::PbbAddressBlock'>
  warnings.warn("exception %r in wrapper %s" % (exception, wrapper))
bindings/python/ns3modulegen-modular.py:27: UserWarning: exception CodeGenerationError('ns3::PbbMessage cannot be constructed (have pure virtual methods but no helper class)',) in wrapper <pybindgen.CppClass 'ns3::PbbMessage'>
  warnings.warn("exception %r in wrapper %s" % (exception, wrapper))
bindings/python/ns3modulegen-modular.py:27: UserWarning: exception CodeGenerationError('ns3::AddressChecker cannot be constructed (have pure virtual methods but no helper class)',) in wrapper <pybindgen.CppClass 'ns3::AddressChecker'>
  warnings.warn("exception %r in wrapper %s" % (exception, wrapper))
