>>>>>>>>>>>>>>>> [['void', 'ns3::Ptr<ns3::NetDevice>', 'ns3::Ptr<ns3::Packet const>', 'unsigned short', 'ns3::Address const&', 'ns3::Address const&', 'ns3::NetDevice::PacketType', 'ns3::empty', 'ns3::empty', 'ns3::empty'], ['void', 'ns3::Ptr<ns3::PacketBurst const>', 'ns3::empty', 'ns3::empty', 'ns3::empty', 'ns3::empty', 'ns3::empty', 'ns3::empty', 'ns3::empty', 'ns3::empty'], ['void', 'ns3::empty', 'ns3::empty', 'ns3::empty', 'ns3::empty', 'ns3::empty', 'ns3::empty', 'ns3::empty', 'ns3::empty', 'ns3::empty'], ['bool', 'ns3::Ptr<ns3::NetDevice>', 'ns3::Ptr<ns3::Packet const>', 'unsigned short', 'ns3::Address const&', 'ns3::Address const&', 'ns3::NetDevice::PacketType', 'ns3::empty', 'ns3::empty', 'ns3::empty'], ['bool', 'ns3::Ptr<ns3::NetDevice>', 'ns3::Ptr<ns3::Packet const>', 'unsigned short', 'ns3::Address const&', 'ns3::empty', 'ns3::empty', 'ns3::empty', 'ns3::empty', 'ns3::empty'], ['void', 'bool', 'unsigned long', 'ns3::empty', 'ns3::empty', 'ns3::empty', 'ns3::empty', 'ns3::empty', 'ns3::empty', 'ns3::empty']]
bindings/python/ns3modulegen-modular.py:27: UserWarning: exception TypeConfigurationError('Either caller_owns_return or self.reference_existing_object must be given',) in wrapper <pybindgen.Container 'std::vector< ns3::ServiceFlow * >'>
  warnings.warn("exception %r in wrapper %s" % (exception, wrapper))
bindings/python/ns3modulegen-modular.py:27: UserWarning: exception TypeConfigurationError('Either caller_owns_return or self.reference_existing_object must be given',) in wrapper <pybindgen.Container 'std::vector< ns3::SSRecord * >'>
  warnings.warn("exception %r in wrapper %s" % (exception, wrapper))
bindings/python/ns3modulegen-modular.py:27: UserWarning: exception TypeLookupError(['std::pair< ns3::OfdmDlMapIe *, ns3::Ptr< ns3::PacketBurst > >'],) in wrapper <pybindgen.Container 'std::list< std::pair< ns3::OfdmDlMapIe *, ns3::Ptr< ns3::PacketBurst > > >'>
  warnings.warn("exception %r in wrapper %s" % (exception, wrapper))
***** registering callback handler: 'ns3::Callback< void, ns3::Ptr< ns3::NetDevice >, ns3::Ptr< ns3::Packet const >, unsigned short, ns3::Address const &, ns3::Address const &, ns3::NetDevice::PacketType, ns3::empty, ns3::empty, ns3::empty >'
***** registering callback handler: 'ns3::Callback< void, ns3::Ptr< ns3::PacketBurst const >, ns3::empty, ns3::empty, ns3::empty, ns3::empty, ns3::empty, ns3::empty, ns3::empty, ns3::empty >'
***** registering callback handler: 'ns3::Callback< void, ns3::empty, ns3::empty, ns3::empty, ns3::empty, ns3::empty, ns3::empty, ns3::empty, ns3::empty, ns3::empty >'
***** registering callback handler: 'ns3::Callback< bool, ns3::Ptr< ns3::NetDevice >, ns3::Ptr< ns3::Packet const >, unsigned short, ns3::Address const &, ns3::Address const &, ns3::NetDevice::PacketType, ns3::empty, ns3::empty, ns3::empty >'
***** registering callback handler: 'ns3::Callback< bool, ns3::Ptr< ns3::NetDevice >, ns3::Ptr< ns3::Packet const >, unsigned short, ns3::Address const &, ns3::empty, ns3::empty, ns3::empty, ns3::empty, ns3::empty >'
***** registering callback handler: 'ns3::Callback< void, bool, unsigned long, ns3::empty, ns3::empty, ns3::empty, ns3::empty, ns3::empty, ns3::empty, ns3::empty >'
/home/omri/Programs/ns-3/workspace/ns-allinone-3.14.1/ns-3.14.1/src/wimax/bindings/modulegen__gcc_LP64.py:783: Warning: exception TypeConfigurationError('direction not given',) in wrapper <pybindgen.cppmethod.CppConstructor object at 0x7f519bc4df10>
  cls.add_constructor([param('uint8_t', 'type'), param('uint8_t const *', 'buffer'), param('uint8_t', 'len')])
/home/omri/Programs/ns-3/workspace/ns-allinone-3.14.1/ns-3.14.1/src/wimax/bindings/modulegen__gcc_LP64.py:794: Warning: exception TypeConfigurationError('direction not given',) in wrapper public: retval? ???::CopyAllFrom (params?);
  [param('uint8_t const *', 'buffer'), param('uint8_t', 'len')])
/home/omri/Programs/ns-3/workspace/ns-allinone-3.14.1/ns-3.14.1/src/wimax/bindings/modulegen__gcc_LP64.py:799: Warning: exception TypeConfigurationError('direction not given',) in wrapper public: retval? ???::CopyAllTo (params?) const;
  is_const=True)
/home/omri/Programs/ns-3/workspace/ns-allinone-3.14.1/ns-3.14.1/src/wimax/bindings/modulegen__gcc_LP64.py:803: Warning: exception TypeConfigurationError('direction not given',) in wrapper public: retval? ???::CopyFrom (params?);
  [param('uint8_t const *', 'buffer'), param('uint8_t', 'len')])
/home/omri/Programs/ns-3/workspace/ns-allinone-3.14.1/ns-3.14.1/src/wimax/bindings/modulegen__gcc_LP64.py:808: Warning: exception TypeConfigurationError('direction not given',) in wrapper public: retval? ???::CopyTo (params?) const;
  is_const=True)
/home/omri/Programs/ns-3/workspace/ns-allinone-3.14.1/ns-3.14.1/src/wimax/bindings/modulegen__gcc_LP64.py:977: Warning: exception TypeLookupError(['std::_List_const_iterator< ns3::AttributeConstructionList::Item >'],) in wrapper public: retval? ???::Begin (params?) const;
  is_const=True)
/home/omri/Programs/ns-3/workspace/ns-allinone-3.14.1/ns-3.14.1/src/wimax/bindings/modulegen__gcc_LP64.py:982: Warning: exception TypeLookupError(['std::_List_const_iterator< ns3::AttributeConstructionList::Item >'],) in wrapper public: retval? ???::End (params?) const;
  is_const=True)
/home/omri/Programs/ns-3/workspace/ns-allinone-3.14.1/ns-3.14.1/src/wimax/bindings/modulegen__gcc_LP64.py:1033: Warning: exception TypeLookupError(['std::ostream *'],) in wrapper public: retval? ???::CopyData (params?) const;
  is_const=True)
/home/omri/Programs/ns-3/workspace/ns-allinone-3.14.1/ns-3.14.1/src/wimax/bindings/modulegen__gcc_LP64.py:1038: Warning: exception TypeConfigurationError('direction not given',) in wrapper public: retval? ???::CopyData (params?) const;
  is_const=True)
/home/omri/Programs/ns-3/workspace/ns-allinone-3.14.1/ns-3.14.1/src/wimax/bindings/modulegen__gcc_LP64.py:1052: Warning: exception TypeConfigurationError('direction not given',) in wrapper public: retval? ???::Deserialize (params?);
  [param('uint8_t const *', 'buffer'), param('uint32_t', 'size')])
/home/omri/Programs/ns-3/workspace/ns-allinone-3.14.1/ns-3.14.1/src/wimax/bindings/modulegen__gcc_LP64.py:1082: Warning: exception TypeLookupError(['uint8_t *'],) in wrapper public: retval? ???::PeekData (params?) const;
  is_const=True)
/home/omri/Programs/ns-3/workspace/ns-allinone-3.14.1/ns-3.14.1/src/wimax/bindings/modulegen__gcc_LP64.py:1095: Warning: exception TypeConfigurationError('direction not given',) in wrapper public: retval? ???::Serialize (params?) const;
  is_const=True)
/home/omri/Programs/ns-3/workspace/ns-allinone-3.14.1/ns-3.14.1/src/wimax/bindings/modulegen__gcc_LP64.py:1150: Warning: exception TypeConfigurationError('direction not given',) in wrapper public: retval? ???::Read (params?);
  [param('uint8_t *', 'buffer'), param('uint32_t', 'size')])
/home/omri/Programs/ns-3/workspace/ns-allinone-3.14.1/ns-3.14.1/src/wimax/bindings/modulegen__gcc_LP64.py:1194: Warning: exception TypeConfigurationError('direction not given',) in wrapper public: retval? ???::Write (params?);
  [param('uint8_t const *', 'buffer'), param('uint32_t', 'size')])
/home/omri/Programs/ns-3/workspace/ns-allinone-3.14.1/ns-3.14.1/src/wimax/bindings/modulegen__gcc_LP64.py:1636: Warning: exception TypeLookupError(['ns3::Ptr< ns3::EventImpl > &'],) in wrapper <pybindgen.cppmethod.CppConstructor object at 0x7f519ba52a90>
  cls.add_constructor([param('ns3::Ptr< ns3::EventImpl > const &', 'impl'), param('uint64_t', 'ts'), param('uint32_t', 'context'), param('uint32_t', 'uid')])
/home/omri/Programs/ns-3/workspace/ns-allinone-3.14.1/ns-3.14.1/src/wimax/bindings/modulegen__gcc_LP64.py:1670: Warning: exception TypeConfigurationError('Either caller_owns_return or self.reference_existing_object must be given',) in wrapper public: retval? ???::PeekEventImpl (params?) const;
  is_const=True)
/home/omri/Programs/ns-3/workspace/ns-allinone-3.14.1/ns-3.14.1/src/wimax/bindings/modulegen__gcc_LP64.py:1768: Warning: exception TypeConfigurationError('direction not given',) in wrapper public: retval? ???::Deserialize (params?);
  is_static=True)
/home/omri/Programs/ns-3/workspace/ns-allinone-3.14.1/ns-3.14.1/src/wimax/bindings/modulegen__gcc_LP64.py:1833: Warning: exception TypeLookupError(['std::ostream &'],) in wrapper public: retval? ???::Print (params?) const;
  is_const=True)
/home/omri/Programs/ns-3/workspace/ns-allinone-3.14.1/ns-3.14.1/src/wimax/bindings/modulegen__gcc_LP64.py:1838: Warning: exception TypeConfigurationError('direction not given',) in wrapper public: retval? ???::Serialize (params?) const;
  is_const=True)
/home/omri/Programs/ns-3/workspace/ns-allinone-3.14.1/ns-3.14.1/src/wimax/bindings/modulegen__gcc_LP64.py:1905: Warning: exception TypeLookupError(['std::ostream &'],) in wrapper public: retval? ???::Print (params?) const;
  is_const=True)
/home/omri/Programs/ns-3/workspace/ns-allinone-3.14.1/ns-3.14.1/src/wimax/bindings/modulegen__gcc_LP64.py:1922: Warning: exception TypeConfigurationError('direction not given',) in wrapper <pybindgen.cppmethod.CppConstructor object at 0x7f519b964f90>
  cls.add_constructor([param('uint8_t *', 'address')])
/home/omri/Programs/ns-3/workspace/ns-allinone-3.14.1/ns-3.14.1/src/wimax/bindings/modulegen__gcc_LP64.py:1940: Warning: exception TypeConfigurationError('direction not given',) in wrapper public: retval? ???::Deserialize (params?);
  is_static=True)
/home/omri/Programs/ns-3/workspace/ns-allinone-3.14.1/ns-3.14.1/src/wimax/bindings/modulegen__gcc_LP64.py:1965: Warning: exception TypeConfigurationError('direction not given',) in wrapper public: retval? ???::GetBytes (params?) const;
  is_const=True)
/home/omri/Programs/ns-3/workspace/ns-allinone-3.14.1/ns-3.14.1/src/wimax/bindings/modulegen__gcc_LP64.py:2069: Warning: exception TypeLookupError(['std::ostream &'],) in wrapper public: retval? ???::Print (params?) const;
  is_const=True)
/home/omri/Programs/ns-3/workspace/ns-allinone-3.14.1/ns-3.14.1/src/wimax/bindings/modulegen__gcc_LP64.py:2074: Warning: exception TypeConfigurationError('direction not given',) in wrapper public: retval? ???::Serialize (params?) const;
  is_const=True)
/home/omri/Programs/ns-3/workspace/ns-allinone-3.14.1/ns-3.14.1/src/wimax/bindings/modulegen__gcc_LP64.py:2082: Warning: exception TypeConfigurationError('direction not given',) in wrapper public: retval? ???::Set (params?);
  [param('uint8_t *', 'address')])
/home/omri/Programs/ns-3/workspace/ns-allinone-3.14.1/ns-3.14.1/src/wimax/bindings/modulegen__gcc_LP64.py:2092: Warning: exception TypeConfigurationError('direction not given',) in wrapper <pybindgen.cppmethod.CppConstructor object at 0x7f519b93a310>
  cls.add_constructor([param('uint8_t *', 'prefix')])
/home/omri/Programs/ns-3/workspace/ns-allinone-3.14.1/ns-3.14.1/src/wimax/bindings/modulegen__gcc_LP64.py:2105: Warning: exception TypeConfigurationError('direction not given',) in wrapper public: retval? ???::GetBytes (params?) const;
  is_const=True)
/home/omri/Programs/ns-3/workspace/ns-allinone-3.14.1/ns-3.14.1/src/wimax/bindings/modulegen__gcc_LP64.py:2140: Warning: exception TypeLookupError(['std::ostream &'],) in wrapper public: retval? ???::Print (params?) const;
  is_const=True)
/home/omri/Programs/ns-3/workspace/ns-allinone-3.14.1/ns-3.14.1/src/wimax/bindings/modulegen__gcc_LP64.py:2201: Warning: exception TypeConfigurationError('direction not given',) in wrapper public: retval? ???::CopyFrom (params?);
  [param('uint8_t const *', 'buffer')])
/home/omri/Programs/ns-3/workspace/ns-allinone-3.14.1/ns-3.14.1/src/wimax/bindings/modulegen__gcc_LP64.py:2206: Warning: exception TypeConfigurationError('direction not given',) in wrapper public: retval? ???::CopyTo (params?) const;
  is_const=True)
/home/omri/Programs/ns-3/workspace/ns-allinone-3.14.1/ns-3.14.1/src/wimax/bindings/modulegen__gcc_LP64.py:2276: Warning: exception TypeLookupError(['__gnu_cxx::__normal_iterator< ns3::Ptr< ns3::NetDevice > const, std::vector< ns3::Ptr< ns3::NetDevice > > >'],) in wrapper public: retval? ???::Begin (params?) const;
  is_const=True)
/home/omri/Programs/ns-3/workspace/ns-allinone-3.14.1/ns-3.14.1/src/wimax/bindings/modulegen__gcc_LP64.py:2281: Warning: exception TypeLookupError(['__gnu_cxx::__normal_iterator< ns3::Ptr< ns3::NetDevice > const, std::vector< ns3::Ptr< ns3::NetDevice > > >'],) in wrapper public: retval? ???::End (params?) const;
  is_const=True)
/home/omri/Programs/ns-3/workspace/ns-allinone-3.14.1/ns-3.14.1/src/wimax/bindings/modulegen__gcc_LP64.py:2327: Warning: exception TypeLookupError(['__gnu_cxx::__normal_iterator< ns3::Ptr< ns3::Node > const, std::vector< ns3::Ptr< ns3::Node > > >'],) in wrapper public: retval? ???::Begin (params?) const;
  is_const=True)
/home/omri/Programs/ns-3/workspace/ns-allinone-3.14.1/ns-3.14.1/src/wimax/bindings/modulegen__gcc_LP64.py:2340: Warning: exception TypeLookupError(['__gnu_cxx::__normal_iterator< ns3::Ptr< ns3::Node > const, std::vector< ns3::Ptr< ns3::Node > > >'],) in wrapper public: retval? ???::End (params?) const;
  is_const=True)
/home/omri/Programs/ns-3/workspace/ns-allinone-3.14.1/ns-3.14.1/src/wimax/bindings/modulegen__gcc_LP64.py:2428: Warning: exception TypeConfigurationError('Missing transfer_ownership option',) in wrapper public: retval? ???::Delete (params?);
  is_static=True)
/home/omri/Programs/ns-3/workspace/ns-allinone-3.14.1/ns-3.14.1/src/wimax/bindings/modulegen__gcc_LP64.py:2823: Warning: exception TypeConfigurationError('direction not given',) in wrapper public: retval? ???::Deserialize (params?);
  [param('uint8_t const *', 'buffer'), param('uint32_t', 'size')])
/home/omri/Programs/ns-3/workspace/ns-allinone-3.14.1/ns-3.14.1/src/wimax/bindings/modulegen__gcc_LP64.py:2864: Warning: exception TypeConfigurationError('direction not given',) in wrapper public: retval? ???::Serialize (params?) const;
  is_const=True)
bindings/python/ns3modulegen-modular.py:27: UserWarning: exception TypeLookupError(['uint8_t [ 20 ]'],) in wrapper None
  warnings.warn("exception %r in wrapper %s" % (exception, wrapper))
bindings/python/ns3modulegen-modular.py:27: UserWarning: exception TypeConfigurationError('Either caller_owns_return or self.reference_existing_object must be given',) in wrapper None
  warnings.warn("exception %r in wrapper %s" % (exception, wrapper))
/home/omri/Programs/ns-3/workspace/ns-allinone-3.14.1/ns-3.14.1/src/wimax/bindings/modulegen__gcc_LP64.py:2991: Warning: exception TypeLookupError(['uint32_t &'],) in wrapper public: retval? ???::Diff (params?);
  is_static=True)
/home/omri/Programs/ns-3/workspace/ns-allinone-3.14.1/ns-3.14.1/src/wimax/bindings/modulegen__gcc_LP64.py:3045: Warning: exception TypeConfigurationError('direction not given',) in wrapper public: retval? ???::Read (params?);
  [param('uint8_t * const', 'data'), param('uint32_t', 'maxBytes'), param('uint32_t &', 'tsSec'), param('uint32_t &', 'tsUsec'), param('uint32_t &', 'inclLen'), param('uint32_t &', 'origLen'), param('uint32_t &', 'readLen')])
/home/omri/Programs/ns-3/workspace/ns-allinone-3.14.1/ns-3.14.1/src/wimax/bindings/modulegen__gcc_LP64.py:3049: Warning: exception TypeConfigurationError('direction not given',) in wrapper public: retval? ???::Write (params?);
  [param('uint32_t', 'tsSec'), param('uint32_t', 'tsUsec'), param('uint8_t const * const', 'data'), param('uint32_t', 'totalLen')])
/home/omri/Programs/ns-3/workspace/ns-allinone-3.14.1/ns-3.14.1/src/wimax/bindings/modulegen__gcc_LP64.py:3153: Warning: exception TypeConfigurationError('Either caller_owns_return or self.reference_existing_object must be given',) in wrapper public: retval? ???::GetSNRToBlockErrorRateRecord (params?);
  [param('double', 'SNR'), param('uint8_t', 'modulation')])
/home/omri/Programs/ns-3/workspace/ns-allinone-3.14.1/ns-3.14.1/src/wimax/bindings/modulegen__gcc_LP64.py:3184: Warning: exception TypeConfigurationError('Either caller_owns_return or self.reference_existing_object must be given',) in wrapper public: retval? ???::Copy (params?);
  [])
/home/omri/Programs/ns-3/workspace/ns-allinone-3.14.1/ns-3.14.1/src/wimax/bindings/modulegen__gcc_LP64.py:3243: Warning: exception TypeConfigurationError('Missing transfer_ownership option',) in wrapper public: retval? ???::AddServiceFlow (params?);
  [param('ns3::ServiceFlow *', 'serviceFlow')])
/home/omri/Programs/ns-3/workspace/ns-allinone-3.14.1/ns-3.14.1/src/wimax/bindings/modulegen__gcc_LP64.py:3344: Warning: exception TypeLookupError(['std::vector< ns3::ServiceFlow * >'],) in wrapper public: retval? ???::GetServiceFlows (params?) const;
  is_const=True)
/home/omri/Programs/ns-3/workspace/ns-allinone-3.14.1/ns-3.14.1/src/wimax/bindings/modulegen__gcc_LP64.py:3621: Warning: exception TypeConfigurationError('Either caller_owns_return or self.reference_existing_object must be given',) in wrapper public: retval? ???::GetRecord (params?) const;
  is_const=True)
/home/omri/Programs/ns-3/workspace/ns-allinone-3.14.1/ns-3.14.1/src/wimax/bindings/modulegen__gcc_LP64.py:3801: Warning: exception TypeConfigurationError('Missing transfer_ownership option',) in wrapper public: retval? ???::SetRecord (params?);
  [param('ns3::ServiceFlowRecord *', 'record')])
/home/omri/Programs/ns-3/workspace/ns-allinone-3.14.1/ns-3.14.1/src/wimax/bindings/modulegen__gcc_LP64.py:4061: Warning: exception TypeLookupError(['ns3::Ptr< ns3::SimulatorImpl >', 'ns3::SimulatorImpl *'],) in wrapper public: retval? ???::GetImplementation (params?);
  is_static=True)
/home/omri/Programs/ns-3/workspace/ns-allinone-3.14.1/ns-3.14.1/src/wimax/bindings/modulegen__gcc_LP64.py:4096: Warning: exception TypeLookupError(['ns3::Ptr< ns3::SimulatorImpl >', 'ns3::SimulatorImpl *'],) in wrapper public: retval? ???::SetImplementation (params?);
  is_static=True)
/home/omri/Programs/ns-3/workspace/ns-allinone-3.14.1/ns-3.14.1/src/wimax/bindings/modulegen__gcc_LP64.py:4138: Warning: exception TypeLookupError(['std::ostream &'],) in wrapper public: virtual retval? ???::Print (params?) const = 0;
  is_pure_virtual=True, is_const=True, is_virtual=True)
/home/omri/Programs/ns-3/workspace/ns-allinone-3.14.1/ns-3.14.1/src/wimax/bindings/modulegen__gcc_LP64.py:4150: Warning: exception TypeConfigurationError('direction not given',) in wrapper <pybindgen.cppmethod.CppConstructor object at 0x7f519b3eaed0>
  cls.add_constructor([param('uint8_t *', 'start'), param('uint8_t *', 'end')])
/home/omri/Programs/ns-3/workspace/ns-allinone-3.14.1/ns-3.14.1/src/wimax/bindings/modulegen__gcc_LP64.py:4158: Warning: exception TypeConfigurationError('direction not given',) in wrapper public: retval? ???::Read (params?);
  [param('uint8_t *', 'buffer'), param('uint32_t', 'size')])
/home/omri/Programs/ns-3/workspace/ns-allinone-3.14.1/ns-3.14.1/src/wimax/bindings/modulegen__gcc_LP64.py:4186: Warning: exception TypeConfigurationError('direction not given',) in wrapper public: retval? ???::Write (params?);
  [param('uint8_t const *', 'buffer'), param('uint32_t', 'size')])
/home/omri/Programs/ns-3/workspace/ns-allinone-3.14.1/ns-3.14.1/src/wimax/bindings/modulegen__gcc_LP64.py:4218: Warning: exception TypeConfigurationError('Either caller_owns_return or self.reference_existing_object must be given',) in wrapper public: virtual retval? ???::Copy (params?) const = 0;
  is_pure_virtual=True, is_const=True, is_virtual=True)
/home/omri/Programs/ns-3/workspace/ns-allinone-3.14.1/ns-3.14.1/src/wimax/bindings/modulegen__gcc_LP64.py:4247: Warning: exception TypeConfigurationError('Either caller_owns_return or self.reference_existing_object must be given',) in wrapper public: virtual retval? ???::Copy (params?) const;
  is_const=True, is_virtual=True)
/home/omri/Programs/ns-3/workspace/ns-allinone-3.14.1/ns-3.14.1/src/wimax/bindings/modulegen__gcc_LP64.py:4331: Warning: exception TypeLookupError(['ns3::Callback< ns3::ObjectBase *, ns3::empty, ns3::empty, ns3::empty, ns3::empty, ns3::empty, ns3::empty, ns3::empty, ns3::empty, ns3::empty >'],) in wrapper public: retval? ???::GetConstructor (params?) const;
  is_const=True)
/home/omri/Programs/ns-3/workspace/ns-allinone-3.14.1/ns-3.14.1/src/wimax/bindings/modulegen__gcc_LP64.py:4474: Warning: exception TypeConfigurationError('Either caller_owns_return or self.reference_existing_object must be given',) in wrapper public: virtual retval? ???::Copy (params?) const;
  is_const=True, is_virtual=True)
/home/omri/Programs/ns-3/workspace/ns-allinone-3.14.1/ns-3.14.1/src/wimax/bindings/modulegen__gcc_LP64.py:4512: Warning: exception TypeConfigurationError('Either caller_owns_return or self.reference_existing_object must be given',) in wrapper public: virtual retval? ???::Copy (params?) const;
  is_const=True, is_virtual=True)
/home/omri/Programs/ns-3/workspace/ns-allinone-3.14.1/ns-3.14.1/src/wimax/bindings/modulegen__gcc_LP64.py:4550: Warning: exception TypeConfigurationError('Either caller_owns_return or self.reference_existing_object must be given',) in wrapper public: virtual retval? ???::Copy (params?) const;
  is_const=True, is_virtual=True)
/home/omri/Programs/ns-3/workspace/ns-allinone-3.14.1/ns-3.14.1/src/wimax/bindings/modulegen__gcc_LP64.py:4670: Warning: exception TypeLookupError(['__gnu_cxx::__normal_iterator< ns3::Tlv * const *, std::vector< ns3::Tlv * > >'],) in wrapper public: retval? ???::Begin (params?) const;
  is_const=True)
/home/omri/Programs/ns-3/workspace/ns-allinone-3.14.1/ns-3.14.1/src/wimax/bindings/modulegen__gcc_LP64.py:4675: Warning: exception TypeConfigurationError('Either caller_owns_return or self.reference_existing_object must be given',) in wrapper public: virtual retval? ???::Copy (params?) const = 0;
  is_pure_virtual=True, is_const=True, is_virtual=True)
/home/omri/Programs/ns-3/workspace/ns-allinone-3.14.1/ns-3.14.1/src/wimax/bindings/modulegen__gcc_LP64.py:4685: Warning: exception TypeLookupError(['__gnu_cxx::__normal_iterator< ns3::Tlv * const *, std::vector< ns3::Tlv * > >'],) in wrapper public: retval? ???::End (params?) const;
  is_const=True)
bindings/python/ns3modulegen-modular.py:27: UserWarning: exception TypeLookupError(['short unsigned int'],) in wrapper None
  warnings.warn("exception %r in wrapper %s" % (exception, wrapper))
/home/omri/Programs/ns-3/workspace/ns-allinone-3.14.1/ns-3.14.1/src/wimax/bindings/modulegen__gcc_LP64.py:5008: Warning: exception TypeLookupError(['std::ostream &'],) in wrapper public: virtual retval? ???::Print (params?) const = 0;
  is_pure_virtual=True, is_const=True, is_virtual=True)
/home/omri/Programs/ns-3/workspace/ns-allinone-3.14.1/ns-3.14.1/src/wimax/bindings/modulegen__gcc_LP64.py:5020: Warning: exception TypeConfigurationError('Either caller_owns_return or self.reference_existing_object must be given',) in wrapper public: virtual retval? ???::Copy (params?) const;
  is_const=True, is_virtual=True)
/home/omri/Programs/ns-3/workspace/ns-allinone-3.14.1/ns-3.14.1/src/wimax/bindings/modulegen__gcc_LP64.py:5050: Warning: exception TypeConfigurationError('Either caller_owns_return or self.reference_existing_object must be given',) in wrapper public: virtual retval? ???::Copy (params?) const;
  is_const=True, is_virtual=True)
/home/omri/Programs/ns-3/workspace/ns-allinone-3.14.1/ns-3.14.1/src/wimax/bindings/modulegen__gcc_LP64.py:5150: Warning: exception TypeLookupError(['std::ostream &'],) in wrapper public: virtual retval? ???::Print (params?) const = 0;
  is_pure_virtual=True, is_const=True, is_virtual=True)
/home/omri/Programs/ns-3/workspace/ns-allinone-3.14.1/ns-3.14.1/src/wimax/bindings/modulegen__gcc_LP64.py:5178: Warning: exception TypeLookupError(['__gnu_cxx::__normal_iterator< ns3::Ipv4AddressTlvValue::ipv4Addr const *, std::vector< ns3::Ipv4AddressTlvValue::ipv4Addr > >'],) in wrapper public: retval? ???::Begin (params?) const;
  is_const=True)
/home/omri/Programs/ns-3/workspace/ns-allinone-3.14.1/ns-3.14.1/src/wimax/bindings/modulegen__gcc_LP64.py:5183: Warning: exception TypeConfigurationError('Either caller_owns_return or self.reference_existing_object must be given',) in wrapper public: virtual retval? ???::Copy (params?) const;
  is_const=True, is_virtual=True)
/home/omri/Programs/ns-3/workspace/ns-allinone-3.14.1/ns-3.14.1/src/wimax/bindings/modulegen__gcc_LP64.py:5193: Warning: exception TypeLookupError(['__gnu_cxx::__normal_iterator< ns3::Ipv4AddressTlvValue::ipv4Addr const *, std::vector< ns3::Ipv4AddressTlvValue::ipv4Addr > >'],) in wrapper public: retval? ???::End (params?) const;
  is_const=True)
/home/omri/Programs/ns-3/workspace/ns-allinone-3.14.1/ns-3.14.1/src/wimax/bindings/modulegen__gcc_LP64.py:5265: Warning: exception TypeLookupError(['std::ostream &'],) in wrapper public: virtual retval? ???::Print (params?) const;
  is_const=True, is_virtual=True)
/home/omri/Programs/ns-3/workspace/ns-allinone-3.14.1/ns-3.14.1/src/wimax/bindings/modulegen__gcc_LP64.py:5318: Warning: exception TypeLookupError(['std::ostream &'],) in wrapper public: virtual retval? ???::Print (params?) const;
  is_const=True, is_virtual=True)
/home/omri/Programs/ns-3/workspace/ns-allinone-3.14.1/ns-3.14.1/src/wimax/bindings/modulegen__gcc_LP64.py:5460: Warning: exception TypeLookupError(['std::ostream &'],) in wrapper public: virtual retval? ???::Print (params?) const;
  is_const=True, is_virtual=True)
/home/omri/Programs/ns-3/workspace/ns-allinone-3.14.1/ns-3.14.1/src/wimax/bindings/modulegen__gcc_LP64.py:5559: Warning: exception TypeLookupError(['std::_List_const_iterator< ns3::Ptr< ns3::Packet > >'],) in wrapper public: retval? ???::Begin (params?) const;
  is_const=True)
/home/omri/Programs/ns-3/workspace/ns-allinone-3.14.1/ns-3.14.1/src/wimax/bindings/modulegen__gcc_LP64.py:5569: Warning: exception TypeLookupError(['std::_List_const_iterator< ns3::Ptr< ns3::Packet > >'],) in wrapper public: retval? ???::End (params?) const;
  is_const=True)
/home/omri/Programs/ns-3/workspace/ns-allinone-3.14.1/ns-3.14.1/src/wimax/bindings/modulegen__gcc_LP64.py:5609: Warning: exception TypeLookupError(['std::pair< double, double >'],) in wrapper <pybindgen.cppmethod.CppConstructor object at 0x7f519b03c550>
  cls.add_constructor([param('std::pair< double, double >', 'params')])
/home/omri/Programs/ns-3/workspace/ns-allinone-3.14.1/ns-3.14.1/src/wimax/bindings/modulegen__gcc_LP64.py:5611: Warning: exception TypeLookupError(['std::pair< double, double >'],) in wrapper <pybindgen.cppmethod.CppConstructor object at 0x7f519b03c590>
  cls.add_constructor([param('std::pair< double, double >', 'params'), param('double', 'b')])
/home/omri/Programs/ns-3/workspace/ns-allinone-3.14.1/ns-3.14.1/src/wimax/bindings/modulegen__gcc_LP64.py:5659: Warning: exception TypeConfigurationError('direction not given',) in wrapper public: retval? ???::Write (params?);
  [param('ns3::Time', 't'), param('uint8_t const *', 'buffer'), param('uint32_t', 'length')])
/home/omri/Programs/ns-3/workspace/ns-allinone-3.14.1/ns-3.14.1/src/wimax/bindings/modulegen__gcc_LP64.py:5703: Warning: exception TypeLookupError(['__gnu_cxx::__normal_iterator< ns3::PortRangeTlvValue::PortRange const *, std::vector< ns3::PortRangeTlvValue::PortRange > >'],) in wrapper public: retval? ???::Begin (params?) const;
  is_const=True)
/home/omri/Programs/ns-3/workspace/ns-allinone-3.14.1/ns-3.14.1/src/wimax/bindings/modulegen__gcc_LP64.py:5708: Warning: exception TypeConfigurationError('Either caller_owns_return or self.reference_existing_object must be given',) in wrapper public: virtual retval? ???::Copy (params?) const;
  is_const=True, is_virtual=True)
/home/omri/Programs/ns-3/workspace/ns-allinone-3.14.1/ns-3.14.1/src/wimax/bindings/modulegen__gcc_LP64.py:5718: Warning: exception TypeLookupError(['__gnu_cxx::__normal_iterator< ns3::PortRangeTlvValue::PortRange const *, std::vector< ns3::PortRangeTlvValue::PortRange > >'],) in wrapper public: retval? ???::End (params?) const;
  is_const=True)
/home/omri/Programs/ns-3/workspace/ns-allinone-3.14.1/ns-3.14.1/src/wimax/bindings/modulegen__gcc_LP64.py:5781: Warning: exception TypeLookupError(['ns3::Ptr< ns3::MobilityModel >', 'ns3::MobilityModel *'],) in wrapper public: retval? ???::CalcRxPower (params?) const;
  is_const=True)
/home/omri/Programs/ns-3/workspace/ns-allinone-3.14.1/ns-3.14.1/src/wimax/bindings/modulegen__gcc_LP64.py:5786: Warning: exception TypeLookupError(['ns3::Ptr< ns3::MobilityModel >', 'ns3::MobilityModel *'],) in wrapper private: virtual retval? ???::DoCalcRxPower (params?) const = 0;
  is_pure_virtual=True, is_const=True, visibility='private', is_virtual=True)
/home/omri/Programs/ns-3/workspace/ns-allinone-3.14.1/ns-3.14.1/src/wimax/bindings/modulegen__gcc_LP64.py:5802: Warning: exception TypeLookupError(['__gnu_cxx::__normal_iterator< unsigned char const *, std::vector< unsigned char > >'],) in wrapper public: retval? ???::Begin (params?) const;
  is_const=True)
/home/omri/Programs/ns-3/workspace/ns-allinone-3.14.1/ns-3.14.1/src/wimax/bindings/modulegen__gcc_LP64.py:5807: Warning: exception TypeConfigurationError('Either caller_owns_return or self.reference_existing_object must be given',) in wrapper public: virtual retval? ???::Copy (params?) const;
  is_const=True, is_virtual=True)
/home/omri/Programs/ns-3/workspace/ns-allinone-3.14.1/ns-3.14.1/src/wimax/bindings/modulegen__gcc_LP64.py:5817: Warning: exception TypeLookupError(['__gnu_cxx::__normal_iterator< unsigned char const *, std::vector< unsigned char > >'],) in wrapper public: retval? ???::End (params?) const;
  is_const=True)
/home/omri/Programs/ns-3/workspace/ns-allinone-3.14.1/ns-3.14.1/src/wimax/bindings/modulegen__gcc_LP64.py:5842: Warning: exception TypeLookupError(['ns3::Ptr< ns3::MobilityModel >', 'ns3::MobilityModel *'],) in wrapper private: virtual retval? ???::DoCalcRxPower (params?) const;
  is_const=True, visibility='private', is_virtual=True)
/home/omri/Programs/ns-3/workspace/ns-allinone-3.14.1/ns-3.14.1/src/wimax/bindings/modulegen__gcc_LP64.py:5857: Warning: exception TypeLookupError(['ns3::Ptr< ns3::MobilityModel >', 'ns3::MobilityModel *'],) in wrapper private: virtual retval? ???::DoCalcRxPower (params?) const;
  is_const=True, visibility='private', is_virtual=True)
/home/omri/Programs/ns-3/workspace/ns-allinone-3.14.1/ns-3.14.1/src/wimax/bindings/modulegen__gcc_LP64.py:5909: Warning: exception TypeLookupError(['std::ostream &'],) in wrapper public: virtual retval? ???::Print (params?) const;
  is_const=True, is_virtual=True)
/home/omri/Programs/ns-3/workspace/ns-allinone-3.14.1/ns-3.14.1/src/wimax/bindings/modulegen__gcc_LP64.py:6038: Warning: exception TypeLookupError(['std::ostream &'],) in wrapper public: virtual retval? ???::Print (params?) const;
  is_const=True, is_virtual=True)
/home/omri/Programs/ns-3/workspace/ns-allinone-3.14.1/ns-3.14.1/src/wimax/bindings/modulegen__gcc_LP64.py:6110: Warning: exception TypeConfigurationError('Either caller_owns_return or self.reference_existing_object must be given',) in wrapper public: retval? ???::CreateSSRecord (params?);
  [param('ns3::Mac48Address const &', 'macAddress')])
/home/omri/Programs/ns-3/workspace/ns-allinone-3.14.1/ns-3.14.1/src/wimax/bindings/modulegen__gcc_LP64.py:6134: Warning: exception TypeConfigurationError('Either caller_owns_return or self.reference_existing_object must be given',) in wrapper public: retval? ???::GetSSRecord (params?) const;
  is_const=True)
/home/omri/Programs/ns-3/workspace/ns-allinone-3.14.1/ns-3.14.1/src/wimax/bindings/modulegen__gcc_LP64.py:6139: Warning: exception TypeConfigurationError('Either caller_owns_return or self.reference_existing_object must be given',) in wrapper public: retval? ???::GetSSRecord (params?) const;
  is_const=True)
/home/omri/Programs/ns-3/workspace/ns-allinone-3.14.1/ns-3.14.1/src/wimax/bindings/modulegen__gcc_LP64.py:6144: Warning: exception TypeLookupError(['std::vector< ns3::SSRecord * > *'],) in wrapper public: retval? ???::GetSSRecords (params?) const;
  is_const=True)
/home/omri/Programs/ns-3/workspace/ns-allinone-3.14.1/ns-3.14.1/src/wimax/bindings/modulegen__gcc_LP64.py:6170: Warning: exception TypeConfigurationError('Missing transfer_ownership option',) in wrapper public: retval? ???::AddServiceFlow (params?);
  [param('ns3::ServiceFlow *', 'serviceFlow')])
/home/omri/Programs/ns-3/workspace/ns-allinone-3.14.1/ns-3.14.1/src/wimax/bindings/modulegen__gcc_LP64.py:6178: Warning: exception TypeLookupError(['std::vector< ns3::ServiceFlow * > *'],) in wrapper public: retval? ???::AreServiceFlowsAllocated (params?);
  [param('std::vector< ns3::ServiceFlow * > *', 'serviceFlows')])
/home/omri/Programs/ns-3/workspace/ns-allinone-3.14.1/ns-3.14.1/src/wimax/bindings/modulegen__gcc_LP64.py:6182: Warning: exception TypeLookupError(['std::vector< ns3::ServiceFlow * >'],) in wrapper public: retval? ???::AreServiceFlowsAllocated (params?);
  [param('std::vector< ns3::ServiceFlow * >', 'serviceFlows')])
/home/omri/Programs/ns-3/workspace/ns-allinone-3.14.1/ns-3.14.1/src/wimax/bindings/modulegen__gcc_LP64.py:6187: Warning: exception TypeConfigurationError('Either caller_owns_return or self.reference_existing_object must be given',) in wrapper public: retval? ???::DoClassify (params?) const;
  is_const=True)
/home/omri/Programs/ns-3/workspace/ns-allinone-3.14.1/ns-3.14.1/src/wimax/bindings/modulegen__gcc_LP64.py:6196: Warning: exception TypeConfigurationError('Either caller_owns_return or self.reference_existing_object must be given',) in wrapper public: retval? ???::GetNextServiceFlowToAllocate (params?);
  [])
/home/omri/Programs/ns-3/workspace/ns-allinone-3.14.1/ns-3.14.1/src/wimax/bindings/modulegen__gcc_LP64.py:6206: Warning: exception TypeConfigurationError('Either caller_owns_return or self.reference_existing_object must be given',) in wrapper public: retval? ???::GetServiceFlow (params?) const;
  is_const=True)
/home/omri/Programs/ns-3/workspace/ns-allinone-3.14.1/ns-3.14.1/src/wimax/bindings/modulegen__gcc_LP64.py:6211: Warning: exception TypeConfigurationError('Either caller_owns_return or self.reference_existing_object must be given',) in wrapper public: retval? ???::GetServiceFlow (params?) const;
  is_const=True)
/home/omri/Programs/ns-3/workspace/ns-allinone-3.14.1/ns-3.14.1/src/wimax/bindings/modulegen__gcc_LP64.py:6216: Warning: exception TypeLookupError(['std::vector< ns3::ServiceFlow * >'],) in wrapper public: retval? ???::GetServiceFlows (params?) const;
  is_const=True)
/home/omri/Programs/ns-3/workspace/ns-allinone-3.14.1/ns-3.14.1/src/wimax/bindings/modulegen__gcc_LP64.py:6233: Warning: exception TypeConfigurationError('Either caller_owns_return or self.reference_existing_object must be given',) in wrapper public: virtual retval? ???::Copy (params?) const;
  is_const=True, is_virtual=True)
/home/omri/Programs/ns-3/workspace/ns-allinone-3.14.1/ns-3.14.1/src/wimax/bindings/modulegen__gcc_LP64.py:6357: Warning: exception TypeConfigurationError('Missing transfer_ownership option',) in wrapper public: retval? ???::AddServiceFlow (params?);
  [param('ns3::ServiceFlow *', 'serviceFlow')])
/home/omri/Programs/ns-3/workspace/ns-allinone-3.14.1/ns-3.14.1/src/wimax/bindings/modulegen__gcc_LP64.py:6420: Warning: exception TypeLookupError(['ns3::Ptr< ns3::MobilityModel >', 'ns3::MobilityModel *'],) in wrapper private: virtual retval? ???::DoCalcRxPower (params?) const;
  is_const=True, visibility='private', is_virtual=True)
/home/omri/Programs/ns-3/workspace/ns-allinone-3.14.1/ns-3.14.1/src/wimax/bindings/modulegen__gcc_LP64.py:6590: Warning: exception TypeConfigurationError('Either caller_owns_return or self.reference_existing_object must be given',) in wrapper public: retval? ???::Copy (params?) const;
  is_const=True)
/home/omri/Programs/ns-3/workspace/ns-allinone-3.14.1/ns-3.14.1/src/wimax/bindings/modulegen__gcc_LP64.py:6595: Warning: exception TypeConfigurationError('Either caller_owns_return or self.reference_existing_object must be given',) in wrapper public: retval? ???::CopyValue (params?) const;
  is_const=True)
/home/omri/Programs/ns-3/workspace/ns-allinone-3.14.1/ns-3.14.1/src/wimax/bindings/modulegen__gcc_LP64.py:6629: Warning: exception TypeConfigurationError('Either caller_owns_return or self.reference_existing_object must be given',) in wrapper public: retval? ???::PeekValue (params?);
  [])
/home/omri/Programs/ns-3/workspace/ns-allinone-3.14.1/ns-3.14.1/src/wimax/bindings/modulegen__gcc_LP64.py:6634: Warning: exception TypeLookupError(['std::ostream &'],) in wrapper public: virtual retval? ???::Print (params?) const;
  is_const=True, is_virtual=True)
/home/omri/Programs/ns-3/workspace/ns-allinone-3.14.1/ns-3.14.1/src/wimax/bindings/modulegen__gcc_LP64.py:6694: Warning: exception TypeLookupError(['std::ostream &'],) in wrapper public: virtual retval? ???::Print (params?) const = 0;
  is_pure_virtual=True, is_const=True, is_virtual=True)
/home/omri/Programs/ns-3/workspace/ns-allinone-3.14.1/ns-3.14.1/src/wimax/bindings/modulegen__gcc_LP64.py:6749: Warning: exception TypeLookupError(['ns3::Ptr< ns3::MobilityModel >', 'ns3::MobilityModel *'],) in wrapper private: virtual retval? ???::DoCalcRxPower (params?) const;
  is_const=True, visibility='private', is_virtual=True)
/home/omri/Programs/ns-3/workspace/ns-allinone-3.14.1/ns-3.14.1/src/wimax/bindings/modulegen__gcc_LP64.py:6830: Warning: exception TypeLookupError(['std::ostream &'],) in wrapper public: virtual retval? ???::Print (params?) const;
  is_const=True, is_virtual=True)
/home/omri/Programs/ns-3/workspace/ns-allinone-3.14.1/ns-3.14.1/src/wimax/bindings/modulegen__gcc_LP64.py:6891: Warning: exception TypeConfigurationError('Either caller_owns_return or self.reference_existing_object must be given',) in wrapper public: retval? ???::GetServiceFlow (params?);
  [])
/home/omri/Programs/ns-3/workspace/ns-allinone-3.14.1/ns-3.14.1/src/wimax/bindings/modulegen__gcc_LP64.py:6899: Warning: exception TypeConfigurationError('Either caller_owns_return or self.reference_existing_object must be given',) in wrapper public: retval? ???::GetSsRecord (params?);
  [])
/home/omri/Programs/ns-3/workspace/ns-allinone-3.14.1/ns-3.14.1/src/wimax/bindings/modulegen__gcc_LP64.py:6923: Warning: exception TypeConfigurationError('Missing transfer_ownership option',) in wrapper public: retval? ???::SetServiceFlow (params?);
  [param('ns3::ServiceFlow *', 'serviceFlow')])
/home/omri/Programs/ns-3/workspace/ns-allinone-3.14.1/ns-3.14.1/src/wimax/bindings/modulegen__gcc_LP64.py:6931: Warning: exception TypeConfigurationError('Missing transfer_ownership option',) in wrapper public: retval? ???::SetSsRecord (params?);
  [param('ns3::SSRecord *', 'ssRecord')])
/home/omri/Programs/ns-3/workspace/ns-allinone-3.14.1/ns-3.14.1/src/wimax/bindings/modulegen__gcc_LP64.py:6991: Warning: exception TypeLookupError(['std::ostream &'],) in wrapper public: virtual retval? ???::Print (params?) const;
  is_const=True, is_virtual=True)
/home/omri/Programs/ns-3/workspace/ns-allinone-3.14.1/ns-3.14.1/src/wimax/bindings/modulegen__gcc_LP64.py:7018: Warning: exception TypeLookupError(['uint32_t &'],) in wrapper public: virtual retval? ???::AddUplinkAllocation (params?) = 0;
  is_pure_virtual=True, is_virtual=True)
/home/omri/Programs/ns-3/workspace/ns-allinone-3.14.1/ns-3.14.1/src/wimax/bindings/modulegen__gcc_LP64.py:7023: Warning: exception TypeLookupError(['uint32_t &'],) in wrapper public: virtual retval? ???::AllocateInitialRangingInterval (params?) = 0;
  is_pure_virtual=True, is_virtual=True)
/home/omri/Programs/ns-3/workspace/ns-allinone-3.14.1/ns-3.14.1/src/wimax/bindings/modulegen__gcc_LP64.py:7088: Warning: exception TypeConfigurationError('Missing transfer_ownership option',) in wrapper public: virtual retval? ???::OnSetRequestedBandwidth (params?) = 0;
  is_pure_virtual=True, is_virtual=True)
/home/omri/Programs/ns-3/workspace/ns-allinone-3.14.1/ns-3.14.1/src/wimax/bindings/modulegen__gcc_LP64.py:7103: Warning: exception TypeLookupError(['uint32_t &'],) in wrapper public: virtual retval? ???::ServiceBandwidthRequests (params?) = 0;
  is_pure_virtual=True, is_virtual=True)
/home/omri/Programs/ns-3/workspace/ns-allinone-3.14.1/ns-3.14.1/src/wimax/bindings/modulegen__gcc_LP64.py:7108: Warning: exception TypeConfigurationError('Missing transfer_ownership option',) in wrapper public: virtual retval? ???::ServiceBandwidthRequests (params?) = 0;
  is_pure_virtual=True, is_virtual=True)
/home/omri/Programs/ns-3/workspace/ns-allinone-3.14.1/ns-3.14.1/src/wimax/bindings/modulegen__gcc_LP64.py:7113: Warning: exception TypeLookupError(['uint32_t &'],) in wrapper public: virtual retval? ???::ServiceUnsolicitedGrants (params?) = 0;
  is_pure_virtual=True, is_virtual=True)
/home/omri/Programs/ns-3/workspace/ns-allinone-3.14.1/ns-3.14.1/src/wimax/bindings/modulegen__gcc_LP64.py:7153: Warning: exception TypeConfigurationError('Missing transfer_ownership option',) in wrapper public: virtual retval? ???::SetupServiceFlow (params?) = 0;
  is_pure_virtual=True, is_virtual=True)
/home/omri/Programs/ns-3/workspace/ns-allinone-3.14.1/ns-3.14.1/src/wimax/bindings/modulegen__gcc_LP64.py:7167: Warning: exception TypeLookupError(['uint32_t &'],) in wrapper public: virtual retval? ???::AddUplinkAllocation (params?);
  is_virtual=True)
/home/omri/Programs/ns-3/workspace/ns-allinone-3.14.1/ns-3.14.1/src/wimax/bindings/modulegen__gcc_LP64.py:7172: Warning: exception TypeLookupError(['uint32_t &'],) in wrapper public: virtual retval? ???::AllocateInitialRangingInterval (params?);
  is_virtual=True)
/home/omri/Programs/ns-3/workspace/ns-allinone-3.14.1/ns-3.14.1/src/wimax/bindings/modulegen__gcc_LP64.py:7181: Warning: exception TypeLookupError(['uint32_t &'],) in wrapper public: retval? ???::CheckDeadline (params?);
  [param('uint32_t &', 'availableSymbols')])
/home/omri/Programs/ns-3/workspace/ns-allinone-3.14.1/ns-3.14.1/src/wimax/bindings/modulegen__gcc_LP64.py:7185: Warning: exception TypeLookupError(['uint32_t &'],) in wrapper public: retval? ???::CheckMinimumBandwidth (params?);
  [param('uint32_t &', 'availableSymbols')])
/home/omri/Programs/ns-3/workspace/ns-allinone-3.14.1/ns-3.14.1/src/wimax/bindings/modulegen__gcc_LP64.py:7197: Warning: exception TypeConfigurationError('Missing transfer_ownership option',) in wrapper public: retval? ???::CreateUlJob (params?);
  [param('ns3::SSRecord *', 'ssRecord'), param('ns3::ServiceFlow::SchedulingType', 'schedType'), param('ns3::ReqType', 'reqType')])
/home/omri/Programs/ns-3/workspace/ns-allinone-3.14.1/ns-3.14.1/src/wimax/bindings/modulegen__gcc_LP64.py:7205: Warning: exception TypeConfigurationError('Missing transfer_ownership option',) in wrapper public: retval? ???::DetermineDeadline (params?);
  [param('ns3::ServiceFlow *', 'serviceFlow')])
/home/omri/Programs/ns-3/workspace/ns-allinone-3.14.1/ns-3.14.1/src/wimax/bindings/modulegen__gcc_LP64.py:7218: Warning: exception TypeConfigurationError('Missing transfer_ownership option',) in wrapper public: retval? ???::GetPendingSize (params?);
  [param('ns3::ServiceFlow *', 'serviceFlow')])
/home/omri/Programs/ns-3/workspace/ns-allinone-3.14.1/ns-3.14.1/src/wimax/bindings/modulegen__gcc_LP64.py:7238: Warning: exception TypeConfigurationError('Missing transfer_ownership option',) in wrapper public: virtual retval? ???::OnSetRequestedBandwidth (params?);
  is_virtual=True)
/home/omri/Programs/ns-3/workspace/ns-allinone-3.14.1/ns-3.14.1/src/wimax/bindings/modulegen__gcc_LP64.py:7253: Warning: exception TypeLookupError(['uint32_t &'],) in wrapper public: virtual retval? ???::ServiceBandwidthRequests (params?);
  is_virtual=True)
/home/omri/Programs/ns-3/workspace/ns-allinone-3.14.1/ns-3.14.1/src/wimax/bindings/modulegen__gcc_LP64.py:7258: Warning: exception TypeConfigurationError('Missing transfer_ownership option',) in wrapper public: virtual retval? ???::ServiceBandwidthRequests (params?);
  is_virtual=True)
/home/omri/Programs/ns-3/workspace/ns-allinone-3.14.1/ns-3.14.1/src/wimax/bindings/modulegen__gcc_LP64.py:7262: Warning: exception TypeConfigurationError('Missing transfer_ownership option',) in wrapper public: retval? ???::ServiceBandwidthRequestsBytes (params?);
  [param('ns3::ServiceFlow *', 'serviceFlow'), param('ns3::ServiceFlow::SchedulingType', 'schedulingType'), param('ns3::OfdmUlMapIe &', 'ulMapIe'), param('ns3::WimaxPhy::ModulationType const', 'modulationType'), param('uint32_t &', 'symbolsToAllocation'), param('uint32_t &', 'availableSymbols'), param('uint32_t', 'allocationSizeBytes')])
/home/omri/Programs/ns-3/workspace/ns-allinone-3.14.1/ns-3.14.1/src/wimax/bindings/modulegen__gcc_LP64.py:7267: Warning: exception TypeLookupError(['uint32_t &'],) in wrapper public: virtual retval? ???::ServiceUnsolicitedGrants (params?);
  is_virtual=True)
/home/omri/Programs/ns-3/workspace/ns-allinone-3.14.1/ns-3.14.1/src/wimax/bindings/modulegen__gcc_LP64.py:7272: Warning: exception TypeConfigurationError('Missing transfer_ownership option',) in wrapper public: virtual retval? ???::SetupServiceFlow (params?);
  is_virtual=True)
/home/omri/Programs/ns-3/workspace/ns-allinone-3.14.1/ns-3.14.1/src/wimax/bindings/modulegen__gcc_LP64.py:7290: Warning: exception TypeLookupError(['uint32_t &'],) in wrapper public: virtual retval? ???::AddUplinkAllocation (params?);
  is_virtual=True)
/home/omri/Programs/ns-3/workspace/ns-allinone-3.14.1/ns-3.14.1/src/wimax/bindings/modulegen__gcc_LP64.py:7295: Warning: exception TypeLookupError(['uint32_t &'],) in wrapper public: virtual retval? ???::AllocateInitialRangingInterval (params?);
  is_virtual=True)
/home/omri/Programs/ns-3/workspace/ns-allinone-3.14.1/ns-3.14.1/src/wimax/bindings/modulegen__gcc_LP64.py:7325: Warning: exception TypeConfigurationError('Missing transfer_ownership option',) in wrapper public: virtual retval? ???::OnSetRequestedBandwidth (params?);
  is_virtual=True)
/home/omri/Programs/ns-3/workspace/ns-allinone-3.14.1/ns-3.14.1/src/wimax/bindings/modulegen__gcc_LP64.py:7340: Warning: exception TypeLookupError(['uint32_t &'],) in wrapper public: virtual retval? ???::ServiceBandwidthRequests (params?);
  is_virtual=True)
/home/omri/Programs/ns-3/workspace/ns-allinone-3.14.1/ns-3.14.1/src/wimax/bindings/modulegen__gcc_LP64.py:7345: Warning: exception TypeConfigurationError('Missing transfer_ownership option',) in wrapper public: virtual retval? ???::ServiceBandwidthRequests (params?);
  is_virtual=True)
/home/omri/Programs/ns-3/workspace/ns-allinone-3.14.1/ns-3.14.1/src/wimax/bindings/modulegen__gcc_LP64.py:7350: Warning: exception TypeLookupError(['uint32_t &'],) in wrapper public: virtual retval? ???::ServiceUnsolicitedGrants (params?);
  is_virtual=True)
/home/omri/Programs/ns-3/workspace/ns-allinone-3.14.1/ns-3.14.1/src/wimax/bindings/modulegen__gcc_LP64.py:7355: Warning: exception TypeConfigurationError('Missing transfer_ownership option',) in wrapper public: virtual retval? ???::SetupServiceFlow (params?);
  is_virtual=True)
/home/omri/Programs/ns-3/workspace/ns-allinone-3.14.1/ns-3.14.1/src/wimax/bindings/modulegen__gcc_LP64.py:7359: Warning: exception TypeLookupError(['uint32_t &'],) in wrapper public: retval? ???::ULSchedulerRTPSConnection (params?);
  [param('uint32_t &', 'symbolsToAllocation'), param('uint32_t &', 'availableSymbols')])
/home/omri/Programs/ns-3/workspace/ns-allinone-3.14.1/ns-3.14.1/src/wimax/bindings/modulegen__gcc_LP64.py:7373: Warning: exception TypeLookupError(['uint32_t &'],) in wrapper public: virtual retval? ???::AddUplinkAllocation (params?);
  is_virtual=True)
/home/omri/Programs/ns-3/workspace/ns-allinone-3.14.1/ns-3.14.1/src/wimax/bindings/modulegen__gcc_LP64.py:7378: Warning: exception TypeLookupError(['uint32_t &'],) in wrapper public: virtual retval? ???::AllocateInitialRangingInterval (params?);
  is_virtual=True)
/home/omri/Programs/ns-3/workspace/ns-allinone-3.14.1/ns-3.14.1/src/wimax/bindings/modulegen__gcc_LP64.py:7408: Warning: exception TypeConfigurationError('Missing transfer_ownership option',) in wrapper public: virtual retval? ???::OnSetRequestedBandwidth (params?);
  is_virtual=True)
/home/omri/Programs/ns-3/workspace/ns-allinone-3.14.1/ns-3.14.1/src/wimax/bindings/modulegen__gcc_LP64.py:7423: Warning: exception TypeLookupError(['uint32_t &'],) in wrapper public: virtual retval? ???::ServiceBandwidthRequests (params?);
  is_virtual=True)
/home/omri/Programs/ns-3/workspace/ns-allinone-3.14.1/ns-3.14.1/src/wimax/bindings/modulegen__gcc_LP64.py:7428: Warning: exception TypeConfigurationError('Missing transfer_ownership option',) in wrapper public: virtual retval? ???::ServiceBandwidthRequests (params?);
  is_virtual=True)
/home/omri/Programs/ns-3/workspace/ns-allinone-3.14.1/ns-3.14.1/src/wimax/bindings/modulegen__gcc_LP64.py:7433: Warning: exception TypeLookupError(['uint32_t &'],) in wrapper public: virtual retval? ???::ServiceUnsolicitedGrants (params?);
  is_virtual=True)
/home/omri/Programs/ns-3/workspace/ns-allinone-3.14.1/ns-3.14.1/src/wimax/bindings/modulegen__gcc_LP64.py:7438: Warning: exception TypeConfigurationError('Missing transfer_ownership option',) in wrapper public: virtual retval? ???::SetupServiceFlow (params?);
  is_virtual=True)
/home/omri/Programs/ns-3/workspace/ns-allinone-3.14.1/ns-3.14.1/src/wimax/bindings/modulegen__gcc_LP64.py:7490: Warning: exception TypeConfigurationError('Either caller_owns_return or self.reference_existing_object must be given',) in wrapper public: retval? ???::GetServiceFlow (params?) const;
  is_const=True)
/home/omri/Programs/ns-3/workspace/ns-allinone-3.14.1/ns-3.14.1/src/wimax/bindings/modulegen__gcc_LP64.py:7519: Warning: exception TypeConfigurationError('Missing transfer_ownership option',) in wrapper public: retval? ???::SetServiceFlow (params?);
  [param('ns3::ServiceFlow *', 'serviceFlow')])
/home/omri/Programs/ns-3/workspace/ns-allinone-3.14.1/ns-3.14.1/src/wimax/bindings/modulegen__gcc_LP64.py:7576: Warning: exception TypeLookupError(['std::deque< ns3::WimaxMacQueue::QueueElement > &'],) in wrapper public: retval? ???::GetPacketQueue (params?) const;
  is_const=True)
/home/omri/Programs/ns-3/workspace/ns-allinone-3.14.1/ns-3.14.1/src/wimax/bindings/modulegen__gcc_LP64.py:7715: Warning: exception TypeLookupError(['std::ostream &'],) in wrapper public: virtual retval? ???::Print (params?) const;
  is_const=True, is_virtual=True)
/home/omri/Programs/ns-3/workspace/ns-allinone-3.14.1/ns-3.14.1/src/wimax/bindings/modulegen__gcc_LP64.py:7841: Warning: exception TypeLookupError(['ns3::Callback< void, ns3::Ptr< ns3::PacketBurst const >, ns3::empty, ns3::empty, ns3::empty, ns3::empty, ns3::empty, ns3::empty, ns3::empty, ns3::empty >'],) in wrapper public: retval? ???::GetReceiveCallback (params?) const;
  is_const=True)
/home/omri/Programs/ns-3/workspace/ns-allinone-3.14.1/ns-3.14.1/src/wimax/bindings/modulegen__gcc_LP64.py:7911: Warning: exception TypeConfigurationError('Missing transfer_ownership option',) in wrapper public: virtual retval? ???::Send (params?) = 0;
  is_pure_virtual=True, is_virtual=True)
/home/omri/Programs/ns-3/workspace/ns-allinone-3.14.1/ns-3.14.1/src/wimax/bindings/modulegen__gcc_LP64.py:8178: Warning: exception TypeConfigurationError('Missing transfer_ownership option',) in wrapper public: virtual retval? ???::CreateUgsBurst (params?) = 0;
  is_pure_virtual=True, is_virtual=True)
/home/omri/Programs/ns-3/workspace/ns-allinone-3.14.1/ns-3.14.1/src/wimax/bindings/modulegen__gcc_LP64.py:8188: Warning: exception TypeLookupError(['std::list< std::pair< ns3::OfdmDlMapIe *, ns3::Ptr< ns3::PacketBurst > > > *'],) in wrapper public: virtual retval? ???::GetDownlinkBursts (params?) const = 0;
  is_pure_virtual=True, is_const=True, is_virtual=True)
/home/omri/Programs/ns-3/workspace/ns-allinone-3.14.1/ns-3.14.1/src/wimax/bindings/modulegen__gcc_LP64.py:8203: Warning: exception TypeLookupError(['ns3::Ptr< ns3::WimaxConnection > &'],) in wrapper public: virtual retval? ???::SelectConnection (params?) = 0;
  is_pure_virtual=True, is_virtual=True)
/home/omri/Programs/ns-3/workspace/ns-allinone-3.14.1/ns-3.14.1/src/wimax/bindings/modulegen__gcc_LP64.py:8226: Warning: exception TypeLookupError(['uint32_t &'],) in wrapper public: retval? ???::BSSchedulerBEConnection (params?);
  [param('uint32_t &', 'availableSymbols')])
/home/omri/Programs/ns-3/workspace/ns-allinone-3.14.1/ns-3.14.1/src/wimax/bindings/modulegen__gcc_LP64.py:8230: Warning: exception TypeLookupError(['uint32_t &'],) in wrapper public: retval? ???::BSSchedulerBasicConnection (params?);
  [param('uint32_t &', 'availableSymbols')])
/home/omri/Programs/ns-3/workspace/ns-allinone-3.14.1/ns-3.14.1/src/wimax/bindings/modulegen__gcc_LP64.py:8234: Warning: exception TypeLookupError(['uint32_t &'],) in wrapper public: retval? ???::BSSchedulerBroadcastConnection (params?);
  [param('uint32_t &', 'availableSymbols')])
/home/omri/Programs/ns-3/workspace/ns-allinone-3.14.1/ns-3.14.1/src/wimax/bindings/modulegen__gcc_LP64.py:8238: Warning: exception TypeLookupError(['uint32_t &'],) in wrapper public: retval? ???::BSSchedulerInitialRangingConnection (params?);
  [param('uint32_t &', 'availableSymbols')])
/home/omri/Programs/ns-3/workspace/ns-allinone-3.14.1/ns-3.14.1/src/wimax/bindings/modulegen__gcc_LP64.py:8242: Warning: exception TypeLookupError(['uint32_t &'],) in wrapper public: retval? ???::BSSchedulerNRTPSConnection (params?);
  [param('uint32_t &', 'availableSymbols')])
/home/omri/Programs/ns-3/workspace/ns-allinone-3.14.1/ns-3.14.1/src/wimax/bindings/modulegen__gcc_LP64.py:8246: Warning: exception TypeLookupError(['uint32_t &'],) in wrapper public: retval? ???::BSSchedulerPrimaryConnection (params?);
  [param('uint32_t &', 'availableSymbols')])
/home/omri/Programs/ns-3/workspace/ns-allinone-3.14.1/ns-3.14.1/src/wimax/bindings/modulegen__gcc_LP64.py:8250: Warning: exception TypeLookupError(['uint32_t &'],) in wrapper public: retval? ???::BSSchedulerRTPSConnection (params?);
  [param('uint32_t &', 'availableSymbols')])
/home/omri/Programs/ns-3/workspace/ns-allinone-3.14.1/ns-3.14.1/src/wimax/bindings/modulegen__gcc_LP64.py:8254: Warning: exception TypeLookupError(['uint32_t &'],) in wrapper public: retval? ???::BSSchedulerUGSConnection (params?);
  [param('uint32_t &', 'availableSymbols')])
/home/omri/Programs/ns-3/workspace/ns-allinone-3.14.1/ns-3.14.1/src/wimax/bindings/modulegen__gcc_LP64.py:8259: Warning: exception TypeConfigurationError('Missing transfer_ownership option',) in wrapper public: virtual retval? ???::CreateUgsBurst (params?);
  is_virtual=True)
/home/omri/Programs/ns-3/workspace/ns-allinone-3.14.1/ns-3.14.1/src/wimax/bindings/modulegen__gcc_LP64.py:8264: Warning: exception TypeLookupError(['std::list< std::pair< ns3::OfdmDlMapIe *, ns3::Ptr< ns3::PacketBurst > > > *'],) in wrapper public: virtual retval? ???::GetDownlinkBursts (params?) const;
  is_const=True, is_virtual=True)
/home/omri/Programs/ns-3/workspace/ns-allinone-3.14.1/ns-3.14.1/src/wimax/bindings/modulegen__gcc_LP64.py:8278: Warning: exception TypeLookupError(['ns3::Ptr< ns3::WimaxConnection > &'],) in wrapper public: retval? ???::SelectBEConnection (params?);
  [param('ns3::Ptr< ns3::WimaxConnection > &', 'connection')])
/home/omri/Programs/ns-3/workspace/ns-allinone-3.14.1/ns-3.14.1/src/wimax/bindings/modulegen__gcc_LP64.py:8283: Warning: exception TypeLookupError(['ns3::Ptr< ns3::WimaxConnection > &'],) in wrapper public: virtual retval? ???::SelectConnection (params?);
  is_virtual=True)
/home/omri/Programs/ns-3/workspace/ns-allinone-3.14.1/ns-3.14.1/src/wimax/bindings/modulegen__gcc_LP64.py:8287: Warning: exception TypeLookupError(['ns3::Ptr< ns3::WimaxConnection > &'],) in wrapper public: retval? ???::SelectIRandBCConnection (params?);
  [param('ns3::Ptr< ns3::WimaxConnection > &', 'connection')])
/home/omri/Programs/ns-3/workspace/ns-allinone-3.14.1/ns-3.14.1/src/wimax/bindings/modulegen__gcc_LP64.py:8291: Warning: exception TypeLookupError(['ns3::Ptr< ns3::WimaxConnection > &'],) in wrapper public: retval? ???::SelectMenagementConnection (params?);
  [param('ns3::Ptr< ns3::WimaxConnection > &', 'connection')])
/home/omri/Programs/ns-3/workspace/ns-allinone-3.14.1/ns-3.14.1/src/wimax/bindings/modulegen__gcc_LP64.py:8295: Warning: exception TypeLookupError(['ns3::Ptr< ns3::WimaxConnection > &'],) in wrapper public: retval? ???::SelectNRTPSConnection (params?);
  [param('ns3::Ptr< ns3::WimaxConnection > &', 'connection')])
/home/omri/Programs/ns-3/workspace/ns-allinone-3.14.1/ns-3.14.1/src/wimax/bindings/modulegen__gcc_LP64.py:8299: Warning: exception TypeLookupError(['ns3::Ptr< ns3::WimaxConnection > &'],) in wrapper public: retval? ???::SelectRTPSConnection (params?);
  [param('ns3::Ptr< ns3::WimaxConnection > &', 'connection')])
/home/omri/Programs/ns-3/workspace/ns-allinone-3.14.1/ns-3.14.1/src/wimax/bindings/modulegen__gcc_LP64.py:8303: Warning: exception TypeLookupError(['ns3::Ptr< ns3::WimaxConnection > &'],) in wrapper public: retval? ???::SelectUGSConnection (params?);
  [param('ns3::Ptr< ns3::WimaxConnection > &', 'connection')])
/home/omri/Programs/ns-3/workspace/ns-allinone-3.14.1/ns-3.14.1/src/wimax/bindings/modulegen__gcc_LP64.py:8322: Warning: exception TypeConfigurationError('Missing transfer_ownership option',) in wrapper public: virtual retval? ???::CreateUgsBurst (params?);
  is_virtual=True)
/home/omri/Programs/ns-3/workspace/ns-allinone-3.14.1/ns-3.14.1/src/wimax/bindings/modulegen__gcc_LP64.py:8327: Warning: exception TypeLookupError(['std::list< std::pair< ns3::OfdmDlMapIe *, ns3::Ptr< ns3::PacketBurst > > > *'],) in wrapper public: virtual retval? ???::GetDownlinkBursts (params?) const;
  is_const=True, is_virtual=True)
/home/omri/Programs/ns-3/workspace/ns-allinone-3.14.1/ns-3.14.1/src/wimax/bindings/modulegen__gcc_LP64.py:8342: Warning: exception TypeLookupError(['ns3::Ptr< ns3::WimaxConnection > &'],) in wrapper public: virtual retval? ???::SelectConnection (params?);
  is_virtual=True)
/home/omri/Programs/ns-3/workspace/ns-allinone-3.14.1/ns-3.14.1/src/wimax/bindings/modulegen__gcc_LP64.py:8409: Warning: exception TypeLookupError(['std::ostream &'],) in wrapper public: virtual retval? ???::Print (params?) const;
  is_const=True, is_virtual=True)
/home/omri/Programs/ns-3/workspace/ns-allinone-3.14.1/ns-3.14.1/src/wimax/bindings/modulegen__gcc_LP64.py:8458: Warning: exception TypeConfigurationError('Missing transfer_ownership option',) in wrapper public: retval? ???::AddServiceFlow (params?);
  [param('ns3::ServiceFlow *', 'serviceFlow')])
/home/omri/Programs/ns-3/workspace/ns-allinone-3.14.1/ns-3.14.1/src/wimax/bindings/modulegen__gcc_LP64.py:8477: Warning: exception TypeConfigurationError('Either caller_owns_return or self.reference_existing_object must be given',) in wrapper public: retval? ???::GetServiceFlow (params?) const;
  is_const=True)
/home/omri/Programs/ns-3/workspace/ns-allinone-3.14.1/ns-3.14.1/src/wimax/bindings/modulegen__gcc_LP64.py:8482: Warning: exception TypeConfigurationError('Either caller_owns_return or self.reference_existing_object must be given',) in wrapper public: retval? ???::GetServiceFlow (params?) const;
  is_const=True)
/home/omri/Programs/ns-3/workspace/ns-allinone-3.14.1/ns-3.14.1/src/wimax/bindings/modulegen__gcc_LP64.py:8487: Warning: exception TypeLookupError(['std::vector< ns3::ServiceFlow * >'],) in wrapper public: retval? ???::GetServiceFlows (params?) const;
  is_const=True)
/home/omri/Programs/ns-3/workspace/ns-allinone-3.14.1/ns-3.14.1/src/wimax/bindings/modulegen__gcc_LP64.py:8495: Warning: exception TypeConfigurationError('Either caller_owns_return or self.reference_existing_object must be given',) in wrapper public: retval? ???::ProcessDsaReq (params?);
  [param('ns3::DsaReq const &', 'dsaReq'), param('ns3::Cid', 'cid')])
/home/omri/Programs/ns-3/workspace/ns-allinone-3.14.1/ns-3.14.1/src/wimax/bindings/modulegen__gcc_LP64.py:8588: Warning: exception TypeConfigurationError('Missing transfer_ownership option',) in wrapper public: retval? ???::AllocateManagementConnections (params?);
  [param('ns3::SSRecord *', 'ssRecord'), param('ns3::RngRsp *', 'rngrsp')])
/home/omri/Programs/ns-3/workspace/ns-allinone-3.14.1/ns-3.14.1/src/wimax/bindings/modulegen__gcc_LP64.py:8625: Warning: exception TypeConfigurationError('Missing transfer_ownership option',) in wrapper public: retval? ???::SetCidFactory (params?);
  [param('ns3::CidFactory *', 'cidFactory')])
/home/omri/Programs/ns-3/workspace/ns-allinone-3.14.1/ns-3.14.1/src/wimax/bindings/modulegen__gcc_LP64.py:8686: Warning: exception TypeLookupError(['std::ostream &'],) in wrapper public: virtual retval? ???::Print (params?) const;
  is_const=True, is_virtual=True)
/home/omri/Programs/ns-3/workspace/ns-allinone-3.14.1/ns-3.14.1/src/wimax/bindings/modulegen__gcc_LP64.py:8759: Warning: exception TypeLookupError(['std::ostream &'],) in wrapper public: virtual retval? ???::Print (params?) const;
  is_const=True, is_virtual=True)
/home/omri/Programs/ns-3/workspace/ns-allinone-3.14.1/ns-3.14.1/src/wimax/bindings/modulegen__gcc_LP64.py:8819: Warning: exception TypeLookupError(['std::ostream &'],) in wrapper public: virtual retval? ???::Print (params?) const;
  is_const=True, is_virtual=True)
/home/omri/Programs/ns-3/workspace/ns-allinone-3.14.1/ns-3.14.1/src/wimax/bindings/modulegen__gcc_LP64.py:8891: Warning: exception TypeLookupError(['std::ostream &'],) in wrapper public: virtual retval? ???::Print (params?) const;
  is_const=True, is_virtual=True)
/home/omri/Programs/ns-3/workspace/ns-allinone-3.14.1/ns-3.14.1/src/wimax/bindings/modulegen__gcc_LP64.py:8974: Warning: exception TypeLookupError(['std::ostream &'],) in wrapper public: virtual retval? ???::Print (params?) const;
  is_const=True, is_virtual=True)
/home/omri/Programs/ns-3/workspace/ns-allinone-3.14.1/ns-3.14.1/src/wimax/bindings/modulegen__gcc_LP64.py:9064: Warning: exception TypeLookupError(['ns3::Ptr< ns3::MobilityModel >', 'ns3::MobilityModel *'],) in wrapper private: virtual retval? ???::DoCalcRxPower (params?) const;
  is_const=True, visibility='private', is_virtual=True)
/home/omri/Programs/ns-3/workspace/ns-allinone-3.14.1/ns-3.14.1/src/wimax/bindings/modulegen__gcc_LP64.py:9111: Warning: exception TypeLookupError(['std::ostream &'],) in wrapper public: virtual retval? ???::Print (params?) const;
  is_const=True, is_virtual=True)
/home/omri/Programs/ns-3/workspace/ns-allinone-3.14.1/ns-3.14.1/src/wimax/bindings/modulegen__gcc_LP64.py:9170: Warning: exception TypeLookupError(['ns3::Ptr< ns3::MobilityModel >', 'ns3::MobilityModel *'],) in wrapper private: virtual retval? ???::DoCalcRxPower (params?) const;
  is_const=True, visibility='private', is_virtual=True)
/home/omri/Programs/ns-3/workspace/ns-allinone-3.14.1/ns-3.14.1/src/wimax/bindings/modulegen__gcc_LP64.py:9247: Warning: exception TypeLookupError(['std::ostream &'],) in wrapper public: virtual retval? ???::Print (params?) const;
  is_const=True, is_virtual=True)
/home/omri/Programs/ns-3/workspace/ns-allinone-3.14.1/ns-3.14.1/src/wimax/bindings/modulegen__gcc_LP64.py:9341: Warning: exception TypeLookupError(['std::ostream &'],) in wrapper public: virtual retval? ???::Print (params?) const;
  is_const=True, is_virtual=True)
/home/omri/Programs/ns-3/workspace/ns-allinone-3.14.1/ns-3.14.1/src/wimax/bindings/modulegen__gcc_LP64.py:9369: Warning: exception TypeConfigurationError('Either caller_owns_return or self.reference_existing_object must be given',) in wrapper public: retval? ???::Classify (params?);
  [param('ns3::Ptr< ns3::Packet const >', 'packet'), param('ns3::Ptr< ns3::ServiceFlowManager >', 'sfm'), param('ns3::ServiceFlow::Direction', 'dir')])
/home/omri/Programs/ns-3/workspace/ns-allinone-3.14.1/ns-3.14.1/src/wimax/bindings/modulegen__gcc_LP64.py:9562: Warning: exception TypeLookupError(['ns3::Ptr< ns3::MobilityModel >', 'ns3::MobilityModel *'],) in wrapper private: virtual retval? ???::DoCalcRxPower (params?) const;
  is_const=True, visibility='private', is_virtual=True)
/home/omri/Programs/ns-3/workspace/ns-allinone-3.14.1/ns-3.14.1/src/wimax/bindings/modulegen__gcc_LP64.py:9616: Warning: exception TypeLookupError(['ns3::Ptr< ns3::MobilityModel >', 'ns3::MobilityModel *'],) in wrapper public: retval? ???::SetLoss (params?);
  [param('ns3::Ptr< ns3::MobilityModel >', 'a'), param('ns3::Ptr< ns3::MobilityModel >', 'b'), param('double', 'loss'), param('bool', 'symmetric', default_value='true')])
/home/omri/Programs/ns-3/workspace/ns-allinone-3.14.1/ns-3.14.1/src/wimax/bindings/modulegen__gcc_LP64.py:9625: Warning: exception TypeLookupError(['ns3::Ptr< ns3::MobilityModel >', 'ns3::MobilityModel *'],) in wrapper private: virtual retval? ???::DoCalcRxPower (params?) const;
  is_const=True, visibility='private', is_virtual=True)
/home/omri/Programs/ns-3/workspace/ns-allinone-3.14.1/ns-3.14.1/src/wimax/bindings/modulegen__gcc_LP64.py:9640: Warning: exception TypeLookupError(['ns3::Ptr< ns3::MobilityModel >', 'ns3::MobilityModel *'],) in wrapper private: virtual retval? ???::DoCalcRxPower (params?) const;
  is_const=True, visibility='private', is_virtual=True)
/home/omri/Programs/ns-3/workspace/ns-allinone-3.14.1/ns-3.14.1/src/wimax/bindings/modulegen__gcc_LP64.py:9829: Warning: exception TypeLookupError(['ns3::Ptr< ns3::Application >', 'ns3::Application *'],) in wrapper public: retval? ???::AddApplication (params?);
  [param('ns3::Ptr< ns3::Application >', 'application')])
/home/omri/Programs/ns-3/workspace/ns-allinone-3.14.1/ns-3.14.1/src/wimax/bindings/modulegen__gcc_LP64.py:9843: Warning: exception TypeLookupError(['ns3::Ptr< ns3::Application >', 'ns3::Application *'],) in wrapper public: retval? ???::GetApplication (params?) const;
  is_const=True)
/home/omri/Programs/ns-3/workspace/ns-allinone-3.14.1/ns-3.14.1/src/wimax/bindings/modulegen__gcc_LP64.py:9877: Warning: exception TypeLookupError(['ns3::Callback< void, ns3::Ptr< ns3::NetDevice >, ns3::empty, ns3::empty, ns3::empty, ns3::empty, ns3::empty, ns3::empty, ns3::empty, ns3::empty >'],) in wrapper public: retval? ???::RegisterDeviceAdditionListener (params?);
  [param('ns3::Callback< void, ns3::Ptr< ns3::NetDevice >, ns3::empty, ns3::empty, ns3::empty, ns3::empty, ns3::empty, ns3::empty, ns3::empty, ns3::empty >', 'listener')])
/home/omri/Programs/ns-3/workspace/ns-allinone-3.14.1/ns-3.14.1/src/wimax/bindings/modulegen__gcc_LP64.py:9885: Warning: exception TypeLookupError(['ns3::Callback< void, ns3::Ptr< ns3::NetDevice >, ns3::empty, ns3::empty, ns3::empty, ns3::empty, ns3::empty, ns3::empty, ns3::empty, ns3::empty >'],) in wrapper public: retval? ???::UnregisterDeviceAdditionListener (params?);
  [param('ns3::Callback< void, ns3::Ptr< ns3::NetDevice >, ns3::empty, ns3::empty, ns3::empty, ns3::empty, ns3::empty, ns3::empty, ns3::empty, ns3::empty >', 'listener')])
/home/omri/Programs/ns-3/workspace/ns-allinone-3.14.1/ns-3.14.1/src/wimax/bindings/modulegen__gcc_LP64.py:9948: Warning: exception TypeLookupError(['std::ostream *'],) in wrapper <pybindgen.cppmethod.CppConstructor object at 0x7f519a57c910>
  cls.add_constructor([param('std::ostream *', 'os')])
/home/omri/Programs/ns-3/workspace/ns-allinone-3.14.1/ns-3.14.1/src/wimax/bindings/modulegen__gcc_LP64.py:9952: Warning: exception TypeLookupError(['std::ostream *'],) in wrapper public: retval? ???::GetStream (params?);
  [])
/home/omri/Programs/ns-3/workspace/ns-allinone-3.14.1/ns-3.14.1/src/wimax/bindings/modulegen__gcc_LP64.py:9964: Warning: exception TypeConfigurationError('direction not given',) in wrapper <pybindgen.cppmethod.CppConstructor object at 0x7f519a586710>
  cls.add_constructor([param('uint8_t const *', 'buffer'), param('uint32_t', 'size'), param('bool', 'magic')])
/home/omri/Programs/ns-3/workspace/ns-allinone-3.14.1/ns-3.14.1/src/wimax/bindings/modulegen__gcc_LP64.py:9966: Warning: exception TypeConfigurationError('direction not given',) in wrapper <pybindgen.cppmethod.CppConstructor object at 0x7f519a586750>
  cls.add_constructor([param('uint8_t const *', 'buffer'), param('uint32_t', 'size')])
/home/omri/Programs/ns-3/workspace/ns-allinone-3.14.1/ns-3.14.1/src/wimax/bindings/modulegen__gcc_LP64.py:10007: Warning: exception TypeConfigurationError('direction not given',) in wrapper public: retval? ???::CopyData (params?) const;
  is_const=True)
/home/omri/Programs/ns-3/workspace/ns-allinone-3.14.1/ns-3.14.1/src/wimax/bindings/modulegen__gcc_LP64.py:10012: Warning: exception TypeLookupError(['std::ostream *'],) in wrapper public: retval? ???::CopyData (params?) const;
  is_const=True)
/home/omri/Programs/ns-3/workspace/ns-allinone-3.14.1/ns-3.14.1/src/wimax/bindings/modulegen__gcc_LP64.py:10067: Warning: exception TypeLookupError(['uint8_t *'],) in wrapper public: retval? ???::PeekData (params?) const;
  deprecated=True, is_const=True)
/home/omri/Programs/ns-3/workspace/ns-allinone-3.14.1/ns-3.14.1/src/wimax/bindings/modulegen__gcc_LP64.py:10086: Warning: exception TypeLookupError(['std::ostream &'],) in wrapper public: retval? ???::Print (params?) const;
  is_const=True)
/home/omri/Programs/ns-3/workspace/ns-allinone-3.14.1/ns-3.14.1/src/wimax/bindings/modulegen__gcc_LP64.py:10091: Warning: exception TypeLookupError(['std::ostream &'],) in wrapper public: retval? ???::PrintByteTags (params?) const;
  is_const=True)
/home/omri/Programs/ns-3/workspace/ns-allinone-3.14.1/ns-3.14.1/src/wimax/bindings/modulegen__gcc_LP64.py:10096: Warning: exception TypeLookupError(['std::ostream &'],) in wrapper public: retval? ???::PrintPacketTags (params?) const;
  is_const=True)
/home/omri/Programs/ns-3/workspace/ns-allinone-3.14.1/ns-3.14.1/src/wimax/bindings/modulegen__gcc_LP64.py:10129: Warning: exception TypeConfigurationError('direction not given',) in wrapper public: retval? ???::Serialize (params?) const;
  is_const=True)
/home/omri/Programs/ns-3/workspace/ns-allinone-3.14.1/ns-3.14.1/src/wimax/bindings/modulegen__gcc_LP64.py:10249: Warning: exception TypeConfigurationError('Missing transfer_ownership option',) in wrapper public: virtual retval? ???::Send (params?);
  is_virtual=True)
/home/omri/Programs/ns-3/workspace/ns-allinone-3.14.1/ns-3.14.1/src/wimax/bindings/modulegen__gcc_LP64.py:10261: Warning: exception TypeLookupError(['ns3::Callback< void, ns3::Ptr< ns3::PacketBurst >, ns3::Ptr< ns3::WimaxConnection >, ns3::empty, ns3::empty, ns3::empty, ns3::empty, ns3::empty, ns3::empty, ns3::empty >'],) in wrapper public: retval? ???::SetReceiveCallback (params?);
  [param('ns3::Callback< void, ns3::Ptr< ns3::PacketBurst >, ns3::Ptr< ns3::WimaxConnection >, ns3::empty, ns3::empty, ns3::empty, ns3::empty, ns3::empty, ns3::empty, ns3::empty >', 'callback')])
bindings/python/ns3modulegen-modular.py:27: UserWarning: exception TypeLookupError(['ns3::TracedCallback< ns3::Ptr< ns3::Packet const >, ns3::Mac48Address const &, ns3::empty, ns3::empty, ns3::empty, ns3::empty, ns3::empty, ns3::empty >'],) in wrapper None
  warnings.warn("exception %r in wrapper %s" % (exception, wrapper))
/home/omri/Programs/ns-3/workspace/ns-allinone-3.14.1/ns-3.14.1/src/wimax/bindings/modulegen__gcc_LP64.py:10630: Warning: exception TypeLookupError(['ns3::Ptr< ns3::BurstProfileManager >', 'ns3::BurstProfileManager *'],) in wrapper public: retval? ???::GetBurstProfileManager (params?) const;
  is_const=True)
/home/omri/Programs/ns-3/workspace/ns-allinone-3.14.1/ns-3.14.1/src/wimax/bindings/modulegen__gcc_LP64.py:10634: Warning: exception TypeLookupError(['ns3::Ptr< ns3::BurstProfileManager >', 'ns3::BurstProfileManager *'],) in wrapper public: retval? ???::SetBurstProfileManager (params?);
  [param('ns3::Ptr< ns3::BurstProfileManager >', 'burstProfileManager')])
/home/omri/Programs/ns-3/workspace/ns-allinone-3.14.1/ns-3.14.1/src/wimax/bindings/modulegen__gcc_LP64.py:10639: Warning: exception TypeLookupError(['ns3::Ptr< ns3::BandwidthManager >', 'ns3::BandwidthManager *'],) in wrapper public: retval? ???::GetBandwidthManager (params?) const;
  is_const=True)
/home/omri/Programs/ns-3/workspace/ns-allinone-3.14.1/ns-3.14.1/src/wimax/bindings/modulegen__gcc_LP64.py:10643: Warning: exception TypeLookupError(['ns3::Ptr< ns3::BandwidthManager >', 'ns3::BandwidthManager *'],) in wrapper public: retval? ???::SetBandwidthManager (params?);
  [param('ns3::Ptr< ns3::BandwidthManager >', 'bandwidthManager')])
/home/omri/Programs/ns-3/workspace/ns-allinone-3.14.1/ns-3.14.1/src/wimax/bindings/modulegen__gcc_LP64.py:10808: Warning: exception TypeLookupError(['ns3::Callback< bool, ns3::Ptr< ns3::NetDevice >, ns3::Ptr< ns3::Packet const >, unsigned short, ns3::Address const &, ns3::Address const &, ns3::NetDevice::PacketType, ns3::empty, ns3::empty, ns3::empty >'],) in wrapper public: retval? ???::GetPromiscReceiveCallback (params?);
  [])
/home/omri/Programs/ns-3/workspace/ns-allinone-3.14.1/ns-3.14.1/src/wimax/bindings/modulegen__gcc_LP64.py:11052: Warning: exception TypeLookupError(['ns3::Ptr< ns3::BSLinkManager >', 'ns3::BSLinkManager *'],) in wrapper public: retval? ???::GetLinkManager (params?) const;
  is_const=True)
/home/omri/Programs/ns-3/workspace/ns-allinone-3.14.1/ns-3.14.1/src/wimax/bindings/modulegen__gcc_LP64.py:11065: Warning: exception TypeLookupError(['ns3::Ptr< ns3::BSLinkManager >', 'ns3::BSLinkManager *'],) in wrapper public: retval? ???::SetLinkManager (params?);
  [param('ns3::Ptr< ns3::BSLinkManager >', 'linkManager')])
bindings/python/ns3modulegen-modular.py:27: UserWarning: exception TypeLookupError(['ns3::Ptr< ns3::SSLinkManager >', 'ns3::SSLinkManager *'],) in wrapper None
  warnings.warn("exception %r in wrapper %s" % (exception, wrapper))
/home/omri/Programs/ns-3/workspace/ns-allinone-3.14.1/ns-3.14.1/src/wimax/bindings/modulegen__gcc_LP64.py:11353: Warning: exception TypeLookupError(['ns3::Ptr< ns3::SSScheduler >', 'ns3::SSScheduler *'],) in wrapper public: retval? ???::GetScheduler (params?) const;
  is_const=True)
/home/omri/Programs/ns-3/workspace/ns-allinone-3.14.1/ns-3.14.1/src/wimax/bindings/modulegen__gcc_LP64.py:11357: Warning: exception TypeLookupError(['ns3::Ptr< ns3::SSScheduler >', 'ns3::SSScheduler *'],) in wrapper public: retval? ???::SetScheduler (params?);
  [param('ns3::Ptr< ns3::SSScheduler >', 'ssScheduler')])
/home/omri/Programs/ns-3/workspace/ns-allinone-3.14.1/ns-3.14.1/src/wimax/bindings/modulegen__gcc_LP64.py:11385: Warning: exception TypeConfigurationError('Missing transfer_ownership option',) in wrapper public: retval? ???::AddServiceFlow (params?);
  [param('ns3::ServiceFlow *', 'sf')])
/home/omri/Programs/ns-3/workspace/ns-allinone-3.14.1/ns-3.14.1/src/wimax/bindings/modulegen__gcc_LP64.py:11416: Warning: exception TypeLookupError(['ns3::Ptr< ns3::SSLinkManager >', 'ns3::SSLinkManager *'],) in wrapper public: retval? ???::GetLinkManager (params?) const;
  is_const=True)
/home/omri/Programs/ns-3/workspace/ns-allinone-3.14.1/ns-3.14.1/src/wimax/bindings/modulegen__gcc_LP64.py:11420: Warning: exception TypeLookupError(['ns3::Ptr< ns3::SSLinkManager >', 'ns3::SSLinkManager *'],) in wrapper public: retval? ???::SetLinkManager (params?);
  [param('ns3::Ptr< ns3::SSLinkManager >', 'arg0')])
/home/omri/Programs/ns-3/workspace/ns-allinone-3.14.1/ns-3.14.1/src/wimax/bindings/modulegen__gcc_LP64.py:11452: Warning: exception TypeConfigurationError('direction not given',) in wrapper <pybindgen.function.Function object at 0x7f519a20b2d0>
  [param('uint8_t const *', 'data'), param('int', 'length')])
/home/omri/Programs/ns-3/workspace/ns-allinone-3.14.1/pybindgen-0.15.0.809/pybindgen/cppclass_typehandlers.py:1134: UserWarning: Returning shared pointers is dangerous!  The C++ API should be redesigned to avoid this situation.
  warnings.warn("Returning shared pointers is dangerous!"
/home/omri/Programs/ns-3/workspace/ns-allinone-3.14.1/ns-3.14.1/src/wimax/bindings/modulegen__gcc_LP64.py:10734: Warning: exception NotSupportedError('Reverse wrappers for ns3::Callback<...> types (python using callbacks defined in C++) not implemented.',) in wrapper public: virtual void ns3::WimaxNetDevice::SetLinkChangeCallback (ns3::Callback< void, ns3::empty, ns3::empty, ns3::empty, ns3::empty, ns3::empty, ns3::empty, ns3::empty, ns3::empty, ns3::empty > callback);
  is_virtual=True)
/home/omri/Programs/ns-3/workspace/ns-allinone-3.14.1/ns-3.14.1/src/wimax/bindings/modulegen__gcc_LP64.py:10789: Warning: exception NotSupportedError('Reverse wrappers for ns3::Callback<...> types (python using callbacks defined in C++) not implemented.',) in wrapper public: virtual void ns3::WimaxNetDevice::SetReceiveCallback (ns3::Callback< bool, ns3::Ptr< ns3::NetDevice >, ns3::Ptr< ns3::Packet const >, unsigned short, ns3::Address const &, ns3::empty, ns3::empty, ns3::empty, ns3::empty, ns3::empty > cb);
  is_virtual=True)
/home/omri/Programs/ns-3/workspace/ns-allinone-3.14.1/ns-3.14.1/src/wimax/bindings/modulegen__gcc_LP64.py:10794: Warning: exception NotSupportedError('Reverse wrappers for ns3::Callback<...> types (python using callbacks defined in C++) not implemented.',) in wrapper public: virtual void ns3::WimaxNetDevice::AddLinkChangeCallback (ns3::Callback< void, ns3::empty, ns3::empty, ns3::empty, ns3::empty, ns3::empty, ns3::empty, ns3::empty, ns3::empty, ns3::empty > callback);
  is_virtual=True)
/home/omri/Programs/ns-3/workspace/ns-allinone-3.14.1/ns-3.14.1/src/wimax/bindings/modulegen__gcc_LP64.py:10804: Warning: exception NotSupportedError('Reverse wrappers for ns3::Callback<...> types (python using callbacks defined in C++) not implemented.',) in wrapper public: virtual void ns3::WimaxNetDevice::SetPromiscReceiveCallback (ns3::Callback< bool, ns3::Ptr< ns3::NetDevice >, ns3::Ptr< ns3::Packet const >, unsigned short, ns3::Address const &, ns3::Address const &, ns3::NetDevice::PacketType, ns3::empty, ns3::empty, ns3::empty > cb);
  is_virtual=True)
bindings/python/ns3modulegen-modular.py:27: UserWarning: exception NotSupportedError('Reverse wrappers for ns3::Callback<...> types (python using callbacks defined in C++) not implemented.',) in wrapper public: virtual void ns3::WimaxNetDevice::SetLinkChangeCallback (ns3::Callback< void, ns3::empty, ns3::empty, ns3::empty, ns3::empty, ns3::empty, ns3::empty, ns3::empty, ns3::empty, ns3::empty > callback);
  warnings.warn("exception %r in wrapper %s" % (exception, wrapper))
bindings/python/ns3modulegen-modular.py:27: UserWarning: exception NotSupportedError('Reverse wrappers for ns3::Callback<...> types (python using callbacks defined in C++) not implemented.',) in wrapper public: virtual void ns3::WimaxNetDevice::SetPromiscReceiveCallback (ns3::Callback< bool, ns3::Ptr< ns3::NetDevice >, ns3::Ptr< ns3::Packet const >, unsigned short, ns3::Address const &, ns3::Address const &, ns3::NetDevice::PacketType, ns3::empty, ns3::empty, ns3::empty > cb);
  warnings.warn("exception %r in wrapper %s" % (exception, wrapper))
bindings/python/ns3modulegen-modular.py:27: UserWarning: exception NotSupportedError('Reverse wrappers for ns3::Callback<...> types (python using callbacks defined in C++) not implemented.',) in wrapper public: virtual void ns3::WimaxNetDevice::AddLinkChangeCallback (ns3::Callback< void, ns3::empty, ns3::empty, ns3::empty, ns3::empty, ns3::empty, ns3::empty, ns3::empty, ns3::empty, ns3::empty > callback);
  warnings.warn("exception %r in wrapper %s" % (exception, wrapper))
bindings/python/ns3modulegen-modular.py:27: UserWarning: exception NotSupportedError('Reverse wrappers for ns3::Callback<...> types (python using callbacks defined in C++) not implemented.',) in wrapper public: virtual void ns3::WimaxNetDevice::SetReceiveCallback (ns3::Callback< bool, ns3::Ptr< ns3::NetDevice >, ns3::Ptr< ns3::Packet const >, unsigned short, ns3::Address const &, ns3::empty, ns3::empty, ns3::empty, ns3::empty, ns3::empty > cb);
  warnings.warn("exception %r in wrapper %s" % (exception, wrapper))
bindings/python/ns3modulegen-modular.py:27: UserWarning: exception CodeGenerationError('ns3::DcdChannelEncodings cannot be constructed (class has pure virtual methods)',) in wrapper <pybindgen.CppClass 'ns3::DcdChannelEncodings'>
  warnings.warn("exception %r in wrapper %s" % (exception, wrapper))
bindings/python/ns3modulegen-modular.py:27: UserWarning: exception CodeGenerationError('ns3::TlvValue cannot be constructed (have pure virtual methods but no helper class)',) in wrapper <pybindgen.CppClass 'ns3::TlvValue'>
  warnings.warn("exception %r in wrapper %s" % (exception, wrapper))
bindings/python/ns3modulegen-modular.py:27: UserWarning: exception CodeGenerationError('ns3::UcdChannelEncodings cannot be constructed (class has pure virtual methods)',) in wrapper <pybindgen.CppClass 'ns3::UcdChannelEncodings'>
  warnings.warn("exception %r in wrapper %s" % (exception, wrapper))
bindings/python/ns3modulegen-modular.py:27: UserWarning: exception CodeGenerationError('ns3::VectorTlvValue cannot be constructed (have pure virtual methods but no helper class)',) in wrapper <pybindgen.CppClass 'ns3::VectorTlvValue'>
  warnings.warn("exception %r in wrapper %s" % (exception, wrapper))
bindings/python/ns3modulegen-modular.py:27: UserWarning: exception CodeGenerationError('ns3::OfdmDownlinkFramePrefix cannot be constructed (have pure virtual methods but no helper class)',) in wrapper <pybindgen.CppClass 'ns3::OfdmDownlinkFramePrefix'>
  warnings.warn("exception %r in wrapper %s" % (exception, wrapper))
bindings/python/ns3modulegen-modular.py:27: UserWarning: exception CodeGenerationError('ns3::UplinkScheduler cannot be constructed (have pure virtual methods but no helper class)',) in wrapper <pybindgen.CppClass 'ns3::UplinkScheduler'>
  warnings.warn("exception %r in wrapper %s" % (exception, wrapper))
bindings/python/ns3modulegen-modular.py:27: UserWarning: exception CodeGenerationError('ns3::WimaxPhy cannot be constructed (have pure virtual methods but no helper class)',) in wrapper <pybindgen.CppClass 'ns3::WimaxPhy'>
  warnings.warn("exception %r in wrapper %s" % (exception, wrapper))
bindings/python/ns3modulegen-modular.py:27: UserWarning: exception CodeGenerationError('ns3::BSScheduler cannot be constructed (have pure virtual methods but no helper class)',) in wrapper <pybindgen.CppClass 'ns3::BSScheduler'>
  warnings.warn("exception %r in wrapper %s" % (exception, wrapper))
bindings/python/ns3modulegen-modular.py:27: UserWarning: exception CodeGenerationError('ns3::WimaxChannel cannot be constructed (class has pure virtual methods)',) in wrapper <pybindgen.CppClass 'ns3::WimaxChannel'>
  warnings.warn("exception %r in wrapper %s" % (exception, wrapper))
/home/omri/Programs/ns-3/workspace/ns-allinone-3.14.1/ns-3.14.1/src/wimax/bindings/modulegen__gcc_LP64.py:767: Warning: exception NotSupportedError('Reverse wrappers for ns3::Callback<...> types (python using callbacks defined in C++) not implemented.',) in wrapper public: virtual void ns3::WimaxNetDevice::SetLinkChangeCallback (ns3::Callback< void, ns3::empty, ns3::empty, ns3::empty, ns3::empty, ns3::empty, ns3::empty, ns3::empty, ns3::empty, ns3::empty > callback);
  register_Ns3WimaxNetDevice_methods(root_module, root_module['ns3::WimaxNetDevice'])
/home/omri/Programs/ns-3/workspace/ns-allinone-3.14.1/ns-3.14.1/src/wimax/bindings/modulegen__gcc_LP64.py:767: Warning: exception NotSupportedError('Reverse wrappers for ns3::Callback<...> types (python using callbacks defined in C++) not implemented.',) in wrapper public: virtual void ns3::WimaxNetDevice::SetReceiveCallback (ns3::Callback< bool, ns3::Ptr< ns3::NetDevice >, ns3::Ptr< ns3::Packet const >, unsigned short, ns3::Address const &, ns3::empty, ns3::empty, ns3::empty, ns3::empty, ns3::empty > cb);
  register_Ns3WimaxNetDevice_methods(root_module, root_module['ns3::WimaxNetDevice'])
/home/omri/Programs/ns-3/workspace/ns-allinone-3.14.1/ns-3.14.1/src/wimax/bindings/modulegen__gcc_LP64.py:767: Warning: exception NotSupportedError('Reverse wrappers for ns3::Callback<...> types (python using callbacks defined in C++) not implemented.',) in wrapper public: virtual void ns3::WimaxNetDevice::AddLinkChangeCallback (ns3::Callback< void, ns3::empty, ns3::empty, ns3::empty, ns3::empty, ns3::empty, ns3::empty, ns3::empty, ns3::empty, ns3::empty > callback);
  register_Ns3WimaxNetDevice_methods(root_module, root_module['ns3::WimaxNetDevice'])
/home/omri/Programs/ns-3/workspace/ns-allinone-3.14.1/ns-3.14.1/src/wimax/bindings/modulegen__gcc_LP64.py:767: Warning: exception NotSupportedError('Reverse wrappers for ns3::Callback<...> types (python using callbacks defined in C++) not implemented.',) in wrapper public: virtual void ns3::WimaxNetDevice::SetPromiscReceiveCallback (ns3::Callback< bool, ns3::Ptr< ns3::NetDevice >, ns3::Ptr< ns3::Packet const >, unsigned short, ns3::Address const &, ns3::Address const &, ns3::NetDevice::PacketType, ns3::empty, ns3::empty, ns3::empty > cb);
  register_Ns3WimaxNetDevice_methods(root_module, root_module['ns3::WimaxNetDevice'])
