>>>>>>>>>>>>>>>> [['bool', 'ns3::Ptr<ns3::NetDevice>', 'ns3::Ptr<ns3::Packet const>', 'unsigned short', 'ns3::Address const&', 'ns3::Address const&', 'ns3::NetDevice::PacketType', 'ns3::empty', 'ns3::empty', 'ns3::empty'], ['bool', 'ns3::Ptr<ns3::NetDevice>', 'ns3::Ptr<ns3::Packet const>', 'unsigned short', 'ns3::Address const&', 'ns3::empty', 'ns3::empty', 'ns3::empty', 'ns3::empty', 'ns3::empty'], ['void', 'ns3::Ptr<ns3::NetDevice>', 'ns3::Ptr<ns3::Packet const>', 'unsigned short', 'ns3::Address const&', 'ns3::Address const&', 'ns3::NetDevice::PacketType', 'ns3::empty', 'ns3::empty', 'ns3::empty']]
***** registering callback handler: 'ns3::Callback< bool, ns3::Ptr< ns3::NetDevice >, ns3::Ptr< ns3::Packet const >, unsigned short, ns3::Address const &, ns3::Address const &, ns3::NetDevice::PacketType, ns3::empty, ns3::empty, ns3::empty >'
***** registering callback handler: 'ns3::Callback< bool, ns3::Ptr< ns3::NetDevice >, ns3::Ptr< ns3::Packet const >, unsigned short, ns3::Address const &, ns3::empty, ns3::empty, ns3::empty, ns3::empty, ns3::empty >'
***** registering callback handler: 'ns3::Callback< void, ns3::Ptr< ns3::NetDevice >, ns3::Ptr< ns3::Packet const >, unsigned short, ns3::Address const &, ns3::Address const &, ns3::NetDevice::PacketType, ns3::empty, ns3::empty, ns3::empty >'
/home/omri/Programs/ns-3/workspace/ns-allinone-3.14.1/ns-3.14.1/src/point-to-point/bindings/modulegen__gcc_LP64.py:445: Warning: exception TypeConfigurationError('direction not given',) in wrapper <pybindgen.cppmethod.CppConstructor object at 0x7f99ad05abd0>
  cls.add_constructor([param('uint8_t', 'type'), param('uint8_t const *', 'buffer'), param('uint8_t', 'len')])
/home/omri/Programs/ns-3/workspace/ns-allinone-3.14.1/ns-3.14.1/src/point-to-point/bindings/modulegen__gcc_LP64.py:456: Warning: exception TypeConfigurationError('direction not given',) in wrapper public: retval? ???::CopyAllFrom (params?);
  [param('uint8_t const *', 'buffer'), param('uint8_t', 'len')])
/home/omri/Programs/ns-3/workspace/ns-allinone-3.14.1/ns-3.14.1/src/point-to-point/bindings/modulegen__gcc_LP64.py:461: Warning: exception TypeConfigurationError('direction not given',) in wrapper public: retval? ???::CopyAllTo (params?) const;
  is_const=True)
/home/omri/Programs/ns-3/workspace/ns-allinone-3.14.1/ns-3.14.1/src/point-to-point/bindings/modulegen__gcc_LP64.py:465: Warning: exception TypeConfigurationError('direction not given',) in wrapper public: retval? ???::CopyFrom (params?);
  [param('uint8_t const *', 'buffer'), param('uint8_t', 'len')])
/home/omri/Programs/ns-3/workspace/ns-allinone-3.14.1/ns-3.14.1/src/point-to-point/bindings/modulegen__gcc_LP64.py:470: Warning: exception TypeConfigurationError('direction not given',) in wrapper public: retval? ???::CopyTo (params?) const;
  is_const=True)
/home/omri/Programs/ns-3/workspace/ns-allinone-3.14.1/ns-3.14.1/src/point-to-point/bindings/modulegen__gcc_LP64.py:639: Warning: exception TypeLookupError(['std::_List_const_iterator< ns3::AttributeConstructionList::Item >'],) in wrapper public: retval? ???::Begin (params?) const;
  is_const=True)
/home/omri/Programs/ns-3/workspace/ns-allinone-3.14.1/ns-3.14.1/src/point-to-point/bindings/modulegen__gcc_LP64.py:644: Warning: exception TypeLookupError(['std::_List_const_iterator< ns3::AttributeConstructionList::Item >'],) in wrapper public: retval? ???::End (params?) const;
  is_const=True)
/home/omri/Programs/ns-3/workspace/ns-allinone-3.14.1/ns-3.14.1/src/point-to-point/bindings/modulegen__gcc_LP64.py:695: Warning: exception TypeLookupError(['std::ostream *'],) in wrapper public: retval? ???::CopyData (params?) const;
  is_const=True)
/home/omri/Programs/ns-3/workspace/ns-allinone-3.14.1/ns-3.14.1/src/point-to-point/bindings/modulegen__gcc_LP64.py:700: Warning: exception TypeConfigurationError('direction not given',) in wrapper public: retval? ???::CopyData (params?) const;
  is_const=True)
/home/omri/Programs/ns-3/workspace/ns-allinone-3.14.1/ns-3.14.1/src/point-to-point/bindings/modulegen__gcc_LP64.py:714: Warning: exception TypeConfigurationError('direction not given',) in wrapper public: retval? ???::Deserialize (params?);
  [param('uint8_t const *', 'buffer'), param('uint32_t', 'size')])
/home/omri/Programs/ns-3/workspace/ns-allinone-3.14.1/ns-3.14.1/src/point-to-point/bindings/modulegen__gcc_LP64.py:744: Warning: exception TypeLookupError(['uint8_t *'],) in wrapper public: retval? ???::PeekData (params?) const;
  is_const=True)
/home/omri/Programs/ns-3/workspace/ns-allinone-3.14.1/ns-3.14.1/src/point-to-point/bindings/modulegen__gcc_LP64.py:757: Warning: exception TypeConfigurationError('direction not given',) in wrapper public: retval? ???::Serialize (params?) const;
  is_const=True)
/home/omri/Programs/ns-3/workspace/ns-allinone-3.14.1/ns-3.14.1/src/point-to-point/bindings/modulegen__gcc_LP64.py:812: Warning: exception TypeConfigurationError('direction not given',) in wrapper public: retval? ???::Read (params?);
  [param('uint8_t *', 'buffer'), param('uint32_t', 'size')])
/home/omri/Programs/ns-3/workspace/ns-allinone-3.14.1/ns-3.14.1/src/point-to-point/bindings/modulegen__gcc_LP64.py:856: Warning: exception TypeConfigurationError('direction not given',) in wrapper public: retval? ???::Write (params?);
  [param('uint8_t const *', 'buffer'), param('uint32_t', 'size')])
/home/omri/Programs/ns-3/workspace/ns-allinone-3.14.1/ns-3.14.1/src/point-to-point/bindings/modulegen__gcc_LP64.py:1070: Warning: exception TypeLookupError(['ns3::Ptr< ns3::EventImpl > &'],) in wrapper <pybindgen.cppmethod.CppConstructor object at 0x7f99acede510>
  cls.add_constructor([param('ns3::Ptr< ns3::EventImpl > const &', 'impl'), param('uint64_t', 'ts'), param('uint32_t', 'context'), param('uint32_t', 'uid')])
/home/omri/Programs/ns-3/workspace/ns-allinone-3.14.1/ns-3.14.1/src/point-to-point/bindings/modulegen__gcc_LP64.py:1104: Warning: exception TypeConfigurationError('Either caller_owns_return or self.reference_existing_object must be given',) in wrapper public: retval? ???::PeekEventImpl (params?) const;
  is_const=True)
/home/omri/Programs/ns-3/workspace/ns-allinone-3.14.1/ns-3.14.1/src/point-to-point/bindings/modulegen__gcc_LP64.py:1134: Warning: exception TypeConfigurationError('direction not given',) in wrapper public: retval? ???::Deserialize (params?);
  is_static=True)
/home/omri/Programs/ns-3/workspace/ns-allinone-3.14.1/ns-3.14.1/src/point-to-point/bindings/modulegen__gcc_LP64.py:1199: Warning: exception TypeLookupError(['std::ostream &'],) in wrapper public: retval? ???::Print (params?) const;
  is_const=True)
/home/omri/Programs/ns-3/workspace/ns-allinone-3.14.1/ns-3.14.1/src/point-to-point/bindings/modulegen__gcc_LP64.py:1204: Warning: exception TypeConfigurationError('direction not given',) in wrapper public: retval? ???::Serialize (params?) const;
  is_const=True)
/home/omri/Programs/ns-3/workspace/ns-allinone-3.14.1/ns-3.14.1/src/point-to-point/bindings/modulegen__gcc_LP64.py:1271: Warning: exception TypeLookupError(['std::ostream &'],) in wrapper public: retval? ???::Print (params?) const;
  is_const=True)
/home/omri/Programs/ns-3/workspace/ns-allinone-3.14.1/ns-3.14.1/src/point-to-point/bindings/modulegen__gcc_LP64.py:1288: Warning: exception TypeConfigurationError('direction not given',) in wrapper <pybindgen.cppmethod.CppConstructor object at 0x7f99acec0610>
  cls.add_constructor([param('uint8_t *', 'address')])
/home/omri/Programs/ns-3/workspace/ns-allinone-3.14.1/ns-3.14.1/src/point-to-point/bindings/modulegen__gcc_LP64.py:1306: Warning: exception TypeConfigurationError('direction not given',) in wrapper public: retval? ???::Deserialize (params?);
  is_static=True)
/home/omri/Programs/ns-3/workspace/ns-allinone-3.14.1/ns-3.14.1/src/point-to-point/bindings/modulegen__gcc_LP64.py:1331: Warning: exception TypeConfigurationError('direction not given',) in wrapper public: retval? ???::GetBytes (params?) const;
  is_const=True)
/home/omri/Programs/ns-3/workspace/ns-allinone-3.14.1/ns-3.14.1/src/point-to-point/bindings/modulegen__gcc_LP64.py:1435: Warning: exception TypeLookupError(['std::ostream &'],) in wrapper public: retval? ???::Print (params?) const;
  is_const=True)
/home/omri/Programs/ns-3/workspace/ns-allinone-3.14.1/ns-3.14.1/src/point-to-point/bindings/modulegen__gcc_LP64.py:1440: Warning: exception TypeConfigurationError('direction not given',) in wrapper public: retval? ???::Serialize (params?) const;
  is_const=True)
/home/omri/Programs/ns-3/workspace/ns-allinone-3.14.1/ns-3.14.1/src/point-to-point/bindings/modulegen__gcc_LP64.py:1448: Warning: exception TypeConfigurationError('direction not given',) in wrapper public: retval? ???::Set (params?);
  [param('uint8_t *', 'address')])
/home/omri/Programs/ns-3/workspace/ns-allinone-3.14.1/ns-3.14.1/src/point-to-point/bindings/modulegen__gcc_LP64.py:1458: Warning: exception TypeConfigurationError('direction not given',) in wrapper <pybindgen.cppmethod.CppConstructor object at 0x7f99ace8bb50>
  cls.add_constructor([param('uint8_t *', 'prefix')])
/home/omri/Programs/ns-3/workspace/ns-allinone-3.14.1/ns-3.14.1/src/point-to-point/bindings/modulegen__gcc_LP64.py:1471: Warning: exception TypeConfigurationError('direction not given',) in wrapper public: retval? ???::GetBytes (params?) const;
  is_const=True)
/home/omri/Programs/ns-3/workspace/ns-allinone-3.14.1/ns-3.14.1/src/point-to-point/bindings/modulegen__gcc_LP64.py:1506: Warning: exception TypeLookupError(['std::ostream &'],) in wrapper public: retval? ???::Print (params?) const;
  is_const=True)
/home/omri/Programs/ns-3/workspace/ns-allinone-3.14.1/ns-3.14.1/src/point-to-point/bindings/modulegen__gcc_LP64.py:1533: Warning: exception TypeConfigurationError('direction not given',) in wrapper public: retval? ???::CopyFrom (params?);
  [param('uint8_t const *', 'buffer')])
/home/omri/Programs/ns-3/workspace/ns-allinone-3.14.1/ns-3.14.1/src/point-to-point/bindings/modulegen__gcc_LP64.py:1538: Warning: exception TypeConfigurationError('direction not given',) in wrapper public: retval? ???::CopyTo (params?) const;
  is_const=True)
/home/omri/Programs/ns-3/workspace/ns-allinone-3.14.1/ns-3.14.1/src/point-to-point/bindings/modulegen__gcc_LP64.py:1608: Warning: exception TypeLookupError(['__gnu_cxx::__normal_iterator< ns3::Ptr< ns3::NetDevice > const, std::vector< ns3::Ptr< ns3::NetDevice > > >'],) in wrapper public: retval? ???::Begin (params?) const;
  is_const=True)
/home/omri/Programs/ns-3/workspace/ns-allinone-3.14.1/ns-3.14.1/src/point-to-point/bindings/modulegen__gcc_LP64.py:1613: Warning: exception TypeLookupError(['__gnu_cxx::__normal_iterator< ns3::Ptr< ns3::NetDevice > const, std::vector< ns3::Ptr< ns3::NetDevice > > >'],) in wrapper public: retval? ???::End (params?) const;
  is_const=True)
/home/omri/Programs/ns-3/workspace/ns-allinone-3.14.1/ns-3.14.1/src/point-to-point/bindings/modulegen__gcc_LP64.py:1659: Warning: exception TypeLookupError(['__gnu_cxx::__normal_iterator< ns3::Ptr< ns3::Node > const, std::vector< ns3::Ptr< ns3::Node > > >'],) in wrapper public: retval? ???::Begin (params?) const;
  is_const=True)
/home/omri/Programs/ns-3/workspace/ns-allinone-3.14.1/ns-3.14.1/src/point-to-point/bindings/modulegen__gcc_LP64.py:1672: Warning: exception TypeLookupError(['__gnu_cxx::__normal_iterator< ns3::Ptr< ns3::Node > const, std::vector< ns3::Ptr< ns3::Node > > >'],) in wrapper public: retval? ???::End (params?) const;
  is_const=True)
/home/omri/Programs/ns-3/workspace/ns-allinone-3.14.1/ns-3.14.1/src/point-to-point/bindings/modulegen__gcc_LP64.py:1760: Warning: exception TypeConfigurationError('Missing transfer_ownership option',) in wrapper public: retval? ???::Delete (params?);
  is_static=True)
/home/omri/Programs/ns-3/workspace/ns-allinone-3.14.1/ns-3.14.1/src/point-to-point/bindings/modulegen__gcc_LP64.py:1833: Warning: exception TypeConfigurationError('direction not given',) in wrapper public: retval? ???::Deserialize (params?);
  [param('uint8_t const *', 'buffer'), param('uint32_t', 'size')])
/home/omri/Programs/ns-3/workspace/ns-allinone-3.14.1/ns-3.14.1/src/point-to-point/bindings/modulegen__gcc_LP64.py:1874: Warning: exception TypeConfigurationError('direction not given',) in wrapper public: retval? ???::Serialize (params?) const;
  is_const=True)
bindings/python/ns3modulegen-modular.py:27: UserWarning: exception TypeLookupError(['uint8_t [ 20 ]'],) in wrapper None
  warnings.warn("exception %r in wrapper %s" % (exception, wrapper))
bindings/python/ns3modulegen-modular.py:27: UserWarning: exception TypeConfigurationError('Either caller_owns_return or self.reference_existing_object must be given',) in wrapper None
  warnings.warn("exception %r in wrapper %s" % (exception, wrapper))
/home/omri/Programs/ns-3/workspace/ns-allinone-3.14.1/ns-3.14.1/src/point-to-point/bindings/modulegen__gcc_LP64.py:2001: Warning: exception TypeLookupError(['uint32_t &'],) in wrapper public: retval? ???::Diff (params?);
  is_static=True)
/home/omri/Programs/ns-3/workspace/ns-allinone-3.14.1/ns-3.14.1/src/point-to-point/bindings/modulegen__gcc_LP64.py:2055: Warning: exception TypeConfigurationError('direction not given',) in wrapper public: retval? ???::Read (params?);
  [param('uint8_t * const', 'data'), param('uint32_t', 'maxBytes'), param('uint32_t &', 'tsSec'), param('uint32_t &', 'tsUsec'), param('uint32_t &', 'inclLen'), param('uint32_t &', 'origLen'), param('uint32_t &', 'readLen')])
/home/omri/Programs/ns-3/workspace/ns-allinone-3.14.1/ns-3.14.1/src/point-to-point/bindings/modulegen__gcc_LP64.py:2059: Warning: exception TypeConfigurationError('direction not given',) in wrapper public: retval? ???::Write (params?);
  [param('uint32_t', 'tsSec'), param('uint32_t', 'tsUsec'), param('uint8_t const * const', 'data'), param('uint32_t', 'totalLen')])
/home/omri/Programs/ns-3/workspace/ns-allinone-3.14.1/ns-3.14.1/src/point-to-point/bindings/modulegen__gcc_LP64.py:2276: Warning: exception TypeLookupError(['ns3::Ptr< ns3::SimulatorImpl >', 'ns3::SimulatorImpl *'],) in wrapper public: retval? ???::GetImplementation (params?);
  is_static=True)
/home/omri/Programs/ns-3/workspace/ns-allinone-3.14.1/ns-3.14.1/src/point-to-point/bindings/modulegen__gcc_LP64.py:2311: Warning: exception TypeLookupError(['ns3::Ptr< ns3::SimulatorImpl >', 'ns3::SimulatorImpl *'],) in wrapper public: retval? ???::SetImplementation (params?);
  is_static=True)
/home/omri/Programs/ns-3/workspace/ns-allinone-3.14.1/ns-3.14.1/src/point-to-point/bindings/modulegen__gcc_LP64.py:2353: Warning: exception TypeLookupError(['std::ostream &'],) in wrapper public: virtual retval? ???::Print (params?) const = 0;
  is_pure_virtual=True, is_const=True, is_virtual=True)
/home/omri/Programs/ns-3/workspace/ns-allinone-3.14.1/ns-3.14.1/src/point-to-point/bindings/modulegen__gcc_LP64.py:2365: Warning: exception TypeConfigurationError('direction not given',) in wrapper <pybindgen.cppmethod.CppConstructor object at 0x7f99acb8b290>
  cls.add_constructor([param('uint8_t *', 'start'), param('uint8_t *', 'end')])
/home/omri/Programs/ns-3/workspace/ns-allinone-3.14.1/ns-3.14.1/src/point-to-point/bindings/modulegen__gcc_LP64.py:2373: Warning: exception TypeConfigurationError('direction not given',) in wrapper public: retval? ???::Read (params?);
  [param('uint8_t *', 'buffer'), param('uint32_t', 'size')])
/home/omri/Programs/ns-3/workspace/ns-allinone-3.14.1/ns-3.14.1/src/point-to-point/bindings/modulegen__gcc_LP64.py:2401: Warning: exception TypeConfigurationError('direction not given',) in wrapper public: retval? ???::Write (params?);
  [param('uint8_t const *', 'buffer'), param('uint32_t', 'size')])
/home/omri/Programs/ns-3/workspace/ns-allinone-3.14.1/ns-3.14.1/src/point-to-point/bindings/modulegen__gcc_LP64.py:2475: Warning: exception TypeLookupError(['ns3::Callback< ns3::ObjectBase *, ns3::empty, ns3::empty, ns3::empty, ns3::empty, ns3::empty, ns3::empty, ns3::empty, ns3::empty, ns3::empty >'],) in wrapper public: retval? ???::GetConstructor (params?) const;
  is_const=True)
bindings/python/ns3modulegen-modular.py:27: UserWarning: exception TypeLookupError(['short unsigned int'],) in wrapper None
  warnings.warn("exception %r in wrapper %s" % (exception, wrapper))
/home/omri/Programs/ns-3/workspace/ns-allinone-3.14.1/ns-3.14.1/src/point-to-point/bindings/modulegen__gcc_LP64.py:2793: Warning: exception TypeLookupError(['std::ostream &'],) in wrapper public: virtual retval? ???::Print (params?) const = 0;
  is_pure_virtual=True, is_const=True, is_virtual=True)
/home/omri/Programs/ns-3/workspace/ns-allinone-3.14.1/ns-3.14.1/src/point-to-point/bindings/modulegen__gcc_LP64.py:2901: Warning: exception TypeLookupError(['std::ostream &'],) in wrapper public: virtual retval? ???::Print (params?) const = 0;
  is_pure_virtual=True, is_const=True, is_virtual=True)
/home/omri/Programs/ns-3/workspace/ns-allinone-3.14.1/ns-3.14.1/src/point-to-point/bindings/modulegen__gcc_LP64.py:3012: Warning: exception TypeLookupError(['std::pair< double, double >'],) in wrapper <pybindgen.cppmethod.CppConstructor object at 0x7f99ac8f8090>
  cls.add_constructor([param('std::pair< double, double >', 'params')])
/home/omri/Programs/ns-3/workspace/ns-allinone-3.14.1/ns-3.14.1/src/point-to-point/bindings/modulegen__gcc_LP64.py:3014: Warning: exception TypeLookupError(['std::pair< double, double >'],) in wrapper <pybindgen.cppmethod.CppConstructor object at 0x7f99ac8f80d0>
  cls.add_constructor([param('std::pair< double, double >', 'params'), param('double', 'b')])
/home/omri/Programs/ns-3/workspace/ns-allinone-3.14.1/ns-3.14.1/src/point-to-point/bindings/modulegen__gcc_LP64.py:3062: Warning: exception TypeConfigurationError('direction not given',) in wrapper public: retval? ???::Write (params?);
  [param('ns3::Time', 't'), param('uint8_t const *', 'buffer'), param('uint32_t', 'length')])
/home/omri/Programs/ns-3/workspace/ns-allinone-3.14.1/ns-3.14.1/src/point-to-point/bindings/modulegen__gcc_LP64.py:3126: Warning: exception TypeLookupError(['std::ostream &'],) in wrapper public: virtual retval? ???::Print (params?) const;
  is_const=True, is_virtual=True)
/home/omri/Programs/ns-3/workspace/ns-allinone-3.14.1/ns-3.14.1/src/point-to-point/bindings/modulegen__gcc_LP64.py:3542: Warning: exception TypeLookupError(['std::ostream &'],) in wrapper public: virtual retval? ???::Print (params?) const = 0;
  is_pure_virtual=True, is_const=True, is_virtual=True)
/home/omri/Programs/ns-3/workspace/ns-allinone-3.14.1/ns-3.14.1/src/point-to-point/bindings/modulegen__gcc_LP64.py:4084: Warning: exception TypeLookupError(['ns3::Callback< void, ns3::empty, ns3::empty, ns3::empty, ns3::empty, ns3::empty, ns3::empty, ns3::empty, ns3::empty, ns3::empty >'],) in wrapper public: virtual retval? ???::AddLinkChangeCallback (params?) = 0;
  is_pure_virtual=True, is_virtual=True)
/home/omri/Programs/ns-3/workspace/ns-allinone-3.14.1/ns-3.14.1/src/point-to-point/bindings/modulegen__gcc_LP64.py:4261: Warning: exception TypeLookupError(['ns3::Ptr< ns3::Application >', 'ns3::Application *'],) in wrapper public: retval? ???::AddApplication (params?);
  [param('ns3::Ptr< ns3::Application >', 'application')])
/home/omri/Programs/ns-3/workspace/ns-allinone-3.14.1/ns-3.14.1/src/point-to-point/bindings/modulegen__gcc_LP64.py:4275: Warning: exception TypeLookupError(['ns3::Ptr< ns3::Application >', 'ns3::Application *'],) in wrapper public: retval? ???::GetApplication (params?) const;
  is_const=True)
/home/omri/Programs/ns-3/workspace/ns-allinone-3.14.1/ns-3.14.1/src/point-to-point/bindings/modulegen__gcc_LP64.py:4309: Warning: exception TypeLookupError(['ns3::Callback< void, ns3::Ptr< ns3::NetDevice >, ns3::empty, ns3::empty, ns3::empty, ns3::empty, ns3::empty, ns3::empty, ns3::empty, ns3::empty >'],) in wrapper public: retval? ???::RegisterDeviceAdditionListener (params?);
  [param('ns3::Callback< void, ns3::Ptr< ns3::NetDevice >, ns3::empty, ns3::empty, ns3::empty, ns3::empty, ns3::empty, ns3::empty, ns3::empty, ns3::empty >', 'listener')])
/home/omri/Programs/ns-3/workspace/ns-allinone-3.14.1/ns-3.14.1/src/point-to-point/bindings/modulegen__gcc_LP64.py:4317: Warning: exception TypeLookupError(['ns3::Callback< void, ns3::Ptr< ns3::NetDevice >, ns3::empty, ns3::empty, ns3::empty, ns3::empty, ns3::empty, ns3::empty, ns3::empty, ns3::empty >'],) in wrapper public: retval? ???::UnregisterDeviceAdditionListener (params?);
  [param('ns3::Callback< void, ns3::Ptr< ns3::NetDevice >, ns3::empty, ns3::empty, ns3::empty, ns3::empty, ns3::empty, ns3::empty, ns3::empty, ns3::empty >', 'listener')])
/home/omri/Programs/ns-3/workspace/ns-allinone-3.14.1/ns-3.14.1/src/point-to-point/bindings/modulegen__gcc_LP64.py:4380: Warning: exception TypeLookupError(['std::ostream *'],) in wrapper <pybindgen.cppmethod.CppConstructor object at 0x7f99ac5bdbd0>
  cls.add_constructor([param('std::ostream *', 'os')])
/home/omri/Programs/ns-3/workspace/ns-allinone-3.14.1/ns-3.14.1/src/point-to-point/bindings/modulegen__gcc_LP64.py:4384: Warning: exception TypeLookupError(['std::ostream *'],) in wrapper public: retval? ???::GetStream (params?);
  [])
/home/omri/Programs/ns-3/workspace/ns-allinone-3.14.1/ns-3.14.1/src/point-to-point/bindings/modulegen__gcc_LP64.py:4396: Warning: exception TypeConfigurationError('direction not given',) in wrapper <pybindgen.cppmethod.CppConstructor object at 0x7f99ac5c67d0>
  cls.add_constructor([param('uint8_t const *', 'buffer'), param('uint32_t', 'size'), param('bool', 'magic')])
/home/omri/Programs/ns-3/workspace/ns-allinone-3.14.1/ns-3.14.1/src/point-to-point/bindings/modulegen__gcc_LP64.py:4398: Warning: exception TypeConfigurationError('direction not given',) in wrapper <pybindgen.cppmethod.CppConstructor object at 0x7f99ac5c6810>
  cls.add_constructor([param('uint8_t const *', 'buffer'), param('uint32_t', 'size')])
/home/omri/Programs/ns-3/workspace/ns-allinone-3.14.1/ns-3.14.1/src/point-to-point/bindings/modulegen__gcc_LP64.py:4439: Warning: exception TypeConfigurationError('direction not given',) in wrapper public: retval? ???::CopyData (params?) const;
  is_const=True)
/home/omri/Programs/ns-3/workspace/ns-allinone-3.14.1/ns-3.14.1/src/point-to-point/bindings/modulegen__gcc_LP64.py:4444: Warning: exception TypeLookupError(['std::ostream *'],) in wrapper public: retval? ???::CopyData (params?) const;
  is_const=True)
/home/omri/Programs/ns-3/workspace/ns-allinone-3.14.1/ns-3.14.1/src/point-to-point/bindings/modulegen__gcc_LP64.py:4499: Warning: exception TypeLookupError(['uint8_t *'],) in wrapper public: retval? ???::PeekData (params?) const;
  deprecated=True, is_const=True)
/home/omri/Programs/ns-3/workspace/ns-allinone-3.14.1/ns-3.14.1/src/point-to-point/bindings/modulegen__gcc_LP64.py:4518: Warning: exception TypeLookupError(['std::ostream &'],) in wrapper public: retval? ???::Print (params?) const;
  is_const=True)
/home/omri/Programs/ns-3/workspace/ns-allinone-3.14.1/ns-3.14.1/src/point-to-point/bindings/modulegen__gcc_LP64.py:4523: Warning: exception TypeLookupError(['std::ostream &'],) in wrapper public: retval? ???::PrintByteTags (params?) const;
  is_const=True)
/home/omri/Programs/ns-3/workspace/ns-allinone-3.14.1/ns-3.14.1/src/point-to-point/bindings/modulegen__gcc_LP64.py:4528: Warning: exception TypeLookupError(['std::ostream &'],) in wrapper public: retval? ???::PrintPacketTags (params?) const;
  is_const=True)
/home/omri/Programs/ns-3/workspace/ns-allinone-3.14.1/ns-3.14.1/src/point-to-point/bindings/modulegen__gcc_LP64.py:4561: Warning: exception TypeConfigurationError('direction not given',) in wrapper public: retval? ???::Serialize (params?) const;
  is_const=True)
/home/omri/Programs/ns-3/workspace/ns-allinone-3.14.1/ns-3.14.1/src/point-to-point/bindings/modulegen__gcc_LP64.py:4705: Warning: exception TypeLookupError(['ns3::Callback< void, ns3::empty, ns3::empty, ns3::empty, ns3::empty, ns3::empty, ns3::empty, ns3::empty, ns3::empty, ns3::empty >'],) in wrapper public: virtual retval? ???::AddLinkChangeCallback (params?);
  is_virtual=True)
/home/omri/Programs/ns-3/workspace/ns-allinone-3.14.1/pybindgen-0.15.0.809/pybindgen/cppclass_typehandlers.py:1134: UserWarning: Returning shared pointers is dangerous!  The C++ API should be redesigned to avoid this situation.
  warnings.warn("Returning shared pointers is dangerous!"
