>>>>>>>>>>>>>>>> [['bool', 'ns3::Ptr<ns3::NetDevice>', 'ns3::Ptr<ns3::Packet const>', 'unsigned short', 'ns3::Address const&', 'ns3::Address const&', 'ns3::NetDevice::PacketType', 'ns3::empty', 'ns3::empty', 'ns3::empty'], ['bool', 'ns3::Ptr<ns3::NetDevice>', 'ns3::Ptr<ns3::Packet const>', 'unsigned short', 'ns3::Address const&', 'ns3::empty', 'ns3::empty', 'ns3::empty', 'ns3::empty', 'ns3::empty'], ['void', 'ns3::Ptr<ns3::Socket>', 'ns3::empty', 'ns3::empty', 'ns3::empty', 'ns3::empty', 'ns3::empty', 'ns3::empty', 'ns3::empty', 'ns3::empty'], ['void', 'ns3::Ptr<ns3::Socket>', 'unsigned int', 'ns3::empty', 'ns3::empty', 'ns3::empty', 'ns3::empty', 'ns3::empty', 'ns3::empty', 'ns3::empty'], ['void', 'ns3::Ptr<ns3::Socket>', 'ns3::Address const&', 'ns3::empty', 'ns3::empty', 'ns3::empty', 'ns3::empty', 'ns3::empty', 'ns3::empty', 'ns3::empty'], ['bool', 'ns3::Ptr<ns3::Socket>', 'ns3::Address const&', 'ns3::empty', 'ns3::empty', 'ns3::empty', 'ns3::empty', 'ns3::empty', 'ns3::empty', 'ns3::empty'], ['void', 'ns3::Ptr<ns3::NetDevice>', 'ns3::Ptr<ns3::Packet const>', 'unsigned short', 'ns3::Address const&', 'ns3::Address const&', 'ns3::NetDevice::PacketType', 'ns3::empty', 'ns3::empty', 'ns3::empty']]
***** registering callback handler: 'ns3::Callback< bool, ns3::Ptr< ns3::NetDevice >, ns3::Ptr< ns3::Packet const >, unsigned short, ns3::Address const &, ns3::Address const &, ns3::NetDevice::PacketType, ns3::empty, ns3::empty, ns3::empty >'
***** registering callback handler: 'ns3::Callback< bool, ns3::Ptr< ns3::NetDevice >, ns3::Ptr< ns3::Packet const >, unsigned short, ns3::Address const &, ns3::empty, ns3::empty, ns3::empty, ns3::empty, ns3::empty >'
***** registering callback handler: 'ns3::Callback< void, ns3::Ptr< ns3::Socket >, ns3::empty, ns3::empty, ns3::empty, ns3::empty, ns3::empty, ns3::empty, ns3::empty, ns3::empty >'
***** registering callback handler: 'ns3::Callback< void, ns3::Ptr< ns3::Socket >, unsigned int, ns3::empty, ns3::empty, ns3::empty, ns3::empty, ns3::empty, ns3::empty, ns3::empty >'
***** registering callback handler: 'ns3::Callback< void, ns3::Ptr< ns3::Socket >, ns3::Address const &, ns3::empty, ns3::empty, ns3::empty, ns3::empty, ns3::empty, ns3::empty, ns3::empty >'
***** registering callback handler: 'ns3::Callback< bool, ns3::Ptr< ns3::Socket >, ns3::Address const &, ns3::empty, ns3::empty, ns3::empty, ns3::empty, ns3::empty, ns3::empty, ns3::empty >'
***** registering callback handler: 'ns3::Callback< void, ns3::Ptr< ns3::NetDevice >, ns3::Ptr< ns3::Packet const >, unsigned short, ns3::Address const &, ns3::Address const &, ns3::NetDevice::PacketType, ns3::empty, ns3::empty, ns3::empty >'
/home/omri/Programs/ns-3/workspace/ns-allinone-3.14.1/ns-3.14.1/src/nix-vector-routing/bindings/modulegen__gcc_LP64.py:457: Warning: exception TypeConfigurationError('direction not given',) in wrapper <pybindgen.cppmethod.CppConstructor object at 0x7f0f17914f10>
  cls.add_constructor([param('uint8_t', 'type'), param('uint8_t const *', 'buffer'), param('uint8_t', 'len')])
/home/omri/Programs/ns-3/workspace/ns-allinone-3.14.1/ns-3.14.1/src/nix-vector-routing/bindings/modulegen__gcc_LP64.py:468: Warning: exception TypeConfigurationError('direction not given',) in wrapper public: retval? ???::CopyAllFrom (params?);
  [param('uint8_t const *', 'buffer'), param('uint8_t', 'len')])
/home/omri/Programs/ns-3/workspace/ns-allinone-3.14.1/ns-3.14.1/src/nix-vector-routing/bindings/modulegen__gcc_LP64.py:473: Warning: exception TypeConfigurationError('direction not given',) in wrapper public: retval? ???::CopyAllTo (params?) const;
  is_const=True)
/home/omri/Programs/ns-3/workspace/ns-allinone-3.14.1/ns-3.14.1/src/nix-vector-routing/bindings/modulegen__gcc_LP64.py:477: Warning: exception TypeConfigurationError('direction not given',) in wrapper public: retval? ???::CopyFrom (params?);
  [param('uint8_t const *', 'buffer'), param('uint8_t', 'len')])
/home/omri/Programs/ns-3/workspace/ns-allinone-3.14.1/ns-3.14.1/src/nix-vector-routing/bindings/modulegen__gcc_LP64.py:482: Warning: exception TypeConfigurationError('direction not given',) in wrapper public: retval? ???::CopyTo (params?) const;
  is_const=True)
/home/omri/Programs/ns-3/workspace/ns-allinone-3.14.1/ns-3.14.1/src/nix-vector-routing/bindings/modulegen__gcc_LP64.py:532: Warning: exception TypeLookupError(['std::_List_const_iterator< ns3::AttributeConstructionList::Item >'],) in wrapper public: retval? ???::Begin (params?) const;
  is_const=True)
/home/omri/Programs/ns-3/workspace/ns-allinone-3.14.1/ns-3.14.1/src/nix-vector-routing/bindings/modulegen__gcc_LP64.py:537: Warning: exception TypeLookupError(['std::_List_const_iterator< ns3::AttributeConstructionList::Item >'],) in wrapper public: retval? ???::End (params?) const;
  is_const=True)
/home/omri/Programs/ns-3/workspace/ns-allinone-3.14.1/ns-3.14.1/src/nix-vector-routing/bindings/modulegen__gcc_LP64.py:588: Warning: exception TypeLookupError(['std::ostream *'],) in wrapper public: retval? ???::CopyData (params?) const;
  is_const=True)
/home/omri/Programs/ns-3/workspace/ns-allinone-3.14.1/ns-3.14.1/src/nix-vector-routing/bindings/modulegen__gcc_LP64.py:593: Warning: exception TypeConfigurationError('direction not given',) in wrapper public: retval? ???::CopyData (params?) const;
  is_const=True)
/home/omri/Programs/ns-3/workspace/ns-allinone-3.14.1/ns-3.14.1/src/nix-vector-routing/bindings/modulegen__gcc_LP64.py:607: Warning: exception TypeConfigurationError('direction not given',) in wrapper public: retval? ???::Deserialize (params?);
  [param('uint8_t const *', 'buffer'), param('uint32_t', 'size')])
/home/omri/Programs/ns-3/workspace/ns-allinone-3.14.1/ns-3.14.1/src/nix-vector-routing/bindings/modulegen__gcc_LP64.py:637: Warning: exception TypeLookupError(['uint8_t *'],) in wrapper public: retval? ???::PeekData (params?) const;
  is_const=True)
/home/omri/Programs/ns-3/workspace/ns-allinone-3.14.1/ns-3.14.1/src/nix-vector-routing/bindings/modulegen__gcc_LP64.py:650: Warning: exception TypeConfigurationError('direction not given',) in wrapper public: retval? ???::Serialize (params?) const;
  is_const=True)
/home/omri/Programs/ns-3/workspace/ns-allinone-3.14.1/ns-3.14.1/src/nix-vector-routing/bindings/modulegen__gcc_LP64.py:705: Warning: exception TypeConfigurationError('direction not given',) in wrapper public: retval? ???::Read (params?);
  [param('uint8_t *', 'buffer'), param('uint32_t', 'size')])
/home/omri/Programs/ns-3/workspace/ns-allinone-3.14.1/ns-3.14.1/src/nix-vector-routing/bindings/modulegen__gcc_LP64.py:749: Warning: exception TypeConfigurationError('direction not given',) in wrapper public: retval? ???::Write (params?);
  [param('uint8_t const *', 'buffer'), param('uint32_t', 'size')])
/home/omri/Programs/ns-3/workspace/ns-allinone-3.14.1/ns-3.14.1/src/nix-vector-routing/bindings/modulegen__gcc_LP64.py:935: Warning: exception TypeLookupError(['ns3::Ptr< ns3::EventImpl > &'],) in wrapper <pybindgen.cppmethod.CppConstructor object at 0x7f0f1782d210>
  cls.add_constructor([param('ns3::Ptr< ns3::EventImpl > const &', 'impl'), param('uint64_t', 'ts'), param('uint32_t', 'context'), param('uint32_t', 'uid')])
/home/omri/Programs/ns-3/workspace/ns-allinone-3.14.1/ns-3.14.1/src/nix-vector-routing/bindings/modulegen__gcc_LP64.py:969: Warning: exception TypeConfigurationError('Either caller_owns_return or self.reference_existing_object must be given',) in wrapper public: retval? ???::PeekEventImpl (params?) const;
  is_const=True)
/home/omri/Programs/ns-3/workspace/ns-allinone-3.14.1/ns-3.14.1/src/nix-vector-routing/bindings/modulegen__gcc_LP64.py:1048: Warning: exception TypeConfigurationError('direction not given',) in wrapper public: retval? ???::Deserialize (params?);
  is_static=True)
/home/omri/Programs/ns-3/workspace/ns-allinone-3.14.1/ns-3.14.1/src/nix-vector-routing/bindings/modulegen__gcc_LP64.py:1113: Warning: exception TypeLookupError(['std::ostream &'],) in wrapper public: retval? ???::Print (params?) const;
  is_const=True)
/home/omri/Programs/ns-3/workspace/ns-allinone-3.14.1/ns-3.14.1/src/nix-vector-routing/bindings/modulegen__gcc_LP64.py:1118: Warning: exception TypeConfigurationError('direction not given',) in wrapper public: retval? ???::Serialize (params?) const;
  is_const=True)
/home/omri/Programs/ns-3/workspace/ns-allinone-3.14.1/ns-3.14.1/src/nix-vector-routing/bindings/modulegen__gcc_LP64.py:1246: Warning: exception TypeLookupError(['std::ostream &'],) in wrapper public: retval? ???::Print (params?) const;
  is_const=True)
/home/omri/Programs/ns-3/workspace/ns-allinone-3.14.1/ns-3.14.1/src/nix-vector-routing/bindings/modulegen__gcc_LP64.py:1262: Warning: exception TypeConfigurationError('Either caller_owns_return or self.reference_existing_object must be given',) in wrapper public: virtual retval? ???::Copy (params?) const = 0;
  is_pure_virtual=True, is_const=True, is_virtual=True)
/home/omri/Programs/ns-3/workspace/ns-allinone-3.14.1/ns-3.14.1/src/nix-vector-routing/bindings/modulegen__gcc_LP64.py:1300: Warning: exception TypeConfigurationError('direction not given',) in wrapper <pybindgen.cppmethod.CppConstructor object at 0x7f0f176eb210>
  cls.add_constructor([param('uint8_t *', 'address')])
/home/omri/Programs/ns-3/workspace/ns-allinone-3.14.1/ns-3.14.1/src/nix-vector-routing/bindings/modulegen__gcc_LP64.py:1318: Warning: exception TypeConfigurationError('direction not given',) in wrapper public: retval? ???::Deserialize (params?);
  is_static=True)
/home/omri/Programs/ns-3/workspace/ns-allinone-3.14.1/ns-3.14.1/src/nix-vector-routing/bindings/modulegen__gcc_LP64.py:1343: Warning: exception TypeConfigurationError('direction not given',) in wrapper public: retval? ???::GetBytes (params?) const;
  is_const=True)
/home/omri/Programs/ns-3/workspace/ns-allinone-3.14.1/ns-3.14.1/src/nix-vector-routing/bindings/modulegen__gcc_LP64.py:1447: Warning: exception TypeLookupError(['std::ostream &'],) in wrapper public: retval? ???::Print (params?) const;
  is_const=True)
/home/omri/Programs/ns-3/workspace/ns-allinone-3.14.1/ns-3.14.1/src/nix-vector-routing/bindings/modulegen__gcc_LP64.py:1452: Warning: exception TypeConfigurationError('direction not given',) in wrapper public: retval? ???::Serialize (params?) const;
  is_const=True)
/home/omri/Programs/ns-3/workspace/ns-allinone-3.14.1/ns-3.14.1/src/nix-vector-routing/bindings/modulegen__gcc_LP64.py:1460: Warning: exception TypeConfigurationError('direction not given',) in wrapper public: retval? ???::Set (params?);
  [param('uint8_t *', 'address')])
/home/omri/Programs/ns-3/workspace/ns-allinone-3.14.1/ns-3.14.1/src/nix-vector-routing/bindings/modulegen__gcc_LP64.py:1525: Warning: exception TypeConfigurationError('direction not given',) in wrapper <pybindgen.cppmethod.CppConstructor object at 0x7f0f17651c10>
  cls.add_constructor([param('uint8_t *', 'prefix')])
/home/omri/Programs/ns-3/workspace/ns-allinone-3.14.1/ns-3.14.1/src/nix-vector-routing/bindings/modulegen__gcc_LP64.py:1538: Warning: exception TypeConfigurationError('direction not given',) in wrapper public: retval? ???::GetBytes (params?) const;
  is_const=True)
/home/omri/Programs/ns-3/workspace/ns-allinone-3.14.1/ns-3.14.1/src/nix-vector-routing/bindings/modulegen__gcc_LP64.py:1573: Warning: exception TypeLookupError(['std::ostream &'],) in wrapper public: retval? ???::Print (params?) const;
  is_const=True)
/home/omri/Programs/ns-3/workspace/ns-allinone-3.14.1/ns-3.14.1/src/nix-vector-routing/bindings/modulegen__gcc_LP64.py:1600: Warning: exception TypeConfigurationError('direction not given',) in wrapper public: retval? ???::CopyFrom (params?);
  [param('uint8_t const *', 'buffer')])
/home/omri/Programs/ns-3/workspace/ns-allinone-3.14.1/ns-3.14.1/src/nix-vector-routing/bindings/modulegen__gcc_LP64.py:1605: Warning: exception TypeConfigurationError('direction not given',) in wrapper public: retval? ???::CopyTo (params?) const;
  is_const=True)
/home/omri/Programs/ns-3/workspace/ns-allinone-3.14.1/ns-3.14.1/src/nix-vector-routing/bindings/modulegen__gcc_LP64.py:1675: Warning: exception TypeLookupError(['__gnu_cxx::__normal_iterator< ns3::Ptr< ns3::NetDevice > const, std::vector< ns3::Ptr< ns3::NetDevice > > >'],) in wrapper public: retval? ???::Begin (params?) const;
  is_const=True)
/home/omri/Programs/ns-3/workspace/ns-allinone-3.14.1/ns-3.14.1/src/nix-vector-routing/bindings/modulegen__gcc_LP64.py:1680: Warning: exception TypeLookupError(['__gnu_cxx::__normal_iterator< ns3::Ptr< ns3::NetDevice > const, std::vector< ns3::Ptr< ns3::NetDevice > > >'],) in wrapper public: retval? ???::End (params?) const;
  is_const=True)
/home/omri/Programs/ns-3/workspace/ns-allinone-3.14.1/ns-3.14.1/src/nix-vector-routing/bindings/modulegen__gcc_LP64.py:1726: Warning: exception TypeLookupError(['__gnu_cxx::__normal_iterator< ns3::Ptr< ns3::Node > const, std::vector< ns3::Ptr< ns3::Node > > >'],) in wrapper public: retval? ???::Begin (params?) const;
  is_const=True)
/home/omri/Programs/ns-3/workspace/ns-allinone-3.14.1/ns-3.14.1/src/nix-vector-routing/bindings/modulegen__gcc_LP64.py:1739: Warning: exception TypeLookupError(['__gnu_cxx::__normal_iterator< ns3::Ptr< ns3::Node > const, std::vector< ns3::Ptr< ns3::Node > > >'],) in wrapper public: retval? ???::End (params?) const;
  is_const=True)
/home/omri/Programs/ns-3/workspace/ns-allinone-3.14.1/ns-3.14.1/src/nix-vector-routing/bindings/modulegen__gcc_LP64.py:1771: Warning: exception TypeLookupError(['__gnu_cxx::__normal_iterator< ns3::Ptr< ns3::Node > const, std::vector< ns3::Ptr< ns3::Node > > >'],) in wrapper public: retval? ???::Begin (params?);
  is_static=True)
/home/omri/Programs/ns-3/workspace/ns-allinone-3.14.1/ns-3.14.1/src/nix-vector-routing/bindings/modulegen__gcc_LP64.py:1776: Warning: exception TypeLookupError(['__gnu_cxx::__normal_iterator< ns3::Ptr< ns3::Node > const, std::vector< ns3::Ptr< ns3::Node > > >'],) in wrapper public: retval? ???::End (params?);
  is_static=True)
/home/omri/Programs/ns-3/workspace/ns-allinone-3.14.1/ns-3.14.1/src/nix-vector-routing/bindings/modulegen__gcc_LP64.py:1859: Warning: exception TypeConfigurationError('Missing transfer_ownership option',) in wrapper public: retval? ???::Delete (params?);
  is_static=True)
/home/omri/Programs/ns-3/workspace/ns-allinone-3.14.1/ns-3.14.1/src/nix-vector-routing/bindings/modulegen__gcc_LP64.py:1932: Warning: exception TypeConfigurationError('direction not given',) in wrapper public: retval? ???::Deserialize (params?);
  [param('uint8_t const *', 'buffer'), param('uint32_t', 'size')])
/home/omri/Programs/ns-3/workspace/ns-allinone-3.14.1/ns-3.14.1/src/nix-vector-routing/bindings/modulegen__gcc_LP64.py:1973: Warning: exception TypeConfigurationError('direction not given',) in wrapper public: retval? ???::Serialize (params?) const;
  is_const=True)
bindings/python/ns3modulegen-modular.py:27: UserWarning: exception TypeLookupError(['uint8_t [ 20 ]'],) in wrapper None
  warnings.warn("exception %r in wrapper %s" % (exception, wrapper))
bindings/python/ns3modulegen-modular.py:27: UserWarning: exception TypeConfigurationError('Either caller_owns_return or self.reference_existing_object must be given',) in wrapper None
  warnings.warn("exception %r in wrapper %s" % (exception, wrapper))
/home/omri/Programs/ns-3/workspace/ns-allinone-3.14.1/ns-3.14.1/src/nix-vector-routing/bindings/modulegen__gcc_LP64.py:2124: Warning: exception TypeLookupError(['ns3::Ptr< ns3::SimulatorImpl >', 'ns3::SimulatorImpl *'],) in wrapper public: retval? ???::GetImplementation (params?);
  is_static=True)
/home/omri/Programs/ns-3/workspace/ns-allinone-3.14.1/ns-3.14.1/src/nix-vector-routing/bindings/modulegen__gcc_LP64.py:2159: Warning: exception TypeLookupError(['ns3::Ptr< ns3::SimulatorImpl >', 'ns3::SimulatorImpl *'],) in wrapper public: retval? ???::SetImplementation (params?);
  is_static=True)
/home/omri/Programs/ns-3/workspace/ns-allinone-3.14.1/ns-3.14.1/src/nix-vector-routing/bindings/modulegen__gcc_LP64.py:2201: Warning: exception TypeLookupError(['std::ostream &'],) in wrapper public: virtual retval? ???::Print (params?) const = 0;
  is_pure_virtual=True, is_const=True, is_virtual=True)
/home/omri/Programs/ns-3/workspace/ns-allinone-3.14.1/ns-3.14.1/src/nix-vector-routing/bindings/modulegen__gcc_LP64.py:2213: Warning: exception TypeConfigurationError('direction not given',) in wrapper <pybindgen.cppmethod.CppConstructor object at 0x7f0f1746b450>
  cls.add_constructor([param('uint8_t *', 'start'), param('uint8_t *', 'end')])
/home/omri/Programs/ns-3/workspace/ns-allinone-3.14.1/ns-3.14.1/src/nix-vector-routing/bindings/modulegen__gcc_LP64.py:2221: Warning: exception TypeConfigurationError('direction not given',) in wrapper public: retval? ???::Read (params?);
  [param('uint8_t *', 'buffer'), param('uint32_t', 'size')])
/home/omri/Programs/ns-3/workspace/ns-allinone-3.14.1/ns-3.14.1/src/nix-vector-routing/bindings/modulegen__gcc_LP64.py:2249: Warning: exception TypeConfigurationError('direction not given',) in wrapper public: retval? ???::Write (params?);
  [param('uint8_t const *', 'buffer'), param('uint32_t', 'size')])
/home/omri/Programs/ns-3/workspace/ns-allinone-3.14.1/ns-3.14.1/src/nix-vector-routing/bindings/modulegen__gcc_LP64.py:2398: Warning: exception TypeLookupError(['ns3::Callback< ns3::ObjectBase *, ns3::empty, ns3::empty, ns3::empty, ns3::empty, ns3::empty, ns3::empty, ns3::empty, ns3::empty, ns3::empty >'],) in wrapper public: retval? ???::GetConstructor (params?) const;
  is_const=True)
bindings/python/ns3modulegen-modular.py:27: UserWarning: exception TypeLookupError(['short unsigned int'],) in wrapper None
  warnings.warn("exception %r in wrapper %s" % (exception, wrapper))
/home/omri/Programs/ns-3/workspace/ns-allinone-3.14.1/ns-3.14.1/src/nix-vector-routing/bindings/modulegen__gcc_LP64.py:2663: Warning: exception TypeLookupError(['std::ostream &'],) in wrapper public: virtual retval? ???::Print (params?) const = 0;
  is_pure_virtual=True, is_const=True, is_virtual=True)
/home/omri/Programs/ns-3/workspace/ns-allinone-3.14.1/ns-3.14.1/src/nix-vector-routing/bindings/modulegen__gcc_LP64.py:2691: Warning: exception TypeLookupError(['std::ostream &'],) in wrapper public: virtual retval? ???::Print (params?) const = 0;
  is_pure_virtual=True, is_const=True, is_virtual=True)
/home/omri/Programs/ns-3/workspace/ns-allinone-3.14.1/ns-3.14.1/src/nix-vector-routing/bindings/modulegen__gcc_LP64.py:2807: Warning: exception TypeLookupError(['std::ostream &'],) in wrapper public: virtual retval? ???::Print (params?) const;
  is_const=True, is_virtual=True)
/home/omri/Programs/ns-3/workspace/ns-allinone-3.14.1/ns-3.14.1/src/nix-vector-routing/bindings/modulegen__gcc_LP64.py:2880: Warning: exception TypeConfigurationError('Either caller_owns_return or self.reference_existing_object must be given',) in wrapper public: virtual retval? ???::Copy (params?) const;
  is_const=True, is_virtual=True)
/home/omri/Programs/ns-3/workspace/ns-allinone-3.14.1/ns-3.14.1/src/nix-vector-routing/bindings/modulegen__gcc_LP64.py:2952: Warning: exception TypeLookupError(['std::ostream &'],) in wrapper public: virtual retval? ???::Print (params?) const;
  is_const=True, is_virtual=True)
/home/omri/Programs/ns-3/workspace/ns-allinone-3.14.1/ns-3.14.1/src/nix-vector-routing/bindings/modulegen__gcc_LP64.py:3292: Warning: exception TypeConfigurationError('direction not given',) in wrapper public: retval? ???::Recv (params?);
  [param('uint8_t *', 'buf'), param('uint32_t', 'size'), param('uint32_t', 'flags')])
/home/omri/Programs/ns-3/workspace/ns-allinone-3.14.1/ns-3.14.1/src/nix-vector-routing/bindings/modulegen__gcc_LP64.py:3305: Warning: exception TypeConfigurationError('direction not given',) in wrapper public: retval? ???::RecvFrom (params?);
  [param('uint8_t *', 'buf'), param('uint32_t', 'size'), param('uint32_t', 'flags'), param('ns3::Address &', 'fromAddress')])
/home/omri/Programs/ns-3/workspace/ns-allinone-3.14.1/ns-3.14.1/src/nix-vector-routing/bindings/modulegen__gcc_LP64.py:3318: Warning: exception TypeConfigurationError('direction not given',) in wrapper public: retval? ???::Send (params?);
  [param('uint8_t const *', 'buf'), param('uint32_t', 'size'), param('uint32_t', 'flags')])
/home/omri/Programs/ns-3/workspace/ns-allinone-3.14.1/ns-3.14.1/src/nix-vector-routing/bindings/modulegen__gcc_LP64.py:3327: Warning: exception TypeConfigurationError('direction not given',) in wrapper public: retval? ???::SendTo (params?);
  [param('uint8_t const *', 'buf'), param('uint32_t', 'size'), param('uint32_t', 'flags'), param('ns3::Address const &', 'address')])
/home/omri/Programs/ns-3/workspace/ns-allinone-3.14.1/ns-3.14.1/src/nix-vector-routing/bindings/modulegen__gcc_LP64.py:3457: Warning: exception TypeLookupError(['std::ostream &'],) in wrapper public: virtual retval? ???::Print (params?) const;
  is_const=True, is_virtual=True)
/home/omri/Programs/ns-3/workspace/ns-allinone-3.14.1/ns-3.14.1/src/nix-vector-routing/bindings/modulegen__gcc_LP64.py:3503: Warning: exception TypeLookupError(['std::ostream &'],) in wrapper public: virtual retval? ???::Print (params?) const;
  is_const=True, is_virtual=True)
/home/omri/Programs/ns-3/workspace/ns-allinone-3.14.1/ns-3.14.1/src/nix-vector-routing/bindings/modulegen__gcc_LP64.py:3557: Warning: exception TypeLookupError(['std::ostream &'],) in wrapper public: virtual retval? ???::Print (params?) const;
  is_const=True, is_virtual=True)
/home/omri/Programs/ns-3/workspace/ns-allinone-3.14.1/ns-3.14.1/src/nix-vector-routing/bindings/modulegen__gcc_LP64.py:3773: Warning: exception TypeLookupError(['std::ostream &'],) in wrapper public: virtual retval? ???::Print (params?) const = 0;
  is_pure_virtual=True, is_const=True, is_virtual=True)
/home/omri/Programs/ns-3/workspace/ns-allinone-3.14.1/ns-3.14.1/src/nix-vector-routing/bindings/modulegen__gcc_LP64.py:4001: Warning: exception TypeLookupError(['ns3::Callback< void, ns3::Ptr< ns3::Packet >, ns3::Ipv4Address, ns3::Ipv4Address, unsigned char, ns3::Ptr< ns3::Ipv4Route >, ns3::empty, ns3::empty, ns3::empty, ns3::empty >'],) in wrapper public: virtual retval? ???::GetDownTarget (params?) const = 0;
  is_pure_virtual=True, is_const=True, is_virtual=True)
/home/omri/Programs/ns-3/workspace/ns-allinone-3.14.1/ns-3.14.1/src/nix-vector-routing/bindings/modulegen__gcc_LP64.py:4006: Warning: exception TypeLookupError(['ns3::Callback< void, ns3::Ptr< ns3::Packet >, ns3::Ipv6Address, ns3::Ipv6Address, unsigned char, ns3::Ptr< ns3::Ipv6Route >, ns3::empty, ns3::empty, ns3::empty, ns3::empty >'],) in wrapper public: virtual retval? ???::GetDownTarget6 (params?) const = 0;
  is_pure_virtual=True, is_const=True, is_virtual=True)
/home/omri/Programs/ns-3/workspace/ns-allinone-3.14.1/ns-3.14.1/src/nix-vector-routing/bindings/modulegen__gcc_LP64.py:4021: Warning: exception TypeLookupError(['ns3::Ptr< ns3::Ipv4Interface >', 'ns3::Ipv4Interface *'],) in wrapper public: virtual retval? ???::Receive (params?) = 0;
  is_pure_virtual=True, is_virtual=True)
/home/omri/Programs/ns-3/workspace/ns-allinone-3.14.1/ns-3.14.1/src/nix-vector-routing/bindings/modulegen__gcc_LP64.py:4031: Warning: exception TypeConfigurationError('direction not given',) in wrapper public: virtual retval? ???::ReceiveIcmp (params?);
  is_virtual=True)
/home/omri/Programs/ns-3/workspace/ns-allinone-3.14.1/ns-3.14.1/src/nix-vector-routing/bindings/modulegen__gcc_LP64.py:4036: Warning: exception TypeConfigurationError('direction not given',) in wrapper public: virtual retval? ???::ReceiveIcmp (params?);
  is_virtual=True)
/home/omri/Programs/ns-3/workspace/ns-allinone-3.14.1/ns-3.14.1/src/nix-vector-routing/bindings/modulegen__gcc_LP64.py:4041: Warning: exception TypeLookupError(['ns3::Callback< void, ns3::Ptr< ns3::Packet >, ns3::Ipv4Address, ns3::Ipv4Address, unsigned char, ns3::Ptr< ns3::Ipv4Route >, ns3::empty, ns3::empty, ns3::empty, ns3::empty >'],) in wrapper public: virtual retval? ???::SetDownTarget (params?) = 0;
  is_pure_virtual=True, is_virtual=True)
/home/omri/Programs/ns-3/workspace/ns-allinone-3.14.1/ns-3.14.1/src/nix-vector-routing/bindings/modulegen__gcc_LP64.py:4046: Warning: exception TypeLookupError(['ns3::Callback< void, ns3::Ptr< ns3::Packet >, ns3::Ipv6Address, ns3::Ipv6Address, unsigned char, ns3::Ptr< ns3::Ipv6Route >, ns3::empty, ns3::empty, ns3::empty, ns3::empty >'],) in wrapper public: virtual retval? ???::SetDownTarget6 (params?) = 0;
  is_pure_virtual=True, is_virtual=True)
/home/omri/Programs/ns-3/workspace/ns-allinone-3.14.1/ns-3.14.1/src/nix-vector-routing/bindings/modulegen__gcc_LP64.py:4418: Warning: exception TypeLookupError(['ns3::Callback< void, ns3::Ptr< ns3::Ipv4Route >, ns3::Ptr< ns3::Packet const >, ns3::Ipv4Header const &, ns3::empty, ns3::empty, ns3::empty, ns3::empty, ns3::empty, ns3::empty >'],) in wrapper public: virtual retval? ???::RouteInput (params?) = 0;
  is_pure_virtual=True, is_virtual=True)
/home/omri/Programs/ns-3/workspace/ns-allinone-3.14.1/ns-3.14.1/src/nix-vector-routing/bindings/modulegen__gcc_LP64.py:4701: Warning: exception TypeLookupError(['ns3::Callback< void, ns3::empty, ns3::empty, ns3::empty, ns3::empty, ns3::empty, ns3::empty, ns3::empty, ns3::empty, ns3::empty >'],) in wrapper public: virtual retval? ???::AddLinkChangeCallback (params?) = 0;
  is_pure_virtual=True, is_virtual=True)
/home/omri/Programs/ns-3/workspace/ns-allinone-3.14.1/ns-3.14.1/src/nix-vector-routing/bindings/modulegen__gcc_LP64.py:4878: Warning: exception TypeLookupError(['ns3::Ptr< ns3::Application >', 'ns3::Application *'],) in wrapper public: retval? ???::AddApplication (params?);
  [param('ns3::Ptr< ns3::Application >', 'application')])
/home/omri/Programs/ns-3/workspace/ns-allinone-3.14.1/ns-3.14.1/src/nix-vector-routing/bindings/modulegen__gcc_LP64.py:4892: Warning: exception TypeLookupError(['ns3::Ptr< ns3::Application >', 'ns3::Application *'],) in wrapper public: retval? ???::GetApplication (params?) const;
  is_const=True)
/home/omri/Programs/ns-3/workspace/ns-allinone-3.14.1/ns-3.14.1/src/nix-vector-routing/bindings/modulegen__gcc_LP64.py:4926: Warning: exception TypeLookupError(['ns3::Callback< void, ns3::Ptr< ns3::NetDevice >, ns3::empty, ns3::empty, ns3::empty, ns3::empty, ns3::empty, ns3::empty, ns3::empty, ns3::empty >'],) in wrapper public: retval? ???::RegisterDeviceAdditionListener (params?);
  [param('ns3::Callback< void, ns3::Ptr< ns3::NetDevice >, ns3::empty, ns3::empty, ns3::empty, ns3::empty, ns3::empty, ns3::empty, ns3::empty, ns3::empty >', 'listener')])
/home/omri/Programs/ns-3/workspace/ns-allinone-3.14.1/ns-3.14.1/src/nix-vector-routing/bindings/modulegen__gcc_LP64.py:4934: Warning: exception TypeLookupError(['ns3::Callback< void, ns3::Ptr< ns3::NetDevice >, ns3::empty, ns3::empty, ns3::empty, ns3::empty, ns3::empty, ns3::empty, ns3::empty, ns3::empty >'],) in wrapper public: retval? ???::UnregisterDeviceAdditionListener (params?);
  [param('ns3::Callback< void, ns3::Ptr< ns3::NetDevice >, ns3::empty, ns3::empty, ns3::empty, ns3::empty, ns3::empty, ns3::empty, ns3::empty, ns3::empty >', 'listener')])
/home/omri/Programs/ns-3/workspace/ns-allinone-3.14.1/ns-3.14.1/src/nix-vector-routing/bindings/modulegen__gcc_LP64.py:4997: Warning: exception TypeLookupError(['std::ostream *'],) in wrapper <pybindgen.cppmethod.CppConstructor object at 0x7f0f16c42690>
  cls.add_constructor([param('std::ostream *', 'os')])
/home/omri/Programs/ns-3/workspace/ns-allinone-3.14.1/ns-3.14.1/src/nix-vector-routing/bindings/modulegen__gcc_LP64.py:5001: Warning: exception TypeLookupError(['std::ostream *'],) in wrapper public: retval? ???::GetStream (params?);
  [])
/home/omri/Programs/ns-3/workspace/ns-allinone-3.14.1/ns-3.14.1/src/nix-vector-routing/bindings/modulegen__gcc_LP64.py:5013: Warning: exception TypeConfigurationError('direction not given',) in wrapper <pybindgen.cppmethod.CppConstructor object at 0x7f0f16c4d490>
  cls.add_constructor([param('uint8_t const *', 'buffer'), param('uint32_t', 'size'), param('bool', 'magic')])
/home/omri/Programs/ns-3/workspace/ns-allinone-3.14.1/ns-3.14.1/src/nix-vector-routing/bindings/modulegen__gcc_LP64.py:5015: Warning: exception TypeConfigurationError('direction not given',) in wrapper <pybindgen.cppmethod.CppConstructor object at 0x7f0f16c4d4d0>
  cls.add_constructor([param('uint8_t const *', 'buffer'), param('uint32_t', 'size')])
/home/omri/Programs/ns-3/workspace/ns-allinone-3.14.1/ns-3.14.1/src/nix-vector-routing/bindings/modulegen__gcc_LP64.py:5056: Warning: exception TypeConfigurationError('direction not given',) in wrapper public: retval? ???::CopyData (params?) const;
  is_const=True)
/home/omri/Programs/ns-3/workspace/ns-allinone-3.14.1/ns-3.14.1/src/nix-vector-routing/bindings/modulegen__gcc_LP64.py:5061: Warning: exception TypeLookupError(['std::ostream *'],) in wrapper public: retval? ???::CopyData (params?) const;
  is_const=True)
/home/omri/Programs/ns-3/workspace/ns-allinone-3.14.1/ns-3.14.1/src/nix-vector-routing/bindings/modulegen__gcc_LP64.py:5116: Warning: exception TypeLookupError(['uint8_t *'],) in wrapper public: retval? ???::PeekData (params?) const;
  deprecated=True, is_const=True)
/home/omri/Programs/ns-3/workspace/ns-allinone-3.14.1/ns-3.14.1/src/nix-vector-routing/bindings/modulegen__gcc_LP64.py:5135: Warning: exception TypeLookupError(['std::ostream &'],) in wrapper public: retval? ???::Print (params?) const;
  is_const=True)
/home/omri/Programs/ns-3/workspace/ns-allinone-3.14.1/ns-3.14.1/src/nix-vector-routing/bindings/modulegen__gcc_LP64.py:5140: Warning: exception TypeLookupError(['std::ostream &'],) in wrapper public: retval? ???::PrintByteTags (params?) const;
  is_const=True)
/home/omri/Programs/ns-3/workspace/ns-allinone-3.14.1/ns-3.14.1/src/nix-vector-routing/bindings/modulegen__gcc_LP64.py:5145: Warning: exception TypeLookupError(['std::ostream &'],) in wrapper public: retval? ???::PrintPacketTags (params?) const;
  is_const=True)
/home/omri/Programs/ns-3/workspace/ns-allinone-3.14.1/ns-3.14.1/src/nix-vector-routing/bindings/modulegen__gcc_LP64.py:5178: Warning: exception TypeConfigurationError('direction not given',) in wrapper public: retval? ???::Serialize (params?) const;
  is_const=True)
/home/omri/Programs/ns-3/workspace/ns-allinone-3.14.1/ns-3.14.1/src/nix-vector-routing/bindings/modulegen__gcc_LP64.py:5340: Warning: exception TypeLookupError(['ns3::Callback< void, ns3::empty, ns3::empty, ns3::empty, ns3::empty, ns3::empty, ns3::empty, ns3::empty, ns3::empty, ns3::empty >'],) in wrapper public: virtual retval? ???::AddLinkChangeCallback (params?);
  is_virtual=True)
/home/omri/Programs/ns-3/workspace/ns-allinone-3.14.1/ns-3.14.1/src/nix-vector-routing/bindings/modulegen__gcc_LP64.py:5555: Warning: exception TypeLookupError(['ns3::Callback< void, ns3::Ptr< ns3::Ipv4Route >, ns3::Ptr< ns3::Packet const >, ns3::Ipv4Header const &, ns3::empty, ns3::empty, ns3::empty, ns3::empty, ns3::empty, ns3::empty >'],) in wrapper private: virtual retval? ???::RouteInput (params?);
  visibility='private', is_virtual=True)
