>>>>>>>>>>>>>>>> [['bool', 'ns3::Ptr<ns3::NetDevice>', 'ns3::Ptr<ns3::Packet const>', 'unsigned short', 'ns3::Address const&', 'ns3::Address const&', 'ns3::NetDevice::PacketType', 'ns3::empty', 'ns3::empty', 'ns3::empty'], ['bool', 'ns3::Ptr<ns3::NetDevice>', 'ns3::Ptr<ns3::Packet const>', 'unsigned short', 'ns3::Address const&', 'ns3::empty', 'ns3::empty', 'ns3::empty', 'ns3::empty', 'ns3::empty'], ['void', 'ns3::Ptr<ns3::Socket>', 'ns3::empty', 'ns3::empty', 'ns3::empty', 'ns3::empty', 'ns3::empty', 'ns3::empty', 'ns3::empty', 'ns3::empty'], ['void', 'ns3::Ptr<ns3::Socket>', 'unsigned int', 'ns3::empty', 'ns3::empty', 'ns3::empty', 'ns3::empty', 'ns3::empty', 'ns3::empty', 'ns3::empty'], ['void', 'ns3::Ptr<ns3::Socket>', 'ns3::Address const&', 'ns3::empty', 'ns3::empty', 'ns3::empty', 'ns3::empty', 'ns3::empty', 'ns3::empty', 'ns3::empty'], ['bool', 'ns3::Ptr<ns3::Socket>', 'ns3::Address const&', 'ns3::empty', 'ns3::empty', 'ns3::empty', 'ns3::empty', 'ns3::empty', 'ns3::empty', 'ns3::empty'], ['void', 'ns3::Ptr<ns3::NetDevice>', 'ns3::Ptr<ns3::Packet const>', 'unsigned short', 'ns3::Address const&', 'ns3::Address const&', 'ns3::NetDevice::PacketType', 'ns3::empty', 'ns3::empty', 'ns3::empty']]
***** registering callback handler: 'ns3::Callback< bool, ns3::Ptr< ns3::NetDevice >, ns3::Ptr< ns3::Packet const >, unsigned short, ns3::Address const &, ns3::Address const &, ns3::NetDevice::PacketType, ns3::empty, ns3::empty, ns3::empty >'
***** registering callback handler: 'ns3::Callback< bool, ns3::Ptr< ns3::NetDevice >, ns3::Ptr< ns3::Packet const >, unsigned short, ns3::Address const &, ns3::empty, ns3::empty, ns3::empty, ns3::empty, ns3::empty >'
***** registering callback handler: 'ns3::Callback< void, ns3::Ptr< ns3::Socket >, ns3::empty, ns3::empty, ns3::empty, ns3::empty, ns3::empty, ns3::empty, ns3::empty, ns3::empty >'
***** registering callback handler: 'ns3::Callback< void, ns3::Ptr< ns3::Socket >, unsigned int, ns3::empty, ns3::empty, ns3::empty, ns3::empty, ns3::empty, ns3::empty, ns3::empty >'
***** registering callback handler: 'ns3::Callback< void, ns3::Ptr< ns3::Socket >, ns3::Address const &, ns3::empty, ns3::empty, ns3::empty, ns3::empty, ns3::empty, ns3::empty, ns3::empty >'
***** registering callback handler: 'ns3::Callback< bool, ns3::Ptr< ns3::Socket >, ns3::Address const &, ns3::empty, ns3::empty, ns3::empty, ns3::empty, ns3::empty, ns3::empty, ns3::empty >'
***** registering callback handler: 'ns3::Callback< void, ns3::Ptr< ns3::NetDevice >, ns3::Ptr< ns3::Packet const >, unsigned short, ns3::Address const &, ns3::Address const &, ns3::NetDevice::PacketType, ns3::empty, ns3::empty, ns3::empty >'
/home/omri/Programs/ns-3/workspace/ns-allinone-3.14.1/ns-3.14.1/src/applications/bindings/modulegen__gcc_LP64.py:721: Warning: exception TypeConfigurationError('direction not given',) in wrapper <pybindgen.cppmethod.CppConstructor object at 0x7fe818d8c6d0>
  cls.add_constructor([param('uint8_t', 'type'), param('uint8_t const *', 'buffer'), param('uint8_t', 'len')])
/home/omri/Programs/ns-3/workspace/ns-allinone-3.14.1/ns-3.14.1/src/applications/bindings/modulegen__gcc_LP64.py:732: Warning: exception TypeConfigurationError('direction not given',) in wrapper public: retval? ???::CopyAllFrom (params?);
  [param('uint8_t const *', 'buffer'), param('uint8_t', 'len')])
/home/omri/Programs/ns-3/workspace/ns-allinone-3.14.1/ns-3.14.1/src/applications/bindings/modulegen__gcc_LP64.py:737: Warning: exception TypeConfigurationError('direction not given',) in wrapper public: retval? ???::CopyAllTo (params?) const;
  is_const=True)
/home/omri/Programs/ns-3/workspace/ns-allinone-3.14.1/ns-3.14.1/src/applications/bindings/modulegen__gcc_LP64.py:741: Warning: exception TypeConfigurationError('direction not given',) in wrapper public: retval? ???::CopyFrom (params?);
  [param('uint8_t const *', 'buffer'), param('uint8_t', 'len')])
/home/omri/Programs/ns-3/workspace/ns-allinone-3.14.1/ns-3.14.1/src/applications/bindings/modulegen__gcc_LP64.py:746: Warning: exception TypeConfigurationError('direction not given',) in wrapper public: retval? ???::CopyTo (params?) const;
  is_const=True)
/home/omri/Programs/ns-3/workspace/ns-allinone-3.14.1/ns-3.14.1/src/applications/bindings/modulegen__gcc_LP64.py:808: Warning: exception TypeLookupError(['__gnu_cxx::__normal_iterator< ns3::Ptr< ns3::Application > const, std::vector< ns3::Ptr< ns3::Application > > >'],) in wrapper public: retval? ???::Begin (params?) const;
  is_const=True)
/home/omri/Programs/ns-3/workspace/ns-allinone-3.14.1/ns-3.14.1/src/applications/bindings/modulegen__gcc_LP64.py:813: Warning: exception TypeLookupError(['__gnu_cxx::__normal_iterator< ns3::Ptr< ns3::Application > const, std::vector< ns3::Ptr< ns3::Application > > >'],) in wrapper public: retval? ???::End (params?) const;
  is_const=True)
/home/omri/Programs/ns-3/workspace/ns-allinone-3.14.1/ns-3.14.1/src/applications/bindings/modulegen__gcc_LP64.py:966: Warning: exception TypeLookupError(['std::_List_const_iterator< ns3::AttributeConstructionList::Item >'],) in wrapper public: retval? ???::Begin (params?) const;
  is_const=True)
/home/omri/Programs/ns-3/workspace/ns-allinone-3.14.1/ns-3.14.1/src/applications/bindings/modulegen__gcc_LP64.py:971: Warning: exception TypeLookupError(['std::_List_const_iterator< ns3::AttributeConstructionList::Item >'],) in wrapper public: retval? ???::End (params?) const;
  is_const=True)
/home/omri/Programs/ns-3/workspace/ns-allinone-3.14.1/ns-3.14.1/src/applications/bindings/modulegen__gcc_LP64.py:1087: Warning: exception TypeLookupError(['std::ostream *'],) in wrapper public: retval? ???::CopyData (params?) const;
  is_const=True)
/home/omri/Programs/ns-3/workspace/ns-allinone-3.14.1/ns-3.14.1/src/applications/bindings/modulegen__gcc_LP64.py:1092: Warning: exception TypeConfigurationError('direction not given',) in wrapper public: retval? ???::CopyData (params?) const;
  is_const=True)
/home/omri/Programs/ns-3/workspace/ns-allinone-3.14.1/ns-3.14.1/src/applications/bindings/modulegen__gcc_LP64.py:1106: Warning: exception TypeConfigurationError('direction not given',) in wrapper public: retval? ???::Deserialize (params?);
  [param('uint8_t const *', 'buffer'), param('uint32_t', 'size')])
/home/omri/Programs/ns-3/workspace/ns-allinone-3.14.1/ns-3.14.1/src/applications/bindings/modulegen__gcc_LP64.py:1136: Warning: exception TypeLookupError(['uint8_t *'],) in wrapper public: retval? ???::PeekData (params?) const;
  is_const=True)
/home/omri/Programs/ns-3/workspace/ns-allinone-3.14.1/ns-3.14.1/src/applications/bindings/modulegen__gcc_LP64.py:1149: Warning: exception TypeConfigurationError('direction not given',) in wrapper public: retval? ???::Serialize (params?) const;
  is_const=True)
/home/omri/Programs/ns-3/workspace/ns-allinone-3.14.1/ns-3.14.1/src/applications/bindings/modulegen__gcc_LP64.py:1204: Warning: exception TypeConfigurationError('direction not given',) in wrapper public: retval? ???::Read (params?);
  [param('uint8_t *', 'buffer'), param('uint32_t', 'size')])
/home/omri/Programs/ns-3/workspace/ns-allinone-3.14.1/ns-3.14.1/src/applications/bindings/modulegen__gcc_LP64.py:1248: Warning: exception TypeConfigurationError('direction not given',) in wrapper public: retval? ???::Write (params?);
  [param('uint8_t const *', 'buffer'), param('uint32_t', 'size')])
/home/omri/Programs/ns-3/workspace/ns-allinone-3.14.1/ns-3.14.1/src/applications/bindings/modulegen__gcc_LP64.py:1466: Warning: exception TypeLookupError(['__gnu_cxx::__normal_iterator< ns3::Ptr< ns3::Channel > const, std::vector< ns3::Ptr< ns3::Channel > > >'],) in wrapper public: retval? ???::Begin (params?);
  is_static=True)
/home/omri/Programs/ns-3/workspace/ns-allinone-3.14.1/ns-3.14.1/src/applications/bindings/modulegen__gcc_LP64.py:1471: Warning: exception TypeLookupError(['__gnu_cxx::__normal_iterator< ns3::Ptr< ns3::Channel > const, std::vector< ns3::Ptr< ns3::Channel > > >'],) in wrapper public: retval? ???::End (params?);
  is_static=True)
/home/omri/Programs/ns-3/workspace/ns-allinone-3.14.1/ns-3.14.1/src/applications/bindings/modulegen__gcc_LP64.py:1557: Warning: exception TypeLookupError(['ns3::Ptr< ns3::EventImpl > &'],) in wrapper <pybindgen.cppmethod.CppConstructor object at 0x7fe818b84050>
  cls.add_constructor([param('ns3::Ptr< ns3::EventImpl > const &', 'impl'), param('uint64_t', 'ts'), param('uint32_t', 'context'), param('uint32_t', 'uid')])
/home/omri/Programs/ns-3/workspace/ns-allinone-3.14.1/ns-3.14.1/src/applications/bindings/modulegen__gcc_LP64.py:1591: Warning: exception TypeConfigurationError('Either caller_owns_return or self.reference_existing_object must be given',) in wrapper public: retval? ???::PeekEventImpl (params?) const;
  is_const=True)
/home/omri/Programs/ns-3/workspace/ns-allinone-3.14.1/ns-3.14.1/src/applications/bindings/modulegen__gcc_LP64.py:1707: Warning: exception TypeConfigurationError('direction not given',) in wrapper public: retval? ???::Deserialize (params?);
  is_static=True)
/home/omri/Programs/ns-3/workspace/ns-allinone-3.14.1/ns-3.14.1/src/applications/bindings/modulegen__gcc_LP64.py:1772: Warning: exception TypeLookupError(['std::ostream &'],) in wrapper public: retval? ???::Print (params?) const;
  is_const=True)
/home/omri/Programs/ns-3/workspace/ns-allinone-3.14.1/ns-3.14.1/src/applications/bindings/modulegen__gcc_LP64.py:1777: Warning: exception TypeConfigurationError('direction not given',) in wrapper public: retval? ???::Serialize (params?) const;
  is_const=True)
/home/omri/Programs/ns-3/workspace/ns-allinone-3.14.1/ns-3.14.1/src/applications/bindings/modulegen__gcc_LP64.py:1844: Warning: exception TypeLookupError(['std::ostream &'],) in wrapper public: retval? ???::Print (params?) const;
  is_const=True)
/home/omri/Programs/ns-3/workspace/ns-allinone-3.14.1/ns-3.14.1/src/applications/bindings/modulegen__gcc_LP64.py:1861: Warning: exception TypeConfigurationError('direction not given',) in wrapper <pybindgen.cppmethod.CppConstructor object at 0x7fe818b247d0>
  cls.add_constructor([param('uint8_t *', 'address')])
/home/omri/Programs/ns-3/workspace/ns-allinone-3.14.1/ns-3.14.1/src/applications/bindings/modulegen__gcc_LP64.py:1879: Warning: exception TypeConfigurationError('direction not given',) in wrapper public: retval? ???::Deserialize (params?);
  is_static=True)
/home/omri/Programs/ns-3/workspace/ns-allinone-3.14.1/ns-3.14.1/src/applications/bindings/modulegen__gcc_LP64.py:1904: Warning: exception TypeConfigurationError('direction not given',) in wrapper public: retval? ???::GetBytes (params?) const;
  is_const=True)
/home/omri/Programs/ns-3/workspace/ns-allinone-3.14.1/ns-3.14.1/src/applications/bindings/modulegen__gcc_LP64.py:2008: Warning: exception TypeLookupError(['std::ostream &'],) in wrapper public: retval? ???::Print (params?) const;
  is_const=True)
/home/omri/Programs/ns-3/workspace/ns-allinone-3.14.1/ns-3.14.1/src/applications/bindings/modulegen__gcc_LP64.py:2013: Warning: exception TypeConfigurationError('direction not given',) in wrapper public: retval? ???::Serialize (params?) const;
  is_const=True)
/home/omri/Programs/ns-3/workspace/ns-allinone-3.14.1/ns-3.14.1/src/applications/bindings/modulegen__gcc_LP64.py:2021: Warning: exception TypeConfigurationError('direction not given',) in wrapper public: retval? ???::Set (params?);
  [param('uint8_t *', 'address')])
/home/omri/Programs/ns-3/workspace/ns-allinone-3.14.1/ns-3.14.1/src/applications/bindings/modulegen__gcc_LP64.py:2031: Warning: exception TypeConfigurationError('direction not given',) in wrapper <pybindgen.cppmethod.CppConstructor object at 0x7fe818aefb10>
  cls.add_constructor([param('uint8_t *', 'prefix')])
/home/omri/Programs/ns-3/workspace/ns-allinone-3.14.1/ns-3.14.1/src/applications/bindings/modulegen__gcc_LP64.py:2044: Warning: exception TypeConfigurationError('direction not given',) in wrapper public: retval? ???::GetBytes (params?) const;
  is_const=True)
/home/omri/Programs/ns-3/workspace/ns-allinone-3.14.1/ns-3.14.1/src/applications/bindings/modulegen__gcc_LP64.py:2079: Warning: exception TypeLookupError(['std::ostream &'],) in wrapper public: retval? ???::Print (params?) const;
  is_const=True)
/home/omri/Programs/ns-3/workspace/ns-allinone-3.14.1/ns-3.14.1/src/applications/bindings/modulegen__gcc_LP64.py:2106: Warning: exception TypeConfigurationError('direction not given',) in wrapper public: retval? ???::CopyFrom (params?);
  [param('uint8_t const *', 'buffer')])
/home/omri/Programs/ns-3/workspace/ns-allinone-3.14.1/ns-3.14.1/src/applications/bindings/modulegen__gcc_LP64.py:2111: Warning: exception TypeConfigurationError('direction not given',) in wrapper public: retval? ???::CopyTo (params?) const;
  is_const=True)
/home/omri/Programs/ns-3/workspace/ns-allinone-3.14.1/ns-3.14.1/src/applications/bindings/modulegen__gcc_LP64.py:2177: Warning: exception TypeConfigurationError('direction not given',) in wrapper public: retval? ???::CopyFrom (params?);
  [param('uint8_t const *', 'buffer')])
/home/omri/Programs/ns-3/workspace/ns-allinone-3.14.1/ns-3.14.1/src/applications/bindings/modulegen__gcc_LP64.py:2182: Warning: exception TypeConfigurationError('direction not given',) in wrapper public: retval? ???::CopyTo (params?) const;
  is_const=True)
/home/omri/Programs/ns-3/workspace/ns-allinone-3.14.1/ns-3.14.1/src/applications/bindings/modulegen__gcc_LP64.py:2217: Warning: exception TypeLookupError(['__gnu_cxx::__normal_iterator< ns3::Ptr< ns3::NetDevice > const, std::vector< ns3::Ptr< ns3::NetDevice > > >'],) in wrapper public: retval? ???::Begin (params?) const;
  is_const=True)
/home/omri/Programs/ns-3/workspace/ns-allinone-3.14.1/ns-3.14.1/src/applications/bindings/modulegen__gcc_LP64.py:2222: Warning: exception TypeLookupError(['__gnu_cxx::__normal_iterator< ns3::Ptr< ns3::NetDevice > const, std::vector< ns3::Ptr< ns3::NetDevice > > >'],) in wrapper public: retval? ???::End (params?) const;
  is_const=True)
/home/omri/Programs/ns-3/workspace/ns-allinone-3.14.1/ns-3.14.1/src/applications/bindings/modulegen__gcc_LP64.py:2268: Warning: exception TypeLookupError(['__gnu_cxx::__normal_iterator< ns3::Ptr< ns3::Node > const, std::vector< ns3::Ptr< ns3::Node > > >'],) in wrapper public: retval? ???::Begin (params?) const;
  is_const=True)
/home/omri/Programs/ns-3/workspace/ns-allinone-3.14.1/ns-3.14.1/src/applications/bindings/modulegen__gcc_LP64.py:2281: Warning: exception TypeLookupError(['__gnu_cxx::__normal_iterator< ns3::Ptr< ns3::Node > const, std::vector< ns3::Ptr< ns3::Node > > >'],) in wrapper public: retval? ???::End (params?) const;
  is_const=True)
/home/omri/Programs/ns-3/workspace/ns-allinone-3.14.1/ns-3.14.1/src/applications/bindings/modulegen__gcc_LP64.py:2313: Warning: exception TypeLookupError(['__gnu_cxx::__normal_iterator< ns3::Ptr< ns3::Node > const, std::vector< ns3::Ptr< ns3::Node > > >'],) in wrapper public: retval? ???::Begin (params?);
  is_static=True)
/home/omri/Programs/ns-3/workspace/ns-allinone-3.14.1/ns-3.14.1/src/applications/bindings/modulegen__gcc_LP64.py:2318: Warning: exception TypeLookupError(['__gnu_cxx::__normal_iterator< ns3::Ptr< ns3::Node > const, std::vector< ns3::Ptr< ns3::Node > > >'],) in wrapper public: retval? ???::End (params?);
  is_static=True)
/home/omri/Programs/ns-3/workspace/ns-allinone-3.14.1/ns-3.14.1/src/applications/bindings/modulegen__gcc_LP64.py:2401: Warning: exception TypeConfigurationError('Missing transfer_ownership option',) in wrapper public: retval? ???::Delete (params?);
  is_static=True)
/home/omri/Programs/ns-3/workspace/ns-allinone-3.14.1/ns-3.14.1/src/applications/bindings/modulegen__gcc_LP64.py:2525: Warning: exception TypeConfigurationError('direction not given',) in wrapper public: retval? ???::Deserialize (params?);
  [param('uint8_t const *', 'buffer'), param('uint32_t', 'size')])
/home/omri/Programs/ns-3/workspace/ns-allinone-3.14.1/ns-3.14.1/src/applications/bindings/modulegen__gcc_LP64.py:2566: Warning: exception TypeConfigurationError('direction not given',) in wrapper public: retval? ???::Serialize (params?) const;
  is_const=True)
bindings/python/ns3modulegen-modular.py:27: UserWarning: exception TypeLookupError(['uint8_t [ 20 ]'],) in wrapper None
  warnings.warn("exception %r in wrapper %s" % (exception, wrapper))
bindings/python/ns3modulegen-modular.py:27: UserWarning: exception TypeConfigurationError('Either caller_owns_return or self.reference_existing_object must be given',) in wrapper None
  warnings.warn("exception %r in wrapper %s" % (exception, wrapper))
/home/omri/Programs/ns-3/workspace/ns-allinone-3.14.1/ns-3.14.1/src/applications/bindings/modulegen__gcc_LP64.py:2794: Warning: exception TypeLookupError(['std::_List_iterator< ns3::Ptr< ns3::PbbAddressTlv > >'],) in wrapper public: retval? ???::Begin (params?);
  [])
/home/omri/Programs/ns-3/workspace/ns-allinone-3.14.1/ns-3.14.1/src/applications/bindings/modulegen__gcc_LP64.py:2799: Warning: exception TypeLookupError(['std::_List_const_iterator< ns3::Ptr< ns3::PbbAddressTlv > >'],) in wrapper public: retval? ???::Begin (params?) const;
  is_const=True)
/home/omri/Programs/ns-3/workspace/ns-allinone-3.14.1/ns-3.14.1/src/applications/bindings/modulegen__gcc_LP64.py:2816: Warning: exception TypeLookupError(['std::_List_iterator< ns3::Ptr< ns3::PbbAddressTlv > >'],) in wrapper public: retval? ???::End (params?);
  [])
/home/omri/Programs/ns-3/workspace/ns-allinone-3.14.1/ns-3.14.1/src/applications/bindings/modulegen__gcc_LP64.py:2821: Warning: exception TypeLookupError(['std::_List_const_iterator< ns3::Ptr< ns3::PbbAddressTlv > >'],) in wrapper public: retval? ???::End (params?) const;
  is_const=True)
/home/omri/Programs/ns-3/workspace/ns-allinone-3.14.1/ns-3.14.1/src/applications/bindings/modulegen__gcc_LP64.py:2825: Warning: exception TypeLookupError(['std::_List_iterator< ns3::Ptr< ns3::PbbAddressTlv > >'],) in wrapper public: retval? ???::Erase (params?);
  [param('std::_List_iterator< ns3::Ptr< ns3::PbbAddressTlv > >', 'position')])
/home/omri/Programs/ns-3/workspace/ns-allinone-3.14.1/ns-3.14.1/src/applications/bindings/modulegen__gcc_LP64.py:2829: Warning: exception TypeLookupError(['std::_List_iterator< ns3::Ptr< ns3::PbbAddressTlv > >'],) in wrapper public: retval? ???::Erase (params?);
  [param('std::_List_iterator< ns3::Ptr< ns3::PbbAddressTlv > >', 'first'), param('std::_List_iterator< ns3::Ptr< ns3::PbbAddressTlv > >', 'last')])
/home/omri/Programs/ns-3/workspace/ns-allinone-3.14.1/ns-3.14.1/src/applications/bindings/modulegen__gcc_LP64.py:2843: Warning: exception TypeLookupError(['std::_List_iterator< ns3::Ptr< ns3::PbbAddressTlv > >'],) in wrapper public: retval? ???::Insert (params?);
  [param('std::_List_iterator< ns3::Ptr< ns3::PbbAddressTlv > >', 'position'), param('ns3::Ptr< ns3::PbbAddressTlv > const', 'tlv')])
/home/omri/Programs/ns-3/workspace/ns-allinone-3.14.1/ns-3.14.1/src/applications/bindings/modulegen__gcc_LP64.py:2856: Warning: exception TypeLookupError(['std::ostream &'],) in wrapper public: retval? ???::Print (params?) const;
  is_const=True)
/home/omri/Programs/ns-3/workspace/ns-allinone-3.14.1/ns-3.14.1/src/applications/bindings/modulegen__gcc_LP64.py:2861: Warning: exception TypeLookupError(['std::ostream &'],) in wrapper public: retval? ???::Print (params?) const;
  is_const=True)
/home/omri/Programs/ns-3/workspace/ns-allinone-3.14.1/ns-3.14.1/src/applications/bindings/modulegen__gcc_LP64.py:2897: Warning: exception TypeLookupError(['std::_List_iterator< ns3::Ptr< ns3::PbbTlv > >'],) in wrapper public: retval? ???::Begin (params?);
  [])
/home/omri/Programs/ns-3/workspace/ns-allinone-3.14.1/ns-3.14.1/src/applications/bindings/modulegen__gcc_LP64.py:2902: Warning: exception TypeLookupError(['std::_List_const_iterator< ns3::Ptr< ns3::PbbTlv > >'],) in wrapper public: retval? ???::Begin (params?) const;
  is_const=True)
/home/omri/Programs/ns-3/workspace/ns-allinone-3.14.1/ns-3.14.1/src/applications/bindings/modulegen__gcc_LP64.py:2919: Warning: exception TypeLookupError(['std::_List_iterator< ns3::Ptr< ns3::PbbTlv > >'],) in wrapper public: retval? ???::End (params?);
  [])
/home/omri/Programs/ns-3/workspace/ns-allinone-3.14.1/ns-3.14.1/src/applications/bindings/modulegen__gcc_LP64.py:2924: Warning: exception TypeLookupError(['std::_List_const_iterator< ns3::Ptr< ns3::PbbTlv > >'],) in wrapper public: retval? ???::End (params?) const;
  is_const=True)
/home/omri/Programs/ns-3/workspace/ns-allinone-3.14.1/ns-3.14.1/src/applications/bindings/modulegen__gcc_LP64.py:2928: Warning: exception TypeLookupError(['std::_List_iterator< ns3::Ptr< ns3::PbbTlv > >'],) in wrapper public: retval? ???::Erase (params?);
  [param('std::_List_iterator< ns3::Ptr< ns3::PbbTlv > >', 'position')])
/home/omri/Programs/ns-3/workspace/ns-allinone-3.14.1/ns-3.14.1/src/applications/bindings/modulegen__gcc_LP64.py:2932: Warning: exception TypeLookupError(['std::_List_iterator< ns3::Ptr< ns3::PbbTlv > >'],) in wrapper public: retval? ???::Erase (params?);
  [param('std::_List_iterator< ns3::Ptr< ns3::PbbTlv > >', 'first'), param('std::_List_iterator< ns3::Ptr< ns3::PbbTlv > >', 'last')])
/home/omri/Programs/ns-3/workspace/ns-allinone-3.14.1/ns-3.14.1/src/applications/bindings/modulegen__gcc_LP64.py:2946: Warning: exception TypeLookupError(['std::_List_iterator< ns3::Ptr< ns3::PbbTlv > >'],) in wrapper public: retval? ???::Insert (params?);
  [param('std::_List_iterator< ns3::Ptr< ns3::PbbTlv > >', 'position'), param('ns3::Ptr< ns3::PbbTlv > const', 'tlv')])
/home/omri/Programs/ns-3/workspace/ns-allinone-3.14.1/ns-3.14.1/src/applications/bindings/modulegen__gcc_LP64.py:2959: Warning: exception TypeLookupError(['std::ostream &'],) in wrapper public: retval? ???::Print (params?) const;
  is_const=True)
/home/omri/Programs/ns-3/workspace/ns-allinone-3.14.1/ns-3.14.1/src/applications/bindings/modulegen__gcc_LP64.py:2964: Warning: exception TypeLookupError(['std::ostream &'],) in wrapper public: retval? ???::Print (params?) const;
  is_const=True)
/home/omri/Programs/ns-3/workspace/ns-allinone-3.14.1/ns-3.14.1/src/applications/bindings/modulegen__gcc_LP64.py:3000: Warning: exception TypeLookupError(['uint32_t &'],) in wrapper public: retval? ???::Diff (params?);
  is_static=True)
/home/omri/Programs/ns-3/workspace/ns-allinone-3.14.1/ns-3.14.1/src/applications/bindings/modulegen__gcc_LP64.py:3054: Warning: exception TypeConfigurationError('direction not given',) in wrapper public: retval? ???::Read (params?);
  [param('uint8_t * const', 'data'), param('uint32_t', 'maxBytes'), param('uint32_t &', 'tsSec'), param('uint32_t &', 'tsUsec'), param('uint32_t &', 'inclLen'), param('uint32_t &', 'origLen'), param('uint32_t &', 'readLen')])
/home/omri/Programs/ns-3/workspace/ns-allinone-3.14.1/ns-3.14.1/src/applications/bindings/modulegen__gcc_LP64.py:3058: Warning: exception TypeConfigurationError('direction not given',) in wrapper public: retval? ???::Write (params?);
  [param('uint32_t', 'tsSec'), param('uint32_t', 'tsUsec'), param('uint8_t const * const', 'data'), param('uint32_t', 'totalLen')])
/home/omri/Programs/ns-3/workspace/ns-allinone-3.14.1/ns-3.14.1/src/applications/bindings/modulegen__gcc_LP64.py:3257: Warning: exception TypeLookupError(['ns3::Ptr< ns3::SimulatorImpl >', 'ns3::SimulatorImpl *'],) in wrapper public: retval? ???::GetImplementation (params?);
  is_static=True)
/home/omri/Programs/ns-3/workspace/ns-allinone-3.14.1/ns-3.14.1/src/applications/bindings/modulegen__gcc_LP64.py:3292: Warning: exception TypeLookupError(['ns3::Ptr< ns3::SimulatorImpl >', 'ns3::SimulatorImpl *'],) in wrapper public: retval? ???::SetImplementation (params?);
  is_static=True)
/home/omri/Programs/ns-3/workspace/ns-allinone-3.14.1/ns-3.14.1/src/applications/bindings/modulegen__gcc_LP64.py:3411: Warning: exception TypeLookupError(['std::ostream &'],) in wrapper public: virtual retval? ???::Print (params?) const = 0;
  is_pure_virtual=True, is_const=True, is_virtual=True)
/home/omri/Programs/ns-3/workspace/ns-allinone-3.14.1/ns-3.14.1/src/applications/bindings/modulegen__gcc_LP64.py:3423: Warning: exception TypeConfigurationError('direction not given',) in wrapper <pybindgen.cppmethod.CppConstructor object at 0x7fe818786750>
  cls.add_constructor([param('uint8_t *', 'start'), param('uint8_t *', 'end')])
/home/omri/Programs/ns-3/workspace/ns-allinone-3.14.1/ns-3.14.1/src/applications/bindings/modulegen__gcc_LP64.py:3431: Warning: exception TypeConfigurationError('direction not given',) in wrapper public: retval? ???::Read (params?);
  [param('uint8_t *', 'buffer'), param('uint32_t', 'size')])
/home/omri/Programs/ns-3/workspace/ns-allinone-3.14.1/ns-3.14.1/src/applications/bindings/modulegen__gcc_LP64.py:3459: Warning: exception TypeConfigurationError('direction not given',) in wrapper public: retval? ???::Write (params?);
  [param('uint8_t const *', 'buffer'), param('uint32_t', 'size')])
/home/omri/Programs/ns-3/workspace/ns-allinone-3.14.1/ns-3.14.1/src/applications/bindings/modulegen__gcc_LP64.py:3533: Warning: exception TypeLookupError(['ns3::Callback< ns3::ObjectBase *, ns3::empty, ns3::empty, ns3::empty, ns3::empty, ns3::empty, ns3::empty, ns3::empty, ns3::empty, ns3::empty >'],) in wrapper public: retval? ???::GetConstructor (params?) const;
  is_const=True)
/home/omri/Programs/ns-3/workspace/ns-allinone-3.14.1/ns-3.14.1/src/applications/bindings/modulegen__gcc_LP64.py:3725: Warning: exception TypeConfigurationError('direction not given',) in wrapper public: retval? ???::SetFill (params?);
  [param('ns3::Ptr< ns3::Application >', 'app'), param('uint8_t *', 'fill'), param('uint32_t', 'fillLength'), param('uint32_t', 'dataLength')])
bindings/python/ns3modulegen-modular.py:27: UserWarning: exception TypeLookupError(['short unsigned int'],) in wrapper None
  warnings.warn("exception %r in wrapper %s" % (exception, wrapper))
/home/omri/Programs/ns-3/workspace/ns-allinone-3.14.1/ns-3.14.1/src/applications/bindings/modulegen__gcc_LP64.py:4008: Warning: exception TypeLookupError(['std::ostream &'],) in wrapper public: virtual retval? ???::Print (params?) const = 0;
  is_pure_virtual=True, is_const=True, is_virtual=True)
/home/omri/Programs/ns-3/workspace/ns-allinone-3.14.1/ns-3.14.1/src/applications/bindings/modulegen__gcc_LP64.py:4113: Warning: exception TypeLookupError(['std::ostream &'],) in wrapper public: virtual retval? ???::Print (params?) const;
  is_const=True, is_virtual=True)
/home/omri/Programs/ns-3/workspace/ns-allinone-3.14.1/ns-3.14.1/src/applications/bindings/modulegen__gcc_LP64.py:4169: Warning: exception TypeLookupError(['std::ostream &'],) in wrapper public: virtual retval? ???::Print (params?) const = 0;
  is_pure_virtual=True, is_const=True, is_virtual=True)
/home/omri/Programs/ns-3/workspace/ns-allinone-3.14.1/ns-3.14.1/src/applications/bindings/modulegen__gcc_LP64.py:4217: Warning: exception TypeLookupError(['std::ostream &'],) in wrapper public: virtual retval? ???::Print (params?) const;
  is_const=True, is_virtual=True)
/home/omri/Programs/ns-3/workspace/ns-allinone-3.14.1/ns-3.14.1/src/applications/bindings/modulegen__gcc_LP64.py:4326: Warning: exception TypeLookupError(['std::_List_const_iterator< ns3::Ptr< ns3::Packet > >'],) in wrapper public: retval? ???::Begin (params?) const;
  is_const=True)
/home/omri/Programs/ns-3/workspace/ns-allinone-3.14.1/ns-3.14.1/src/applications/bindings/modulegen__gcc_LP64.py:4336: Warning: exception TypeLookupError(['std::_List_const_iterator< ns3::Ptr< ns3::Packet > >'],) in wrapper public: retval? ???::End (params?) const;
  is_const=True)
/home/omri/Programs/ns-3/workspace/ns-allinone-3.14.1/ns-3.14.1/src/applications/bindings/modulegen__gcc_LP64.py:4376: Warning: exception TypeLookupError(['std::pair< double, double >'],) in wrapper <pybindgen.cppmethod.CppConstructor object at 0x7fe818576a10>
  cls.add_constructor([param('std::pair< double, double >', 'params')])
/home/omri/Programs/ns-3/workspace/ns-allinone-3.14.1/ns-3.14.1/src/applications/bindings/modulegen__gcc_LP64.py:4378: Warning: exception TypeLookupError(['std::pair< double, double >'],) in wrapper <pybindgen.cppmethod.CppConstructor object at 0x7fe818576a50>
  cls.add_constructor([param('std::pair< double, double >', 'params'), param('double', 'b')])
/home/omri/Programs/ns-3/workspace/ns-allinone-3.14.1/ns-3.14.1/src/applications/bindings/modulegen__gcc_LP64.py:4426: Warning: exception TypeConfigurationError('direction not given',) in wrapper public: retval? ???::Write (params?);
  [param('ns3::Time', 't'), param('uint8_t const *', 'buffer'), param('uint32_t', 'length')])
/home/omri/Programs/ns-3/workspace/ns-allinone-3.14.1/ns-3.14.1/src/applications/bindings/modulegen__gcc_LP64.py:4609: Warning: exception TypeLookupError(['std::ostream &'],) in wrapper public: virtual retval? ???::Print (params?) const;
  is_const=True, is_virtual=True)
/home/omri/Programs/ns-3/workspace/ns-allinone-3.14.1/ns-3.14.1/src/applications/bindings/modulegen__gcc_LP64.py:4748: Warning: exception TypeLookupError(['std::ostream &'],) in wrapper private: virtual retval? ???::Print (params?) const;
  is_const=True, visibility='private', is_virtual=True)
/home/omri/Programs/ns-3/workspace/ns-allinone-3.14.1/ns-3.14.1/src/applications/bindings/modulegen__gcc_LP64.py:5042: Warning: exception TypeConfigurationError('direction not given',) in wrapper public: retval? ???::Recv (params?);
  [param('uint8_t *', 'buf'), param('uint32_t', 'size'), param('uint32_t', 'flags')])
/home/omri/Programs/ns-3/workspace/ns-allinone-3.14.1/ns-3.14.1/src/applications/bindings/modulegen__gcc_LP64.py:5055: Warning: exception TypeConfigurationError('direction not given',) in wrapper public: retval? ???::RecvFrom (params?);
  [param('uint8_t *', 'buf'), param('uint32_t', 'size'), param('uint32_t', 'flags'), param('ns3::Address &', 'fromAddress')])
/home/omri/Programs/ns-3/workspace/ns-allinone-3.14.1/ns-3.14.1/src/applications/bindings/modulegen__gcc_LP64.py:5068: Warning: exception TypeConfigurationError('direction not given',) in wrapper public: retval? ???::Send (params?);
  [param('uint8_t const *', 'buf'), param('uint32_t', 'size'), param('uint32_t', 'flags')])
/home/omri/Programs/ns-3/workspace/ns-allinone-3.14.1/ns-3.14.1/src/applications/bindings/modulegen__gcc_LP64.py:5077: Warning: exception TypeConfigurationError('direction not given',) in wrapper public: retval? ???::SendTo (params?);
  [param('uint8_t const *', 'buf'), param('uint32_t', 'size'), param('uint32_t', 'flags'), param('ns3::Address const &', 'address')])
/home/omri/Programs/ns-3/workspace/ns-allinone-3.14.1/ns-3.14.1/src/applications/bindings/modulegen__gcc_LP64.py:5207: Warning: exception TypeLookupError(['std::ostream &'],) in wrapper public: virtual retval? ???::Print (params?) const;
  is_const=True, is_virtual=True)
/home/omri/Programs/ns-3/workspace/ns-allinone-3.14.1/ns-3.14.1/src/applications/bindings/modulegen__gcc_LP64.py:5270: Warning: exception TypeLookupError(['std::ostream &'],) in wrapper public: virtual retval? ???::Print (params?) const;
  is_const=True, is_virtual=True)
/home/omri/Programs/ns-3/workspace/ns-allinone-3.14.1/ns-3.14.1/src/applications/bindings/modulegen__gcc_LP64.py:5324: Warning: exception TypeLookupError(['std::ostream &'],) in wrapper public: virtual retval? ???::Print (params?) const;
  is_const=True, is_virtual=True)
/home/omri/Programs/ns-3/workspace/ns-allinone-3.14.1/ns-3.14.1/src/applications/bindings/modulegen__gcc_LP64.py:5540: Warning: exception TypeLookupError(['std::ostream &'],) in wrapper public: virtual retval? ???::Print (params?) const = 0;
  is_pure_virtual=True, is_const=True, is_virtual=True)
/home/omri/Programs/ns-3/workspace/ns-allinone-3.14.1/ns-3.14.1/src/applications/bindings/modulegen__gcc_LP64.py:5911: Warning: exception TypeLookupError(['ns3::DataCollector &'],) in wrapper public: virtual retval? ???::Output (params?) = 0;
  is_pure_virtual=True, is_virtual=True)
/home/omri/Programs/ns-3/workspace/ns-allinone-3.14.1/ns-3.14.1/src/applications/bindings/modulegen__gcc_LP64.py:6124: Warning: exception TypeLookupError(['std::ostream &'],) in wrapper public: virtual retval? ???::Print (params?) const;
  is_const=True, is_virtual=True)
/home/omri/Programs/ns-3/workspace/ns-allinone-3.14.1/ns-3.14.1/src/applications/bindings/modulegen__gcc_LP64.py:6199: Warning: exception TypeLookupError(['std::ostream &'],) in wrapper public: virtual retval? ???::Print (params?) const;
  is_const=True, is_virtual=True)
/home/omri/Programs/ns-3/workspace/ns-allinone-3.14.1/ns-3.14.1/src/applications/bindings/modulegen__gcc_LP64.py:6540: Warning: exception TypeLookupError(['ns3::Callback< void, ns3::empty, ns3::empty, ns3::empty, ns3::empty, ns3::empty, ns3::empty, ns3::empty, ns3::empty, ns3::empty >'],) in wrapper public: virtual retval? ???::AddLinkChangeCallback (params?) = 0;
  is_pure_virtual=True, is_virtual=True)
/home/omri/Programs/ns-3/workspace/ns-allinone-3.14.1/ns-3.14.1/src/applications/bindings/modulegen__gcc_LP64.py:6765: Warning: exception TypeLookupError(['ns3::Callback< void, ns3::Ptr< ns3::NetDevice >, ns3::empty, ns3::empty, ns3::empty, ns3::empty, ns3::empty, ns3::empty, ns3::empty, ns3::empty >'],) in wrapper public: retval? ???::RegisterDeviceAdditionListener (params?);
  [param('ns3::Callback< void, ns3::Ptr< ns3::NetDevice >, ns3::empty, ns3::empty, ns3::empty, ns3::empty, ns3::empty, ns3::empty, ns3::empty, ns3::empty >', 'listener')])
/home/omri/Programs/ns-3/workspace/ns-allinone-3.14.1/ns-3.14.1/src/applications/bindings/modulegen__gcc_LP64.py:6773: Warning: exception TypeLookupError(['ns3::Callback< void, ns3::Ptr< ns3::NetDevice >, ns3::empty, ns3::empty, ns3::empty, ns3::empty, ns3::empty, ns3::empty, ns3::empty, ns3::empty >'],) in wrapper public: retval? ???::UnregisterDeviceAdditionListener (params?);
  [param('ns3::Callback< void, ns3::Ptr< ns3::NetDevice >, ns3::empty, ns3::empty, ns3::empty, ns3::empty, ns3::empty, ns3::empty, ns3::empty, ns3::empty >', 'listener')])
/home/omri/Programs/ns-3/workspace/ns-allinone-3.14.1/ns-3.14.1/src/applications/bindings/modulegen__gcc_LP64.py:6872: Warning: exception TypeLookupError(['std::ostream *'],) in wrapper <pybindgen.cppmethod.CppConstructor object at 0x7fe817ed2c10>
  cls.add_constructor([param('std::ostream *', 'os')])
/home/omri/Programs/ns-3/workspace/ns-allinone-3.14.1/ns-3.14.1/src/applications/bindings/modulegen__gcc_LP64.py:6876: Warning: exception TypeLookupError(['std::ostream *'],) in wrapper public: retval? ???::GetStream (params?);
  [])
/home/omri/Programs/ns-3/workspace/ns-allinone-3.14.1/ns-3.14.1/src/applications/bindings/modulegen__gcc_LP64.py:6888: Warning: exception TypeConfigurationError('direction not given',) in wrapper <pybindgen.cppmethod.CppConstructor object at 0x7fe817edb8d0>
  cls.add_constructor([param('uint8_t const *', 'buffer'), param('uint32_t', 'size'), param('bool', 'magic')])
/home/omri/Programs/ns-3/workspace/ns-allinone-3.14.1/ns-3.14.1/src/applications/bindings/modulegen__gcc_LP64.py:6890: Warning: exception TypeConfigurationError('direction not given',) in wrapper <pybindgen.cppmethod.CppConstructor object at 0x7fe817edb910>
  cls.add_constructor([param('uint8_t const *', 'buffer'), param('uint32_t', 'size')])
/home/omri/Programs/ns-3/workspace/ns-allinone-3.14.1/ns-3.14.1/src/applications/bindings/modulegen__gcc_LP64.py:6931: Warning: exception TypeConfigurationError('direction not given',) in wrapper public: retval? ???::CopyData (params?) const;
  is_const=True)
/home/omri/Programs/ns-3/workspace/ns-allinone-3.14.1/ns-3.14.1/src/applications/bindings/modulegen__gcc_LP64.py:6936: Warning: exception TypeLookupError(['std::ostream *'],) in wrapper public: retval? ???::CopyData (params?) const;
  is_const=True)
/home/omri/Programs/ns-3/workspace/ns-allinone-3.14.1/ns-3.14.1/src/applications/bindings/modulegen__gcc_LP64.py:6991: Warning: exception TypeLookupError(['uint8_t *'],) in wrapper public: retval? ???::PeekData (params?) const;
  deprecated=True, is_const=True)
/home/omri/Programs/ns-3/workspace/ns-allinone-3.14.1/ns-3.14.1/src/applications/bindings/modulegen__gcc_LP64.py:7010: Warning: exception TypeLookupError(['std::ostream &'],) in wrapper public: retval? ???::Print (params?) const;
  is_const=True)
/home/omri/Programs/ns-3/workspace/ns-allinone-3.14.1/ns-3.14.1/src/applications/bindings/modulegen__gcc_LP64.py:7015: Warning: exception TypeLookupError(['std::ostream &'],) in wrapper public: retval? ???::PrintByteTags (params?) const;
  is_const=True)
/home/omri/Programs/ns-3/workspace/ns-allinone-3.14.1/ns-3.14.1/src/applications/bindings/modulegen__gcc_LP64.py:7020: Warning: exception TypeLookupError(['std::ostream &'],) in wrapper public: retval? ???::PrintPacketTags (params?) const;
  is_const=True)
/home/omri/Programs/ns-3/workspace/ns-allinone-3.14.1/ns-3.14.1/src/applications/bindings/modulegen__gcc_LP64.py:7053: Warning: exception TypeConfigurationError('direction not given',) in wrapper public: retval? ???::Serialize (params?) const;
  is_const=True)
/home/omri/Programs/ns-3/workspace/ns-allinone-3.14.1/ns-3.14.1/src/applications/bindings/modulegen__gcc_LP64.py:7255: Warning: exception TypeLookupError(['std::_List_iterator< ns3::Address >'],) in wrapper public: retval? ???::AddressBegin (params?);
  [])
/home/omri/Programs/ns-3/workspace/ns-allinone-3.14.1/ns-3.14.1/src/applications/bindings/modulegen__gcc_LP64.py:7260: Warning: exception TypeLookupError(['std::_List_const_iterator< ns3::Address >'],) in wrapper public: retval? ???::AddressBegin (params?) const;
  is_const=True)
/home/omri/Programs/ns-3/workspace/ns-allinone-3.14.1/ns-3.14.1/src/applications/bindings/modulegen__gcc_LP64.py:7273: Warning: exception TypeLookupError(['std::_List_iterator< ns3::Address >'],) in wrapper public: retval? ???::AddressEnd (params?);
  [])
/home/omri/Programs/ns-3/workspace/ns-allinone-3.14.1/ns-3.14.1/src/applications/bindings/modulegen__gcc_LP64.py:7278: Warning: exception TypeLookupError(['std::_List_const_iterator< ns3::Address >'],) in wrapper public: retval? ???::AddressEnd (params?) const;
  is_const=True)
/home/omri/Programs/ns-3/workspace/ns-allinone-3.14.1/ns-3.14.1/src/applications/bindings/modulegen__gcc_LP64.py:7282: Warning: exception TypeLookupError(['std::_List_iterator< ns3::Address >'],) in wrapper public: retval? ???::AddressErase (params?);
  [param('std::_List_iterator< ns3::Address >', 'position')])
/home/omri/Programs/ns-3/workspace/ns-allinone-3.14.1/ns-3.14.1/src/applications/bindings/modulegen__gcc_LP64.py:7286: Warning: exception TypeLookupError(['std::_List_iterator< ns3::Address >'],) in wrapper public: retval? ???::AddressErase (params?);
  [param('std::_List_iterator< ns3::Address >', 'first'), param('std::_List_iterator< ns3::Address >', 'last')])
/home/omri/Programs/ns-3/workspace/ns-allinone-3.14.1/ns-3.14.1/src/applications/bindings/modulegen__gcc_LP64.py:7295: Warning: exception TypeLookupError(['std::_List_iterator< ns3::Address >'],) in wrapper public: retval? ???::AddressInsert (params?);
  [param('std::_List_iterator< ns3::Address >', 'position'), param('ns3::Address const', 'value')])
/home/omri/Programs/ns-3/workspace/ns-allinone-3.14.1/ns-3.14.1/src/applications/bindings/modulegen__gcc_LP64.py:7334: Warning: exception TypeLookupError(['std::_List_iterator< unsigned char >'],) in wrapper public: retval? ???::PrefixBegin (params?);
  [])
/home/omri/Programs/ns-3/workspace/ns-allinone-3.14.1/ns-3.14.1/src/applications/bindings/modulegen__gcc_LP64.py:7339: Warning: exception TypeLookupError(['std::_List_const_iterator< unsigned char >'],) in wrapper public: retval? ???::PrefixBegin (params?) const;
  is_const=True)
/home/omri/Programs/ns-3/workspace/ns-allinone-3.14.1/ns-3.14.1/src/applications/bindings/modulegen__gcc_LP64.py:7352: Warning: exception TypeLookupError(['std::_List_iterator< unsigned char >'],) in wrapper public: retval? ???::PrefixEnd (params?);
  [])
/home/omri/Programs/ns-3/workspace/ns-allinone-3.14.1/ns-3.14.1/src/applications/bindings/modulegen__gcc_LP64.py:7357: Warning: exception TypeLookupError(['std::_List_const_iterator< unsigned char >'],) in wrapper public: retval? ???::PrefixEnd (params?) const;
  is_const=True)
/home/omri/Programs/ns-3/workspace/ns-allinone-3.14.1/ns-3.14.1/src/applications/bindings/modulegen__gcc_LP64.py:7361: Warning: exception TypeLookupError(['std::_List_iterator< unsigned char >'],) in wrapper public: retval? ???::PrefixErase (params?);
  [param('std::_List_iterator< unsigned char >', 'position')])
/home/omri/Programs/ns-3/workspace/ns-allinone-3.14.1/ns-3.14.1/src/applications/bindings/modulegen__gcc_LP64.py:7365: Warning: exception TypeLookupError(['std::_List_iterator< unsigned char >'],) in wrapper public: retval? ???::PrefixErase (params?);
  [param('std::_List_iterator< unsigned char >', 'first'), param('std::_List_iterator< unsigned char >', 'last')])
/home/omri/Programs/ns-3/workspace/ns-allinone-3.14.1/ns-3.14.1/src/applications/bindings/modulegen__gcc_LP64.py:7374: Warning: exception TypeLookupError(['std::_List_iterator< unsigned char >'],) in wrapper public: retval? ???::PrefixInsert (params?);
  [param('std::_List_iterator< unsigned char >', 'position'), param('uint8_t const', 'value')])
/home/omri/Programs/ns-3/workspace/ns-allinone-3.14.1/ns-3.14.1/src/applications/bindings/modulegen__gcc_LP64.py:7400: Warning: exception TypeLookupError(['std::ostream &'],) in wrapper public: retval? ???::Print (params?) const;
  is_const=True)
/home/omri/Programs/ns-3/workspace/ns-allinone-3.14.1/ns-3.14.1/src/applications/bindings/modulegen__gcc_LP64.py:7405: Warning: exception TypeLookupError(['std::ostream &'],) in wrapper public: retval? ???::Print (params?) const;
  is_const=True)
/home/omri/Programs/ns-3/workspace/ns-allinone-3.14.1/ns-3.14.1/src/applications/bindings/modulegen__gcc_LP64.py:7419: Warning: exception TypeLookupError(['ns3::Ptr< ns3::PbbAddressTlv >'],) in wrapper public: retval? ???::TlvBack (params?) const;
  is_const=True)
/home/omri/Programs/ns-3/workspace/ns-allinone-3.14.1/ns-3.14.1/src/applications/bindings/modulegen__gcc_LP64.py:7423: Warning: exception TypeLookupError(['std::_List_iterator< ns3::Ptr< ns3::PbbAddressTlv > >'],) in wrapper public: retval? ???::TlvBegin (params?);
  [])
/home/omri/Programs/ns-3/workspace/ns-allinone-3.14.1/ns-3.14.1/src/applications/bindings/modulegen__gcc_LP64.py:7428: Warning: exception TypeLookupError(['std::_List_const_iterator< ns3::Ptr< ns3::PbbAddressTlv > >'],) in wrapper public: retval? ???::TlvBegin (params?) const;
  is_const=True)
/home/omri/Programs/ns-3/workspace/ns-allinone-3.14.1/ns-3.14.1/src/applications/bindings/modulegen__gcc_LP64.py:7441: Warning: exception TypeLookupError(['std::_List_iterator< ns3::Ptr< ns3::PbbAddressTlv > >'],) in wrapper public: retval? ???::TlvEnd (params?);
  [])
/home/omri/Programs/ns-3/workspace/ns-allinone-3.14.1/ns-3.14.1/src/applications/bindings/modulegen__gcc_LP64.py:7446: Warning: exception TypeLookupError(['std::_List_const_iterator< ns3::Ptr< ns3::PbbAddressTlv > >'],) in wrapper public: retval? ???::TlvEnd (params?) const;
  is_const=True)
/home/omri/Programs/ns-3/workspace/ns-allinone-3.14.1/ns-3.14.1/src/applications/bindings/modulegen__gcc_LP64.py:7450: Warning: exception TypeLookupError(['std::_List_iterator< ns3::Ptr< ns3::PbbAddressTlv > >'],) in wrapper public: retval? ???::TlvErase (params?);
  [param('std::_List_iterator< ns3::Ptr< ns3::PbbAddressTlv > >', 'position')])
/home/omri/Programs/ns-3/workspace/ns-allinone-3.14.1/ns-3.14.1/src/applications/bindings/modulegen__gcc_LP64.py:7454: Warning: exception TypeLookupError(['std::_List_iterator< ns3::Ptr< ns3::PbbAddressTlv > >'],) in wrapper public: retval? ???::TlvErase (params?);
  [param('std::_List_iterator< ns3::Ptr< ns3::PbbAddressTlv > >', 'first'), param('std::_List_iterator< ns3::Ptr< ns3::PbbAddressTlv > >', 'last')])
/home/omri/Programs/ns-3/workspace/ns-allinone-3.14.1/ns-3.14.1/src/applications/bindings/modulegen__gcc_LP64.py:7463: Warning: exception TypeLookupError(['ns3::Ptr< ns3::PbbAddressTlv >'],) in wrapper public: retval? ???::TlvFront (params?) const;
  is_const=True)
/home/omri/Programs/ns-3/workspace/ns-allinone-3.14.1/ns-3.14.1/src/applications/bindings/modulegen__gcc_LP64.py:7467: Warning: exception TypeLookupError(['std::_List_iterator< ns3::Ptr< ns3::PbbAddressTlv > >'],) in wrapper public: retval? ???::TlvInsert (params?);
  [param('std::_List_iterator< ns3::Ptr< ns3::PbbAddressTlv > >', 'position'), param('ns3::Ptr< ns3::PbbTlv > const', 'value')])
/home/omri/Programs/ns-3/workspace/ns-allinone-3.14.1/ns-3.14.1/src/applications/bindings/modulegen__gcc_LP64.py:7493: Warning: exception TypeConfigurationError('direction not given',) in wrapper protected: virtual retval? ???::DeserializeAddress (params?) const = 0;
  is_pure_virtual=True, is_const=True, visibility='protected', is_virtual=True)
/home/omri/Programs/ns-3/workspace/ns-allinone-3.14.1/ns-3.14.1/src/applications/bindings/modulegen__gcc_LP64.py:7503: Warning: exception TypeLookupError(['std::ostream &'],) in wrapper protected: virtual retval? ???::PrintAddress (params?) const = 0;
  is_pure_virtual=True, is_const=True, visibility='protected', is_virtual=True)
/home/omri/Programs/ns-3/workspace/ns-allinone-3.14.1/ns-3.14.1/src/applications/bindings/modulegen__gcc_LP64.py:7508: Warning: exception TypeConfigurationError('direction not given',) in wrapper protected: virtual retval? ???::SerializeAddress (params?) const = 0;
  is_pure_virtual=True, is_const=True, visibility='protected', is_virtual=True)
/home/omri/Programs/ns-3/workspace/ns-allinone-3.14.1/ns-3.14.1/src/applications/bindings/modulegen__gcc_LP64.py:7520: Warning: exception TypeConfigurationError('direction not given',) in wrapper protected: virtual retval? ???::DeserializeAddress (params?) const;
  is_const=True, visibility='protected', is_virtual=True)
/home/omri/Programs/ns-3/workspace/ns-allinone-3.14.1/ns-3.14.1/src/applications/bindings/modulegen__gcc_LP64.py:7530: Warning: exception TypeLookupError(['std::ostream &'],) in wrapper protected: virtual retval? ???::PrintAddress (params?) const;
  is_const=True, visibility='protected', is_virtual=True)
/home/omri/Programs/ns-3/workspace/ns-allinone-3.14.1/ns-3.14.1/src/applications/bindings/modulegen__gcc_LP64.py:7535: Warning: exception TypeConfigurationError('direction not given',) in wrapper protected: virtual retval? ???::SerializeAddress (params?) const;
  is_const=True, visibility='protected', is_virtual=True)
/home/omri/Programs/ns-3/workspace/ns-allinone-3.14.1/ns-3.14.1/src/applications/bindings/modulegen__gcc_LP64.py:7547: Warning: exception TypeConfigurationError('direction not given',) in wrapper protected: virtual retval? ???::DeserializeAddress (params?) const;
  is_const=True, visibility='protected', is_virtual=True)
/home/omri/Programs/ns-3/workspace/ns-allinone-3.14.1/ns-3.14.1/src/applications/bindings/modulegen__gcc_LP64.py:7557: Warning: exception TypeLookupError(['std::ostream &'],) in wrapper protected: virtual retval? ???::PrintAddress (params?) const;
  is_const=True, visibility='protected', is_virtual=True)
/home/omri/Programs/ns-3/workspace/ns-allinone-3.14.1/ns-3.14.1/src/applications/bindings/modulegen__gcc_LP64.py:7562: Warning: exception TypeConfigurationError('direction not given',) in wrapper protected: virtual retval? ???::SerializeAddress (params?) const;
  is_const=True, visibility='protected', is_virtual=True)
/home/omri/Programs/ns-3/workspace/ns-allinone-3.14.1/ns-3.14.1/src/applications/bindings/modulegen__gcc_LP64.py:7580: Warning: exception TypeLookupError(['ns3::Ptr< ns3::PbbAddressBlock >'],) in wrapper public: retval? ???::AddressBlockBack (params?) const;
  is_const=True)
/home/omri/Programs/ns-3/workspace/ns-allinone-3.14.1/ns-3.14.1/src/applications/bindings/modulegen__gcc_LP64.py:7584: Warning: exception TypeLookupError(['std::_List_iterator< ns3::Ptr< ns3::PbbAddressBlock > >'],) in wrapper public: retval? ???::AddressBlockBegin (params?);
  [])
/home/omri/Programs/ns-3/workspace/ns-allinone-3.14.1/ns-3.14.1/src/applications/bindings/modulegen__gcc_LP64.py:7589: Warning: exception TypeLookupError(['std::_List_const_iterator< ns3::Ptr< ns3::PbbAddressBlock > >'],) in wrapper public: retval? ???::AddressBlockBegin (params?) const;
  is_const=True)
/home/omri/Programs/ns-3/workspace/ns-allinone-3.14.1/ns-3.14.1/src/applications/bindings/modulegen__gcc_LP64.py:7602: Warning: exception TypeLookupError(['std::_List_iterator< ns3::Ptr< ns3::PbbAddressBlock > >'],) in wrapper public: retval? ???::AddressBlockEnd (params?);
  [])
/home/omri/Programs/ns-3/workspace/ns-allinone-3.14.1/ns-3.14.1/src/applications/bindings/modulegen__gcc_LP64.py:7607: Warning: exception TypeLookupError(['std::_List_const_iterator< ns3::Ptr< ns3::PbbAddressBlock > >'],) in wrapper public: retval? ???::AddressBlockEnd (params?) const;
  is_const=True)
/home/omri/Programs/ns-3/workspace/ns-allinone-3.14.1/ns-3.14.1/src/applications/bindings/modulegen__gcc_LP64.py:7611: Warning: exception TypeLookupError(['std::_List_iterator< ns3::Ptr< ns3::PbbAddressBlock > >'],) in wrapper public: retval? ???::AddressBlockErase (params?);
  [param('std::_List_iterator< ns3::Ptr< ns3::PbbAddressBlock > >', 'position')])
/home/omri/Programs/ns-3/workspace/ns-allinone-3.14.1/ns-3.14.1/src/applications/bindings/modulegen__gcc_LP64.py:7615: Warning: exception TypeLookupError(['std::_List_iterator< ns3::Ptr< ns3::PbbAddressBlock > >'],) in wrapper public: retval? ???::AddressBlockErase (params?);
  [param('std::_List_iterator< ns3::Ptr< ns3::PbbAddressBlock > >', 'first'), param('std::_List_iterator< ns3::Ptr< ns3::PbbAddressBlock > >', 'last')])
/home/omri/Programs/ns-3/workspace/ns-allinone-3.14.1/ns-3.14.1/src/applications/bindings/modulegen__gcc_LP64.py:7624: Warning: exception TypeLookupError(['ns3::Ptr< ns3::PbbAddressBlock >'],) in wrapper public: retval? ???::AddressBlockFront (params?) const;
  is_const=True)
/home/omri/Programs/ns-3/workspace/ns-allinone-3.14.1/ns-3.14.1/src/applications/bindings/modulegen__gcc_LP64.py:7709: Warning: exception TypeLookupError(['std::ostream &'],) in wrapper public: retval? ???::Print (params?) const;
  is_const=True)
/home/omri/Programs/ns-3/workspace/ns-allinone-3.14.1/ns-3.14.1/src/applications/bindings/modulegen__gcc_LP64.py:7714: Warning: exception TypeLookupError(['std::ostream &'],) in wrapper public: retval? ???::Print (params?) const;
  is_const=True)
/home/omri/Programs/ns-3/workspace/ns-allinone-3.14.1/ns-3.14.1/src/applications/bindings/modulegen__gcc_LP64.py:7748: Warning: exception TypeLookupError(['ns3::Ptr< ns3::PbbTlv >'],) in wrapper public: retval? ???::TlvBack (params?) const;
  is_const=True)
/home/omri/Programs/ns-3/workspace/ns-allinone-3.14.1/ns-3.14.1/src/applications/bindings/modulegen__gcc_LP64.py:7752: Warning: exception TypeLookupError(['std::_List_iterator< ns3::Ptr< ns3::PbbTlv > >'],) in wrapper public: retval? ???::TlvBegin (params?);
  [])
/home/omri/Programs/ns-3/workspace/ns-allinone-3.14.1/ns-3.14.1/src/applications/bindings/modulegen__gcc_LP64.py:7757: Warning: exception TypeLookupError(['std::_List_const_iterator< ns3::Ptr< ns3::PbbTlv > >'],) in wrapper public: retval? ???::TlvBegin (params?) const;
  is_const=True)
/home/omri/Programs/ns-3/workspace/ns-allinone-3.14.1/ns-3.14.1/src/applications/bindings/modulegen__gcc_LP64.py:7770: Warning: exception TypeLookupError(['std::_List_iterator< ns3::Ptr< ns3::PbbTlv > >'],) in wrapper public: retval? ???::TlvEnd (params?);
  [])
/home/omri/Programs/ns-3/workspace/ns-allinone-3.14.1/ns-3.14.1/src/applications/bindings/modulegen__gcc_LP64.py:7775: Warning: exception TypeLookupError(['std::_List_const_iterator< ns3::Ptr< ns3::PbbTlv > >'],) in wrapper public: retval? ???::TlvEnd (params?) const;
  is_const=True)
/home/omri/Programs/ns-3/workspace/ns-allinone-3.14.1/ns-3.14.1/src/applications/bindings/modulegen__gcc_LP64.py:7779: Warning: exception TypeLookupError(['std::_List_iterator< ns3::Ptr< ns3::PbbTlv > >'],) in wrapper public: retval? ???::TlvErase (params?);
  [param('std::_List_iterator< ns3::Ptr< ns3::PbbTlv > >', 'position')])
/home/omri/Programs/ns-3/workspace/ns-allinone-3.14.1/ns-3.14.1/src/applications/bindings/modulegen__gcc_LP64.py:7783: Warning: exception TypeLookupError(['std::_List_iterator< ns3::Ptr< ns3::PbbTlv > >'],) in wrapper public: retval? ???::TlvErase (params?);
  [param('std::_List_iterator< ns3::Ptr< ns3::PbbTlv > >', 'first'), param('std::_List_iterator< ns3::Ptr< ns3::PbbTlv > >', 'last')])
/home/omri/Programs/ns-3/workspace/ns-allinone-3.14.1/ns-3.14.1/src/applications/bindings/modulegen__gcc_LP64.py:7792: Warning: exception TypeLookupError(['ns3::Ptr< ns3::PbbTlv >'],) in wrapper public: retval? ???::TlvFront (params?) const;
  is_const=True)
/home/omri/Programs/ns-3/workspace/ns-allinone-3.14.1/ns-3.14.1/src/applications/bindings/modulegen__gcc_LP64.py:7833: Warning: exception TypeLookupError(['std::ostream &'],) in wrapper protected: virtual retval? ???::PrintOriginatorAddress (params?) const = 0;
  is_pure_virtual=True, is_const=True, visibility='protected', is_virtual=True)
/home/omri/Programs/ns-3/workspace/ns-allinone-3.14.1/ns-3.14.1/src/applications/bindings/modulegen__gcc_LP64.py:7865: Warning: exception TypeLookupError(['std::ostream &'],) in wrapper protected: virtual retval? ???::PrintOriginatorAddress (params?) const;
  is_const=True, visibility='protected', is_virtual=True)
/home/omri/Programs/ns-3/workspace/ns-allinone-3.14.1/ns-3.14.1/src/applications/bindings/modulegen__gcc_LP64.py:7897: Warning: exception TypeLookupError(['std::ostream &'],) in wrapper protected: virtual retval? ???::PrintOriginatorAddress (params?) const;
  is_const=True, visibility='protected', is_virtual=True)
/home/omri/Programs/ns-3/workspace/ns-allinone-3.14.1/ns-3.14.1/src/applications/bindings/modulegen__gcc_LP64.py:7920: Warning: exception TypeLookupError(['std::_List_iterator< ns3::Ptr< ns3::PbbTlv > >'],) in wrapper public: retval? ???::Erase (params?);
  [param('std::_List_iterator< ns3::Ptr< ns3::PbbTlv > >', 'position')])
/home/omri/Programs/ns-3/workspace/ns-allinone-3.14.1/ns-3.14.1/src/applications/bindings/modulegen__gcc_LP64.py:7924: Warning: exception TypeLookupError(['std::_List_iterator< ns3::Ptr< ns3::PbbTlv > >'],) in wrapper public: retval? ???::Erase (params?);
  [param('std::_List_iterator< ns3::Ptr< ns3::PbbTlv > >', 'first'), param('std::_List_iterator< ns3::Ptr< ns3::PbbTlv > >', 'last')])
/home/omri/Programs/ns-3/workspace/ns-allinone-3.14.1/ns-3.14.1/src/applications/bindings/modulegen__gcc_LP64.py:7928: Warning: exception TypeLookupError(['std::_List_iterator< ns3::Ptr< ns3::PbbMessage > >'],) in wrapper public: retval? ???::Erase (params?);
  [param('std::_List_iterator< ns3::Ptr< ns3::PbbMessage > >', 'position')])
/home/omri/Programs/ns-3/workspace/ns-allinone-3.14.1/ns-3.14.1/src/applications/bindings/modulegen__gcc_LP64.py:7932: Warning: exception TypeLookupError(['std::_List_iterator< ns3::Ptr< ns3::PbbMessage > >'],) in wrapper public: retval? ???::Erase (params?);
  [param('std::_List_iterator< ns3::Ptr< ns3::PbbMessage > >', 'first'), param('std::_List_iterator< ns3::Ptr< ns3::PbbMessage > >', 'last')])
/home/omri/Programs/ns-3/workspace/ns-allinone-3.14.1/ns-3.14.1/src/applications/bindings/modulegen__gcc_LP64.py:7971: Warning: exception TypeLookupError(['ns3::Ptr< ns3::PbbMessage >'],) in wrapper public: retval? ???::MessageBack (params?) const;
  is_const=True)
/home/omri/Programs/ns-3/workspace/ns-allinone-3.14.1/ns-3.14.1/src/applications/bindings/modulegen__gcc_LP64.py:7975: Warning: exception TypeLookupError(['std::_List_iterator< ns3::Ptr< ns3::PbbMessage > >'],) in wrapper public: retval? ???::MessageBegin (params?);
  [])
/home/omri/Programs/ns-3/workspace/ns-allinone-3.14.1/ns-3.14.1/src/applications/bindings/modulegen__gcc_LP64.py:7980: Warning: exception TypeLookupError(['std::_List_const_iterator< ns3::Ptr< ns3::PbbMessage > >'],) in wrapper public: retval? ???::MessageBegin (params?) const;
  is_const=True)
/home/omri/Programs/ns-3/workspace/ns-allinone-3.14.1/ns-3.14.1/src/applications/bindings/modulegen__gcc_LP64.py:7993: Warning: exception TypeLookupError(['std::_List_iterator< ns3::Ptr< ns3::PbbMessage > >'],) in wrapper public: retval? ???::MessageEnd (params?);
  [])
/home/omri/Programs/ns-3/workspace/ns-allinone-3.14.1/ns-3.14.1/src/applications/bindings/modulegen__gcc_LP64.py:7998: Warning: exception TypeLookupError(['std::_List_const_iterator< ns3::Ptr< ns3::PbbMessage > >'],) in wrapper public: retval? ???::MessageEnd (params?) const;
  is_const=True)
/home/omri/Programs/ns-3/workspace/ns-allinone-3.14.1/ns-3.14.1/src/applications/bindings/modulegen__gcc_LP64.py:8007: Warning: exception TypeLookupError(['ns3::Ptr< ns3::PbbMessage >'],) in wrapper public: retval? ???::MessageFront (params?) const;
  is_const=True)
/home/omri/Programs/ns-3/workspace/ns-allinone-3.14.1/ns-3.14.1/src/applications/bindings/modulegen__gcc_LP64.py:8033: Warning: exception TypeLookupError(['std::ostream &'],) in wrapper public: virtual retval? ???::Print (params?) const;
  is_const=True, is_virtual=True)
/home/omri/Programs/ns-3/workspace/ns-allinone-3.14.1/ns-3.14.1/src/applications/bindings/modulegen__gcc_LP64.py:8051: Warning: exception TypeLookupError(['ns3::Ptr< ns3::PbbTlv >'],) in wrapper public: retval? ???::TlvBack (params?) const;
  is_const=True)
/home/omri/Programs/ns-3/workspace/ns-allinone-3.14.1/ns-3.14.1/src/applications/bindings/modulegen__gcc_LP64.py:8055: Warning: exception TypeLookupError(['std::_List_iterator< ns3::Ptr< ns3::PbbTlv > >'],) in wrapper public: retval? ???::TlvBegin (params?);
  [])
/home/omri/Programs/ns-3/workspace/ns-allinone-3.14.1/ns-3.14.1/src/applications/bindings/modulegen__gcc_LP64.py:8060: Warning: exception TypeLookupError(['std::_List_const_iterator< ns3::Ptr< ns3::PbbTlv > >'],) in wrapper public: retval? ???::TlvBegin (params?) const;
  is_const=True)
/home/omri/Programs/ns-3/workspace/ns-allinone-3.14.1/ns-3.14.1/src/applications/bindings/modulegen__gcc_LP64.py:8073: Warning: exception TypeLookupError(['std::_List_iterator< ns3::Ptr< ns3::PbbTlv > >'],) in wrapper public: retval? ???::TlvEnd (params?);
  [])
/home/omri/Programs/ns-3/workspace/ns-allinone-3.14.1/ns-3.14.1/src/applications/bindings/modulegen__gcc_LP64.py:8078: Warning: exception TypeLookupError(['std::_List_const_iterator< ns3::Ptr< ns3::PbbTlv > >'],) in wrapper public: retval? ???::TlvEnd (params?) const;
  is_const=True)
/home/omri/Programs/ns-3/workspace/ns-allinone-3.14.1/ns-3.14.1/src/applications/bindings/modulegen__gcc_LP64.py:8087: Warning: exception TypeLookupError(['ns3::Ptr< ns3::PbbTlv >'],) in wrapper public: retval? ???::TlvFront (params?) const;
  is_const=True)
/home/omri/Programs/ns-3/workspace/ns-allinone-3.14.1/ns-3.14.1/src/applications/bindings/modulegen__gcc_LP64.py:8156: Warning: exception TypeLookupError(['std::ostream &'],) in wrapper public: retval? ???::Print (params?) const;
  is_const=True)
/home/omri/Programs/ns-3/workspace/ns-allinone-3.14.1/ns-3.14.1/src/applications/bindings/modulegen__gcc_LP64.py:8161: Warning: exception TypeLookupError(['std::ostream &'],) in wrapper public: retval? ???::Print (params?) const;
  is_const=True)
/home/omri/Programs/ns-3/workspace/ns-allinone-3.14.1/ns-3.14.1/src/applications/bindings/modulegen__gcc_LP64.py:8182: Warning: exception TypeConfigurationError('direction not given',) in wrapper public: retval? ???::SetValue (params?);
  [param('uint8_t const *', 'buffer'), param('uint32_t', 'size')])
/home/omri/Programs/ns-3/workspace/ns-allinone-3.14.1/ns-3.14.1/src/applications/bindings/modulegen__gcc_LP64.py:8734: Warning: exception TypeLookupError(['ns3::Callback< void, ns3::empty, ns3::empty, ns3::empty, ns3::empty, ns3::empty, ns3::empty, ns3::empty, ns3::empty, ns3::empty >'],) in wrapper public: virtual retval? ???::AddLinkChangeCallback (params?);
  is_virtual=True)
/home/omri/Programs/ns-3/workspace/ns-allinone-3.14.1/ns-3.14.1/src/applications/bindings/modulegen__gcc_LP64.py:9023: Warning: exception TypeConfigurationError('direction not given',) in wrapper public: retval? ???::SetFill (params?);
  [param('uint8_t *', 'fill'), param('uint32_t', 'fillSize'), param('uint32_t', 'dataSize')])
/home/omri/Programs/ns-3/workspace/ns-allinone-3.14.1/pybindgen-0.15.0.809/pybindgen/cppclass_typehandlers.py:1134: UserWarning: Returning shared pointers is dangerous!  The C++ API should be redesigned to avoid this situation.
  warnings.warn("Returning shared pointers is dangerous!"
