>>>>>>>>>>>>>>>> [['bool', 'ns3::Ptr<ns3::NetDevice>', 'ns3::Ptr<ns3::Packet const>', 'unsigned short', 'ns3::Address const&', 'ns3::Address const&', 'ns3::NetDevice::PacketType', 'ns3::empty', 'ns3::empty', 'ns3::empty'], ['bool', 'ns3::Ptr<ns3::NetDevice>', 'ns3::Ptr<ns3::Packet const>', 'unsigned short', 'ns3::Address const&', 'ns3::empty', 'ns3::empty', 'ns3::empty', 'ns3::empty', 'ns3::empty'], ['void', 'ns3::Ptr<ns3::NetDevice>', 'ns3::Ptr<ns3::Packet const>', 'unsigned short', 'ns3::Address const&', 'ns3::Address const&', 'ns3::NetDevice::PacketType', 'ns3::empty', 'ns3::empty', 'ns3::empty']]
***** registering callback handler: 'ns3::Callback< bool, ns3::Ptr< ns3::NetDevice >, ns3::Ptr< ns3::Packet const >, unsigned short, ns3::Address const &, ns3::Address const &, ns3::NetDevice::PacketType, ns3::empty, ns3::empty, ns3::empty >'
***** registering callback handler: 'ns3::Callback< bool, ns3::Ptr< ns3::NetDevice >, ns3::Ptr< ns3::Packet const >, unsigned short, ns3::Address const &, ns3::empty, ns3::empty, ns3::empty, ns3::empty, ns3::empty >'
***** registering callback handler: 'ns3::Callback< void, ns3::Ptr< ns3::NetDevice >, ns3::Ptr< ns3::Packet const >, unsigned short, ns3::Address const &, ns3::Address const &, ns3::NetDevice::PacketType, ns3::empty, ns3::empty, ns3::empty >'
/home/omri/Programs/ns-3/workspace/ns-allinone-3.14.1/ns-3.14.1/src/csma/bindings/modulegen__gcc_LP64.py:429: Warning: exception TypeConfigurationError('direction not given',) in wrapper <pybindgen.cppmethod.CppConstructor object at 0x7fbe627b0e10>
  cls.add_constructor([param('uint8_t', 'type'), param('uint8_t const *', 'buffer'), param('uint8_t', 'len')])
/home/omri/Programs/ns-3/workspace/ns-allinone-3.14.1/ns-3.14.1/src/csma/bindings/modulegen__gcc_LP64.py:440: Warning: exception TypeConfigurationError('direction not given',) in wrapper public: retval? ???::CopyAllFrom (params?);
  [param('uint8_t const *', 'buffer'), param('uint8_t', 'len')])
/home/omri/Programs/ns-3/workspace/ns-allinone-3.14.1/ns-3.14.1/src/csma/bindings/modulegen__gcc_LP64.py:445: Warning: exception TypeConfigurationError('direction not given',) in wrapper public: retval? ???::CopyAllTo (params?) const;
  is_const=True)
/home/omri/Programs/ns-3/workspace/ns-allinone-3.14.1/ns-3.14.1/src/csma/bindings/modulegen__gcc_LP64.py:449: Warning: exception TypeConfigurationError('direction not given',) in wrapper public: retval? ???::CopyFrom (params?);
  [param('uint8_t const *', 'buffer'), param('uint8_t', 'len')])
/home/omri/Programs/ns-3/workspace/ns-allinone-3.14.1/ns-3.14.1/src/csma/bindings/modulegen__gcc_LP64.py:454: Warning: exception TypeConfigurationError('direction not given',) in wrapper public: retval? ???::CopyTo (params?) const;
  is_const=True)
/home/omri/Programs/ns-3/workspace/ns-allinone-3.14.1/ns-3.14.1/src/csma/bindings/modulegen__gcc_LP64.py:623: Warning: exception TypeLookupError(['std::_List_const_iterator< ns3::AttributeConstructionList::Item >'],) in wrapper public: retval? ???::Begin (params?) const;
  is_const=True)
/home/omri/Programs/ns-3/workspace/ns-allinone-3.14.1/ns-3.14.1/src/csma/bindings/modulegen__gcc_LP64.py:628: Warning: exception TypeLookupError(['std::_List_const_iterator< ns3::AttributeConstructionList::Item >'],) in wrapper public: retval? ???::End (params?) const;
  is_const=True)
/home/omri/Programs/ns-3/workspace/ns-allinone-3.14.1/ns-3.14.1/src/csma/bindings/modulegen__gcc_LP64.py:714: Warning: exception TypeLookupError(['std::ostream *'],) in wrapper public: retval? ???::CopyData (params?) const;
  is_const=True)
/home/omri/Programs/ns-3/workspace/ns-allinone-3.14.1/ns-3.14.1/src/csma/bindings/modulegen__gcc_LP64.py:719: Warning: exception TypeConfigurationError('direction not given',) in wrapper public: retval? ???::CopyData (params?) const;
  is_const=True)
/home/omri/Programs/ns-3/workspace/ns-allinone-3.14.1/ns-3.14.1/src/csma/bindings/modulegen__gcc_LP64.py:733: Warning: exception TypeConfigurationError('direction not given',) in wrapper public: retval? ???::Deserialize (params?);
  [param('uint8_t const *', 'buffer'), param('uint32_t', 'size')])
/home/omri/Programs/ns-3/workspace/ns-allinone-3.14.1/ns-3.14.1/src/csma/bindings/modulegen__gcc_LP64.py:763: Warning: exception TypeLookupError(['uint8_t *'],) in wrapper public: retval? ???::PeekData (params?) const;
  is_const=True)
/home/omri/Programs/ns-3/workspace/ns-allinone-3.14.1/ns-3.14.1/src/csma/bindings/modulegen__gcc_LP64.py:776: Warning: exception TypeConfigurationError('direction not given',) in wrapper public: retval? ???::Serialize (params?) const;
  is_const=True)
/home/omri/Programs/ns-3/workspace/ns-allinone-3.14.1/ns-3.14.1/src/csma/bindings/modulegen__gcc_LP64.py:831: Warning: exception TypeConfigurationError('direction not given',) in wrapper public: retval? ???::Read (params?);
  [param('uint8_t *', 'buffer'), param('uint32_t', 'size')])
/home/omri/Programs/ns-3/workspace/ns-allinone-3.14.1/ns-3.14.1/src/csma/bindings/modulegen__gcc_LP64.py:875: Warning: exception TypeConfigurationError('direction not given',) in wrapper public: retval? ???::Write (params?);
  [param('uint8_t const *', 'buffer'), param('uint32_t', 'size')])
/home/omri/Programs/ns-3/workspace/ns-allinone-3.14.1/ns-3.14.1/src/csma/bindings/modulegen__gcc_LP64.py:1106: Warning: exception TypeLookupError(['ns3::Ptr< ns3::EventImpl > &'],) in wrapper <pybindgen.cppmethod.CppConstructor object at 0x7fbe625ec890>
  cls.add_constructor([param('ns3::Ptr< ns3::EventImpl > const &', 'impl'), param('uint64_t', 'ts'), param('uint32_t', 'context'), param('uint32_t', 'uid')])
/home/omri/Programs/ns-3/workspace/ns-allinone-3.14.1/ns-3.14.1/src/csma/bindings/modulegen__gcc_LP64.py:1140: Warning: exception TypeConfigurationError('Either caller_owns_return or self.reference_existing_object must be given',) in wrapper public: retval? ???::PeekEventImpl (params?) const;
  is_const=True)
/home/omri/Programs/ns-3/workspace/ns-allinone-3.14.1/ns-3.14.1/src/csma/bindings/modulegen__gcc_LP64.py:1170: Warning: exception TypeConfigurationError('direction not given',) in wrapper public: retval? ???::Deserialize (params?);
  is_static=True)
/home/omri/Programs/ns-3/workspace/ns-allinone-3.14.1/ns-3.14.1/src/csma/bindings/modulegen__gcc_LP64.py:1235: Warning: exception TypeLookupError(['std::ostream &'],) in wrapper public: retval? ???::Print (params?) const;
  is_const=True)
/home/omri/Programs/ns-3/workspace/ns-allinone-3.14.1/ns-3.14.1/src/csma/bindings/modulegen__gcc_LP64.py:1240: Warning: exception TypeConfigurationError('direction not given',) in wrapper public: retval? ???::Serialize (params?) const;
  is_const=True)
/home/omri/Programs/ns-3/workspace/ns-allinone-3.14.1/ns-3.14.1/src/csma/bindings/modulegen__gcc_LP64.py:1307: Warning: exception TypeLookupError(['std::ostream &'],) in wrapper public: retval? ???::Print (params?) const;
  is_const=True)
/home/omri/Programs/ns-3/workspace/ns-allinone-3.14.1/ns-3.14.1/src/csma/bindings/modulegen__gcc_LP64.py:1324: Warning: exception TypeConfigurationError('direction not given',) in wrapper <pybindgen.cppmethod.CppConstructor object at 0x7fbe625d1950>
  cls.add_constructor([param('uint8_t *', 'address')])
/home/omri/Programs/ns-3/workspace/ns-allinone-3.14.1/ns-3.14.1/src/csma/bindings/modulegen__gcc_LP64.py:1342: Warning: exception TypeConfigurationError('direction not given',) in wrapper public: retval? ???::Deserialize (params?);
  is_static=True)
/home/omri/Programs/ns-3/workspace/ns-allinone-3.14.1/ns-3.14.1/src/csma/bindings/modulegen__gcc_LP64.py:1367: Warning: exception TypeConfigurationError('direction not given',) in wrapper public: retval? ???::GetBytes (params?) const;
  is_const=True)
/home/omri/Programs/ns-3/workspace/ns-allinone-3.14.1/ns-3.14.1/src/csma/bindings/modulegen__gcc_LP64.py:1471: Warning: exception TypeLookupError(['std::ostream &'],) in wrapper public: retval? ???::Print (params?) const;
  is_const=True)
/home/omri/Programs/ns-3/workspace/ns-allinone-3.14.1/ns-3.14.1/src/csma/bindings/modulegen__gcc_LP64.py:1476: Warning: exception TypeConfigurationError('direction not given',) in wrapper public: retval? ???::Serialize (params?) const;
  is_const=True)
/home/omri/Programs/ns-3/workspace/ns-allinone-3.14.1/ns-3.14.1/src/csma/bindings/modulegen__gcc_LP64.py:1484: Warning: exception TypeConfigurationError('direction not given',) in wrapper public: retval? ???::Set (params?);
  [param('uint8_t *', 'address')])
/home/omri/Programs/ns-3/workspace/ns-allinone-3.14.1/ns-3.14.1/src/csma/bindings/modulegen__gcc_LP64.py:1494: Warning: exception TypeConfigurationError('direction not given',) in wrapper <pybindgen.cppmethod.CppConstructor object at 0x7fbe6251be90>
  cls.add_constructor([param('uint8_t *', 'prefix')])
/home/omri/Programs/ns-3/workspace/ns-allinone-3.14.1/ns-3.14.1/src/csma/bindings/modulegen__gcc_LP64.py:1507: Warning: exception TypeConfigurationError('direction not given',) in wrapper public: retval? ???::GetBytes (params?) const;
  is_const=True)
/home/omri/Programs/ns-3/workspace/ns-allinone-3.14.1/ns-3.14.1/src/csma/bindings/modulegen__gcc_LP64.py:1542: Warning: exception TypeLookupError(['std::ostream &'],) in wrapper public: retval? ???::Print (params?) const;
  is_const=True)
/home/omri/Programs/ns-3/workspace/ns-allinone-3.14.1/ns-3.14.1/src/csma/bindings/modulegen__gcc_LP64.py:1569: Warning: exception TypeConfigurationError('direction not given',) in wrapper public: retval? ???::CopyFrom (params?);
  [param('uint8_t const *', 'buffer')])
/home/omri/Programs/ns-3/workspace/ns-allinone-3.14.1/ns-3.14.1/src/csma/bindings/modulegen__gcc_LP64.py:1574: Warning: exception TypeConfigurationError('direction not given',) in wrapper public: retval? ???::CopyTo (params?) const;
  is_const=True)
/home/omri/Programs/ns-3/workspace/ns-allinone-3.14.1/ns-3.14.1/src/csma/bindings/modulegen__gcc_LP64.py:1644: Warning: exception TypeLookupError(['__gnu_cxx::__normal_iterator< ns3::Ptr< ns3::NetDevice > const, std::vector< ns3::Ptr< ns3::NetDevice > > >'],) in wrapper public: retval? ???::Begin (params?) const;
  is_const=True)
/home/omri/Programs/ns-3/workspace/ns-allinone-3.14.1/ns-3.14.1/src/csma/bindings/modulegen__gcc_LP64.py:1649: Warning: exception TypeLookupError(['__gnu_cxx::__normal_iterator< ns3::Ptr< ns3::NetDevice > const, std::vector< ns3::Ptr< ns3::NetDevice > > >'],) in wrapper public: retval? ???::End (params?) const;
  is_const=True)
/home/omri/Programs/ns-3/workspace/ns-allinone-3.14.1/ns-3.14.1/src/csma/bindings/modulegen__gcc_LP64.py:1695: Warning: exception TypeLookupError(['__gnu_cxx::__normal_iterator< ns3::Ptr< ns3::Node > const, std::vector< ns3::Ptr< ns3::Node > > >'],) in wrapper public: retval? ???::Begin (params?) const;
  is_const=True)
/home/omri/Programs/ns-3/workspace/ns-allinone-3.14.1/ns-3.14.1/src/csma/bindings/modulegen__gcc_LP64.py:1708: Warning: exception TypeLookupError(['__gnu_cxx::__normal_iterator< ns3::Ptr< ns3::Node > const, std::vector< ns3::Ptr< ns3::Node > > >'],) in wrapper public: retval? ???::End (params?) const;
  is_const=True)
/home/omri/Programs/ns-3/workspace/ns-allinone-3.14.1/ns-3.14.1/src/csma/bindings/modulegen__gcc_LP64.py:1796: Warning: exception TypeConfigurationError('Missing transfer_ownership option',) in wrapper public: retval? ???::Delete (params?);
  is_static=True)
/home/omri/Programs/ns-3/workspace/ns-allinone-3.14.1/ns-3.14.1/src/csma/bindings/modulegen__gcc_LP64.py:1869: Warning: exception TypeConfigurationError('direction not given',) in wrapper public: retval? ???::Deserialize (params?);
  [param('uint8_t const *', 'buffer'), param('uint32_t', 'size')])
/home/omri/Programs/ns-3/workspace/ns-allinone-3.14.1/ns-3.14.1/src/csma/bindings/modulegen__gcc_LP64.py:1910: Warning: exception TypeConfigurationError('direction not given',) in wrapper public: retval? ???::Serialize (params?) const;
  is_const=True)
bindings/python/ns3modulegen-modular.py:27: UserWarning: exception TypeLookupError(['uint8_t [ 20 ]'],) in wrapper None
  warnings.warn("exception %r in wrapper %s" % (exception, wrapper))
bindings/python/ns3modulegen-modular.py:27: UserWarning: exception TypeConfigurationError('Either caller_owns_return or self.reference_existing_object must be given',) in wrapper None
  warnings.warn("exception %r in wrapper %s" % (exception, wrapper))
/home/omri/Programs/ns-3/workspace/ns-allinone-3.14.1/ns-3.14.1/src/csma/bindings/modulegen__gcc_LP64.py:2037: Warning: exception TypeLookupError(['uint32_t &'],) in wrapper public: retval? ???::Diff (params?);
  is_static=True)
/home/omri/Programs/ns-3/workspace/ns-allinone-3.14.1/ns-3.14.1/src/csma/bindings/modulegen__gcc_LP64.py:2091: Warning: exception TypeConfigurationError('direction not given',) in wrapper public: retval? ???::Read (params?);
  [param('uint8_t * const', 'data'), param('uint32_t', 'maxBytes'), param('uint32_t &', 'tsSec'), param('uint32_t &', 'tsUsec'), param('uint32_t &', 'inclLen'), param('uint32_t &', 'origLen'), param('uint32_t &', 'readLen')])
/home/omri/Programs/ns-3/workspace/ns-allinone-3.14.1/ns-3.14.1/src/csma/bindings/modulegen__gcc_LP64.py:2095: Warning: exception TypeConfigurationError('direction not given',) in wrapper public: retval? ???::Write (params?);
  [param('uint32_t', 'tsSec'), param('uint32_t', 'tsUsec'), param('uint8_t const * const', 'data'), param('uint32_t', 'totalLen')])
/home/omri/Programs/ns-3/workspace/ns-allinone-3.14.1/ns-3.14.1/src/csma/bindings/modulegen__gcc_LP64.py:2263: Warning: exception TypeLookupError(['ns3::Ptr< ns3::SimulatorImpl >', 'ns3::SimulatorImpl *'],) in wrapper public: retval? ???::GetImplementation (params?);
  is_static=True)
/home/omri/Programs/ns-3/workspace/ns-allinone-3.14.1/ns-3.14.1/src/csma/bindings/modulegen__gcc_LP64.py:2298: Warning: exception TypeLookupError(['ns3::Ptr< ns3::SimulatorImpl >', 'ns3::SimulatorImpl *'],) in wrapper public: retval? ???::SetImplementation (params?);
  is_static=True)
/home/omri/Programs/ns-3/workspace/ns-allinone-3.14.1/ns-3.14.1/src/csma/bindings/modulegen__gcc_LP64.py:2340: Warning: exception TypeLookupError(['std::ostream &'],) in wrapper public: virtual retval? ???::Print (params?) const = 0;
  is_pure_virtual=True, is_const=True, is_virtual=True)
/home/omri/Programs/ns-3/workspace/ns-allinone-3.14.1/ns-3.14.1/src/csma/bindings/modulegen__gcc_LP64.py:2352: Warning: exception TypeConfigurationError('direction not given',) in wrapper <pybindgen.cppmethod.CppConstructor object at 0x7fbe62326110>
  cls.add_constructor([param('uint8_t *', 'start'), param('uint8_t *', 'end')])
/home/omri/Programs/ns-3/workspace/ns-allinone-3.14.1/ns-3.14.1/src/csma/bindings/modulegen__gcc_LP64.py:2360: Warning: exception TypeConfigurationError('direction not given',) in wrapper public: retval? ???::Read (params?);
  [param('uint8_t *', 'buffer'), param('uint32_t', 'size')])
/home/omri/Programs/ns-3/workspace/ns-allinone-3.14.1/ns-3.14.1/src/csma/bindings/modulegen__gcc_LP64.py:2388: Warning: exception TypeConfigurationError('direction not given',) in wrapper public: retval? ???::Write (params?);
  [param('uint8_t const *', 'buffer'), param('uint32_t', 'size')])
/home/omri/Programs/ns-3/workspace/ns-allinone-3.14.1/ns-3.14.1/src/csma/bindings/modulegen__gcc_LP64.py:2462: Warning: exception TypeLookupError(['ns3::Callback< ns3::ObjectBase *, ns3::empty, ns3::empty, ns3::empty, ns3::empty, ns3::empty, ns3::empty, ns3::empty, ns3::empty, ns3::empty >'],) in wrapper public: retval? ???::GetConstructor (params?) const;
  is_const=True)
bindings/python/ns3modulegen-modular.py:27: UserWarning: exception TypeLookupError(['short unsigned int'],) in wrapper None
  warnings.warn("exception %r in wrapper %s" % (exception, wrapper))
/home/omri/Programs/ns-3/workspace/ns-allinone-3.14.1/ns-3.14.1/src/csma/bindings/modulegen__gcc_LP64.py:2780: Warning: exception TypeLookupError(['std::ostream &'],) in wrapper public: virtual retval? ???::Print (params?) const = 0;
  is_pure_virtual=True, is_const=True, is_virtual=True)
/home/omri/Programs/ns-3/workspace/ns-allinone-3.14.1/ns-3.14.1/src/csma/bindings/modulegen__gcc_LP64.py:2962: Warning: exception TypeLookupError(['std::ostream &'],) in wrapper public: virtual retval? ???::Print (params?) const = 0;
  is_pure_virtual=True, is_const=True, is_virtual=True)
/home/omri/Programs/ns-3/workspace/ns-allinone-3.14.1/ns-3.14.1/src/csma/bindings/modulegen__gcc_LP64.py:3073: Warning: exception TypeLookupError(['std::pair< double, double >'],) in wrapper <pybindgen.cppmethod.CppConstructor object at 0x7fbe62117dd0>
  cls.add_constructor([param('std::pair< double, double >', 'params')])
/home/omri/Programs/ns-3/workspace/ns-allinone-3.14.1/ns-3.14.1/src/csma/bindings/modulegen__gcc_LP64.py:3075: Warning: exception TypeLookupError(['std::pair< double, double >'],) in wrapper <pybindgen.cppmethod.CppConstructor object at 0x7fbe62117e10>
  cls.add_constructor([param('std::pair< double, double >', 'params'), param('double', 'b')])
/home/omri/Programs/ns-3/workspace/ns-allinone-3.14.1/ns-3.14.1/src/csma/bindings/modulegen__gcc_LP64.py:3123: Warning: exception TypeConfigurationError('direction not given',) in wrapper public: retval? ???::Write (params?);
  [param('ns3::Time', 't'), param('uint8_t const *', 'buffer'), param('uint32_t', 'length')])
/home/omri/Programs/ns-3/workspace/ns-allinone-3.14.1/ns-3.14.1/src/csma/bindings/modulegen__gcc_LP64.py:3470: Warning: exception TypeLookupError(['std::ostream &'],) in wrapper public: virtual retval? ???::Print (params?) const = 0;
  is_pure_virtual=True, is_const=True, is_virtual=True)
/home/omri/Programs/ns-3/workspace/ns-allinone-3.14.1/ns-3.14.1/src/csma/bindings/modulegen__gcc_LP64.py:4023: Warning: exception TypeLookupError(['ns3::Callback< void, ns3::empty, ns3::empty, ns3::empty, ns3::empty, ns3::empty, ns3::empty, ns3::empty, ns3::empty, ns3::empty >'],) in wrapper public: virtual retval? ???::AddLinkChangeCallback (params?) = 0;
  is_pure_virtual=True, is_virtual=True)
/home/omri/Programs/ns-3/workspace/ns-allinone-3.14.1/ns-3.14.1/src/csma/bindings/modulegen__gcc_LP64.py:4200: Warning: exception TypeLookupError(['ns3::Ptr< ns3::Application >', 'ns3::Application *'],) in wrapper public: retval? ???::AddApplication (params?);
  [param('ns3::Ptr< ns3::Application >', 'application')])
/home/omri/Programs/ns-3/workspace/ns-allinone-3.14.1/ns-3.14.1/src/csma/bindings/modulegen__gcc_LP64.py:4214: Warning: exception TypeLookupError(['ns3::Ptr< ns3::Application >', 'ns3::Application *'],) in wrapper public: retval? ???::GetApplication (params?) const;
  is_const=True)
/home/omri/Programs/ns-3/workspace/ns-allinone-3.14.1/ns-3.14.1/src/csma/bindings/modulegen__gcc_LP64.py:4248: Warning: exception TypeLookupError(['ns3::Callback< void, ns3::Ptr< ns3::NetDevice >, ns3::empty, ns3::empty, ns3::empty, ns3::empty, ns3::empty, ns3::empty, ns3::empty, ns3::empty >'],) in wrapper public: retval? ???::RegisterDeviceAdditionListener (params?);
  [param('ns3::Callback< void, ns3::Ptr< ns3::NetDevice >, ns3::empty, ns3::empty, ns3::empty, ns3::empty, ns3::empty, ns3::empty, ns3::empty, ns3::empty >', 'listener')])
/home/omri/Programs/ns-3/workspace/ns-allinone-3.14.1/ns-3.14.1/src/csma/bindings/modulegen__gcc_LP64.py:4256: Warning: exception TypeLookupError(['ns3::Callback< void, ns3::Ptr< ns3::NetDevice >, ns3::empty, ns3::empty, ns3::empty, ns3::empty, ns3::empty, ns3::empty, ns3::empty, ns3::empty >'],) in wrapper public: retval? ???::UnregisterDeviceAdditionListener (params?);
  [param('ns3::Callback< void, ns3::Ptr< ns3::NetDevice >, ns3::empty, ns3::empty, ns3::empty, ns3::empty, ns3::empty, ns3::empty, ns3::empty, ns3::empty >', 'listener')])
/home/omri/Programs/ns-3/workspace/ns-allinone-3.14.1/ns-3.14.1/src/csma/bindings/modulegen__gcc_LP64.py:4319: Warning: exception TypeLookupError(['std::ostream *'],) in wrapper <pybindgen.cppmethod.CppConstructor object at 0x7fbe61e1c0d0>
  cls.add_constructor([param('std::ostream *', 'os')])
/home/omri/Programs/ns-3/workspace/ns-allinone-3.14.1/ns-3.14.1/src/csma/bindings/modulegen__gcc_LP64.py:4323: Warning: exception TypeLookupError(['std::ostream *'],) in wrapper public: retval? ???::GetStream (params?);
  [])
/home/omri/Programs/ns-3/workspace/ns-allinone-3.14.1/ns-3.14.1/src/csma/bindings/modulegen__gcc_LP64.py:4335: Warning: exception TypeConfigurationError('direction not given',) in wrapper <pybindgen.cppmethod.CppConstructor object at 0x7fbe61e1ce90>
  cls.add_constructor([param('uint8_t const *', 'buffer'), param('uint32_t', 'size'), param('bool', 'magic')])
/home/omri/Programs/ns-3/workspace/ns-allinone-3.14.1/ns-3.14.1/src/csma/bindings/modulegen__gcc_LP64.py:4337: Warning: exception TypeConfigurationError('direction not given',) in wrapper <pybindgen.cppmethod.CppConstructor object at 0x7fbe61e1ced0>
  cls.add_constructor([param('uint8_t const *', 'buffer'), param('uint32_t', 'size')])
/home/omri/Programs/ns-3/workspace/ns-allinone-3.14.1/ns-3.14.1/src/csma/bindings/modulegen__gcc_LP64.py:4378: Warning: exception TypeConfigurationError('direction not given',) in wrapper public: retval? ???::CopyData (params?) const;
  is_const=True)
/home/omri/Programs/ns-3/workspace/ns-allinone-3.14.1/ns-3.14.1/src/csma/bindings/modulegen__gcc_LP64.py:4383: Warning: exception TypeLookupError(['std::ostream *'],) in wrapper public: retval? ???::CopyData (params?) const;
  is_const=True)
/home/omri/Programs/ns-3/workspace/ns-allinone-3.14.1/ns-3.14.1/src/csma/bindings/modulegen__gcc_LP64.py:4438: Warning: exception TypeLookupError(['uint8_t *'],) in wrapper public: retval? ???::PeekData (params?) const;
  deprecated=True, is_const=True)
/home/omri/Programs/ns-3/workspace/ns-allinone-3.14.1/ns-3.14.1/src/csma/bindings/modulegen__gcc_LP64.py:4457: Warning: exception TypeLookupError(['std::ostream &'],) in wrapper public: retval? ???::Print (params?) const;
  is_const=True)
/home/omri/Programs/ns-3/workspace/ns-allinone-3.14.1/ns-3.14.1/src/csma/bindings/modulegen__gcc_LP64.py:4462: Warning: exception TypeLookupError(['std::ostream &'],) in wrapper public: retval? ???::PrintByteTags (params?) const;
  is_const=True)
/home/omri/Programs/ns-3/workspace/ns-allinone-3.14.1/ns-3.14.1/src/csma/bindings/modulegen__gcc_LP64.py:4467: Warning: exception TypeLookupError(['std::ostream &'],) in wrapper public: retval? ???::PrintPacketTags (params?) const;
  is_const=True)
/home/omri/Programs/ns-3/workspace/ns-allinone-3.14.1/ns-3.14.1/src/csma/bindings/modulegen__gcc_LP64.py:4500: Warning: exception TypeConfigurationError('direction not given',) in wrapper public: retval? ???::Serialize (params?) const;
  is_const=True)
/home/omri/Programs/ns-3/workspace/ns-allinone-3.14.1/ns-3.14.1/src/csma/bindings/modulegen__gcc_LP64.py:4690: Warning: exception TypeLookupError(['ns3::Ptr< ns3::Queue >', 'ns3::Queue *'],) in wrapper public: retval? ???::SetQueue (params?);
  [param('ns3::Ptr< ns3::Queue >', 'queue')])
/home/omri/Programs/ns-3/workspace/ns-allinone-3.14.1/ns-3.14.1/src/csma/bindings/modulegen__gcc_LP64.py:4695: Warning: exception TypeLookupError(['ns3::Ptr< ns3::Queue >', 'ns3::Queue *'],) in wrapper public: retval? ???::GetQueue (params?) const;
  is_const=True)
/home/omri/Programs/ns-3/workspace/ns-allinone-3.14.1/ns-3.14.1/src/csma/bindings/modulegen__gcc_LP64.py:4699: Warning: exception TypeLookupError(['ns3::Ptr< ns3::ErrorModel >', 'ns3::ErrorModel *'],) in wrapper public: retval? ???::SetReceiveErrorModel (params?);
  [param('ns3::Ptr< ns3::ErrorModel >', 'em')])
/home/omri/Programs/ns-3/workspace/ns-allinone-3.14.1/ns-3.14.1/src/csma/bindings/modulegen__gcc_LP64.py:4772: Warning: exception TypeLookupError(['ns3::Callback< void, ns3::empty, ns3::empty, ns3::empty, ns3::empty, ns3::empty, ns3::empty, ns3::empty, ns3::empty, ns3::empty >'],) in wrapper public: virtual retval? ???::AddLinkChangeCallback (params?);
  is_virtual=True)
/home/omri/Programs/ns-3/workspace/ns-allinone-3.14.1/pybindgen-0.15.0.809/pybindgen/cppclass_typehandlers.py:1134: UserWarning: Returning shared pointers is dangerous!  The C++ API should be redesigned to avoid this situation.
  warnings.warn("Returning shared pointers is dangerous!"
